This file contains any messages produced by compilers while
running configure, to aid debugging if configure makes a mistake.

It was created by json-c configure 0.9, which was
generated by GNU Autoconf 2.69.  Invocation command line was

  $ /home/dima/ROS_Projects/miniardrone_ws/devel/arsdk/out/arsdk-native/build/json/json-c-0.9/configure --prefix=/home/dima/ROS_Projects/miniardrone_ws/devel/arsdk/out/arsdk-native/staging/usr --sysconfdir=/home/dima/ROS_Projects/miniardrone_ws/devel/arsdk/out/arsdk-native/staging/etc ac_cv_prog_YACC= --disable-maintainer-mode --disable-nls --disable-gtk-doc --disable-gtk-doc-html --disable-doxygen-docs --disable-doc --disable-docs --disable-documentation --disable-option-checking --quiet --enable-silent-rules

## --------- ##
## Platform. ##
## --------- ##

hostname = dima-TravelMate-5760ZG
uname -m = x86_64
uname -r = 4.4.0-38-generic
uname -s = Linux
uname -v = #57-Ubuntu SMP Tue Sep 6 15:42:33 UTC 2016

/usr/bin/uname -p = unknown
/bin/uname -X     = unknown

/bin/arch              = unknown
/usr/bin/arch -k       = unknown
/usr/convex/getsysinfo = unknown
/usr/bin/hostinfo      = unknown
/bin/machine           = unknown
/usr/bin/oslevel       = unknown
/bin/universe          = unknown

PATH: /home/dima/ROS_Projects/miniardrone_ws/devel/arsdk/out/arsdk-native/staging-host/bin
PATH: /home/dima/ROS_Projects/miniardrone_ws/devel/arsdk/out/arsdk-native/staging-host/usr/bin
PATH: /opt/ros/kinetic/bin
PATH: /opt/qt57/bin
PATH: /home/dima/bin
PATH: /home/dima/.local/bin
PATH: /usr/local/sbin
PATH: /usr/local/bin
PATH: /usr/sbin
PATH: /usr/bin
PATH: /sbin
PATH: /bin
PATH: /usr/games
PATH: /usr/local/games
PATH: /snap/bin


## ----------- ##
## Core tests. ##
## ----------- ##

configure:2324: checking for a BSD-compatible install
configure:2392: result: /usr/bin/install -p
configure:2403: checking whether build environment is sane
configure:2458: result: yes
configure:2609: checking for a thread-safe mkdir -p
configure:2648: result: /bin/mkdir -p
configure:2655: checking for gawk
configure:2685: result: no
configure:2655: checking for mawk
configure:2671: found /usr/bin/mawk
configure:2682: result: mawk
configure:2693: checking whether make sets $(MAKE)
configure:2715: result: yes
configure:2744: checking whether make supports nested variables
configure:2761: result: yes
configure:2908: checking for style of include used by make
configure:2936: result: GNU
configure:3007: checking for gcc
configure:3034: result:  gcc
configure:3263: checking for C compiler version
configure:3272:  gcc --version >&5
gcc (Ubuntu 5.4.0-6ubuntu1~16.04.2) 5.4.0 20160609
Copyright (C) 2015 Free Software Foundation, Inc.
This is free software; see the source for copying conditions.  There is NO
warranty; not even for MERCHANTABILITY or FITNESS FOR A PARTICULAR PURPOSE.

configure:3283: $? = 0
configure:3272:  gcc -v >&5
Using built-in specs.
COLLECT_GCC=gcc
COLLECT_LTO_WRAPPER=/usr/lib/gcc/x86_64-linux-gnu/5/lto-wrapper
Target: x86_64-linux-gnu
Configured with: ../src/configure -v --with-pkgversion='Ubuntu 5.4.0-6ubuntu1~16.04.2' --with-bugurl=file:///usr/share/doc/gcc-5/README.Bugs --enable-languages=c,ada,c++,java,go,d,fortran,objc,obj-c++ --prefix=/usr --program-suffix=-5 --enable-shared --enable-linker-build-id --libexecdir=/usr/lib --without-included-gettext --enable-threads=posix --libdir=/usr/lib --enable-nls --with-sysroot=/ --enable-clocale=gnu --enable-libstdcxx-debug --enable-libstdcxx-time=yes --with-default-libstdcxx-abi=new --enable-gnu-unique-object --disable-vtable-verify --enable-libmpx --enable-plugin --with-system-zlib --disable-browser-plugin --enable-java-awt=gtk --enable-gtk-cairo --with-java-home=/usr/lib/jvm/java-1.5.0-gcj-5-amd64/jre --enable-java-home --with-jvm-root-dir=/usr/lib/jvm/java-1.5.0-gcj-5-amd64 --with-jvm-jar-dir=/usr/lib/jvm-exports/java-1.5.0-gcj-5-amd64 --with-arch-directory=amd64 --with-ecj-jar=/usr/share/java/eclipse-ecj.jar --enable-objc-gc --enable-multiarch --disable-werror --with-arch-32=i686 --with-abi=m64 --with-multilib-list=m32,m64,mx32 --enable-multilib --with-tune=generic --enable-checking=release --build=x86_64-linux-gnu --host=x86_64-linux-gnu --target=x86_64-linux-gnu
Thread model: posix
gcc version 5.4.0 20160609 (Ubuntu 5.4.0-6ubuntu1~16.04.2) 
configure:3283: $? = 0
configure:3272:  gcc -V >&5
gcc: error: unrecognized command line option '-V'
gcc: fatal error: no input files
compilation terminated.
configure:3283: $? = 1
configure:3272:  gcc -qversion >&5
gcc: error: unrecognized command line option '-qversion'
gcc: fatal error: no input files
compilation terminated.
configure:3283: $? = 1
configure:3303: checking whether the C compiler works
configure:3325:  gcc -isystem/home/dima/ROS_Projects/miniardrone_ws/devel/arsdk/out/arsdk-native/staging/usr/include -isystem/home/dima/ROS_Projects/miniardrone_ws/devel/arsdk/out/arsdk-native/staging/usr/include/x86_64-linux-gnu -std=gnu99 -pipe -g -O2 -fno-short-enums -ffunction-sections -m64 -fPIC -msse -msse2 -mssse3 -DALCHEMY_BUILD  -isystem/home/dima/ROS_Projects/miniardrone_ws/devel/arsdk/out/arsdk-native/staging/usr/include -isystem/home/dima/ROS_Projects/miniardrone_ws/devel/arsdk/out/arsdk-native/staging/usr/include/x86_64-linux-gnu  -m64 -L/home/dima/ROS_Projects/miniardrone_ws/devel/arsdk/out/arsdk-native/staging/lib -L/home/dima/ROS_Projects/miniardrone_ws/devel/arsdk/out/arsdk-native/staging/usr/lib -L/home/dima/ROS_Projects/miniardrone_ws/devel/arsdk/out/arsdk-native/staging/lib/x86_64-linux-gnu -L/home/dima/ROS_Projects/miniardrone_ws/devel/arsdk/out/arsdk-native/staging/usr/lib/x86_64-linux-gnu -L/home/dima/ROS_Projects/miniardrone_ws/devel/arsdk/out/arsdk-native/staging/usr/lib -Wl,-rpath-link=/home/dima/ROS_Projects/miniardrone_ws/devel/arsdk/out/arsdk-native/staging/lib -Wl,-rpath-link=/home/dima/ROS_Projects/miniardrone_ws/devel/arsdk/out/arsdk-native/staging/usr/lib -Wl,-rpath-link=/home/dima/ROS_Projects/miniardrone_ws/devel/arsdk/out/arsdk-native/staging/lib/x86_64-linux-gnu -Wl,-rpath-link=/home/dima/ROS_Projects/miniardrone_ws/devel/arsdk/out/arsdk-native/staging/usr/lib/x86_64-linux-gnu -Wl,-rpath-link=/home/dima/ROS_Projects/miniardrone_ws/devel/arsdk/out/arsdk-native/staging/usr/lib  -pthread -lrt  conftest.c  >&5
configure:3329: $? = 0
configure:3377: result: yes
configure:3380: checking for C compiler default output file name
configure:3382: result: a.out
configure:3388: checking for suffix of executables
configure:3395:  gcc -o conftest -isystem/home/dima/ROS_Projects/miniardrone_ws/devel/arsdk/out/arsdk-native/staging/usr/include -isystem/home/dima/ROS_Projects/miniardrone_ws/devel/arsdk/out/arsdk-native/staging/usr/include/x86_64-linux-gnu -std=gnu99 -pipe -g -O2 -fno-short-enums -ffunction-sections -m64 -fPIC -msse -msse2 -mssse3 -DALCHEMY_BUILD  -isystem/home/dima/ROS_Projects/miniardrone_ws/devel/arsdk/out/arsdk-native/staging/usr/include -isystem/home/dima/ROS_Projects/miniardrone_ws/devel/arsdk/out/arsdk-native/staging/usr/include/x86_64-linux-gnu  -m64 -L/home/dima/ROS_Projects/miniardrone_ws/devel/arsdk/out/arsdk-native/staging/lib -L/home/dima/ROS_Projects/miniardrone_ws/devel/arsdk/out/arsdk-native/staging/usr/lib -L/home/dima/ROS_Projects/miniardrone_ws/devel/arsdk/out/arsdk-native/staging/lib/x86_64-linux-gnu -L/home/dima/ROS_Projects/miniardrone_ws/devel/arsdk/out/arsdk-native/staging/usr/lib/x86_64-linux-gnu -L/home/dima/ROS_Projects/miniardrone_ws/devel/arsdk/out/arsdk-native/staging/usr/lib -Wl,-rpath-link=/home/dima/ROS_Projects/miniardrone_ws/devel/arsdk/out/arsdk-native/staging/lib -Wl,-rpath-link=/home/dima/ROS_Projects/miniardrone_ws/devel/arsdk/out/arsdk-native/staging/usr/lib -Wl,-rpath-link=/home/dima/ROS_Projects/miniardrone_ws/devel/arsdk/out/arsdk-native/staging/lib/x86_64-linux-gnu -Wl,-rpath-link=/home/dima/ROS_Projects/miniardrone_ws/devel/arsdk/out/arsdk-native/staging/usr/lib/x86_64-linux-gnu -Wl,-rpath-link=/home/dima/ROS_Projects/miniardrone_ws/devel/arsdk/out/arsdk-native/staging/usr/lib  -pthread -lrt  conftest.c  >&5
configure:3399: $? = 0
configure:3421: result: 
configure:3443: checking whether we are cross compiling
configure:3451:  gcc -o conftest -isystem/home/dima/ROS_Projects/miniardrone_ws/devel/arsdk/out/arsdk-native/staging/usr/include -isystem/home/dima/ROS_Projects/miniardrone_ws/devel/arsdk/out/arsdk-native/staging/usr/include/x86_64-linux-gnu -std=gnu99 -pipe -g -O2 -fno-short-enums -ffunction-sections -m64 -fPIC -msse -msse2 -mssse3 -DALCHEMY_BUILD  -isystem/home/dima/ROS_Projects/miniardrone_ws/devel/arsdk/out/arsdk-native/staging/usr/include -isystem/home/dima/ROS_Projects/miniardrone_ws/devel/arsdk/out/arsdk-native/staging/usr/include/x86_64-linux-gnu  -m64 -L/home/dima/ROS_Projects/miniardrone_ws/devel/arsdk/out/arsdk-native/staging/lib -L/home/dima/ROS_Projects/miniardrone_ws/devel/arsdk/out/arsdk-native/staging/usr/lib -L/home/dima/ROS_Projects/miniardrone_ws/devel/arsdk/out/arsdk-native/staging/lib/x86_64-linux-gnu -L/home/dima/ROS_Projects/miniardrone_ws/devel/arsdk/out/arsdk-native/staging/usr/lib/x86_64-linux-gnu -L/home/dima/ROS_Projects/miniardrone_ws/devel/arsdk/out/arsdk-native/staging/usr/lib -Wl,-rpath-link=/home/dima/ROS_Projects/miniardrone_ws/devel/arsdk/out/arsdk-native/staging/lib -Wl,-rpath-link=/home/dima/ROS_Projects/miniardrone_ws/devel/arsdk/out/arsdk-native/staging/usr/lib -Wl,-rpath-link=/home/dima/ROS_Projects/miniardrone_ws/devel/arsdk/out/arsdk-native/staging/lib/x86_64-linux-gnu -Wl,-rpath-link=/home/dima/ROS_Projects/miniardrone_ws/devel/arsdk/out/arsdk-native/staging/usr/lib/x86_64-linux-gnu -Wl,-rpath-link=/home/dima/ROS_Projects/miniardrone_ws/devel/arsdk/out/arsdk-native/staging/usr/lib  -pthread -lrt  conftest.c  >&5
configure:3455: $? = 0
configure:3462: ./conftest
configure:3466: $? = 0
configure:3481: result: no
configure:3486: checking for suffix of object files
configure:3508:  gcc -c -isystem/home/dima/ROS_Projects/miniardrone_ws/devel/arsdk/out/arsdk-native/staging/usr/include -isystem/home/dima/ROS_Projects/miniardrone_ws/devel/arsdk/out/arsdk-native/staging/usr/include/x86_64-linux-gnu -std=gnu99 -pipe -g -O2 -fno-short-enums -ffunction-sections -m64 -fPIC -msse -msse2 -mssse3 -DALCHEMY_BUILD  -isystem/home/dima/ROS_Projects/miniardrone_ws/devel/arsdk/out/arsdk-native/staging/usr/include -isystem/home/dima/ROS_Projects/miniardrone_ws/devel/arsdk/out/arsdk-native/staging/usr/include/x86_64-linux-gnu conftest.c >&5
configure:3512: $? = 0
configure:3533: result: o
configure:3537: checking whether we are using the GNU C compiler
configure:3556:  gcc -c -isystem/home/dima/ROS_Projects/miniardrone_ws/devel/arsdk/out/arsdk-native/staging/usr/include -isystem/home/dima/ROS_Projects/miniardrone_ws/devel/arsdk/out/arsdk-native/staging/usr/include/x86_64-linux-gnu -std=gnu99 -pipe -g -O2 -fno-short-enums -ffunction-sections -m64 -fPIC -msse -msse2 -mssse3 -DALCHEMY_BUILD  -isystem/home/dima/ROS_Projects/miniardrone_ws/devel/arsdk/out/arsdk-native/staging/usr/include -isystem/home/dima/ROS_Projects/miniardrone_ws/devel/arsdk/out/arsdk-native/staging/usr/include/x86_64-linux-gnu conftest.c >&5
configure:3556: $? = 0
configure:3565: result: yes
configure:3574: checking whether  gcc accepts -g
configure:3594:  gcc -c -g -isystem/home/dima/ROS_Projects/miniardrone_ws/devel/arsdk/out/arsdk-native/staging/usr/include -isystem/home/dima/ROS_Projects/miniardrone_ws/devel/arsdk/out/arsdk-native/staging/usr/include/x86_64-linux-gnu conftest.c >&5
configure:3594: $? = 0
configure:3635: result: yes
configure:3652: checking for  gcc option to accept ISO C89
configure:3715:  gcc  -c -isystem/home/dima/ROS_Projects/miniardrone_ws/devel/arsdk/out/arsdk-native/staging/usr/include -isystem/home/dima/ROS_Projects/miniardrone_ws/devel/arsdk/out/arsdk-native/staging/usr/include/x86_64-linux-gnu -std=gnu99 -pipe -g -O2 -fno-short-enums -ffunction-sections -m64 -fPIC -msse -msse2 -mssse3 -DALCHEMY_BUILD  -isystem/home/dima/ROS_Projects/miniardrone_ws/devel/arsdk/out/arsdk-native/staging/usr/include -isystem/home/dima/ROS_Projects/miniardrone_ws/devel/arsdk/out/arsdk-native/staging/usr/include/x86_64-linux-gnu conftest.c >&5
configure:3715: $? = 0
configure:3728: result: none needed
configure:3753: checking whether  gcc understands -c and -o together
configure:3775:  gcc -c conftest.c -o conftest2.o
configure:3778: $? = 0
configure:3775:  gcc -c conftest.c -o conftest2.o
configure:3778: $? = 0
configure:3790: result: yes
configure:3809: checking dependency style of  gcc
configure:3920: result: gcc3
configure:3941: checking how to run the C preprocessor
configure:4011: result: cpp
configure:4031: cpp -isystem/home/dima/ROS_Projects/miniardrone_ws/devel/arsdk/out/arsdk-native/staging/usr/include -isystem/home/dima/ROS_Projects/miniardrone_ws/devel/arsdk/out/arsdk-native/staging/usr/include/x86_64-linux-gnu conftest.c
configure:4031: $? = 0
configure:4045: cpp -isystem/home/dima/ROS_Projects/miniardrone_ws/devel/arsdk/out/arsdk-native/staging/usr/include -isystem/home/dima/ROS_Projects/miniardrone_ws/devel/arsdk/out/arsdk-native/staging/usr/include/x86_64-linux-gnu conftest.c
conftest.c:11:28: fatal error: ac_nonexistent.h: No such file or directory
compilation terminated.
configure:4045: $? = 1
configure: failed program was:
| /* confdefs.h */
| #define PACKAGE_NAME "json-c"
| #define PACKAGE_TARNAME "json-c"
| #define PACKAGE_VERSION "0.9"
| #define PACKAGE_STRING "json-c 0.9"
| #define PACKAGE_BUGREPORT "michael@metaparadigm.com"
| #define PACKAGE_URL ""
| #define PACKAGE "json-c"
| #define VERSION "0.9"
| /* end confdefs.h.  */
| #include <ac_nonexistent.h>
configure:4074: checking for grep that handles long lines and -e
configure:4132: result: /bin/grep
configure:4137: checking for egrep
configure:4199: result: /bin/grep -E
configure:4204: checking for ANSI C header files
configure:4224:  gcc -c -isystem/home/dima/ROS_Projects/miniardrone_ws/devel/arsdk/out/arsdk-native/staging/usr/include -isystem/home/dima/ROS_Projects/miniardrone_ws/devel/arsdk/out/arsdk-native/staging/usr/include/x86_64-linux-gnu -std=gnu99 -pipe -g -O2 -fno-short-enums -ffunction-sections -m64 -fPIC -msse -msse2 -mssse3 -DALCHEMY_BUILD  -isystem/home/dima/ROS_Projects/miniardrone_ws/devel/arsdk/out/arsdk-native/staging/usr/include -isystem/home/dima/ROS_Projects/miniardrone_ws/devel/arsdk/out/arsdk-native/staging/usr/include/x86_64-linux-gnu conftest.c >&5
configure:4224: $? = 0
configure:4297:  gcc -o conftest -isystem/home/dima/ROS_Projects/miniardrone_ws/devel/arsdk/out/arsdk-native/staging/usr/include -isystem/home/dima/ROS_Projects/miniardrone_ws/devel/arsdk/out/arsdk-native/staging/usr/include/x86_64-linux-gnu -std=gnu99 -pipe -g -O2 -fno-short-enums -ffunction-sections -m64 -fPIC -msse -msse2 -mssse3 -DALCHEMY_BUILD  -isystem/home/dima/ROS_Projects/miniardrone_ws/devel/arsdk/out/arsdk-native/staging/usr/include -isystem/home/dima/ROS_Projects/miniardrone_ws/devel/arsdk/out/arsdk-native/staging/usr/include/x86_64-linux-gnu  -m64 -L/home/dima/ROS_Projects/miniardrone_ws/devel/arsdk/out/arsdk-native/staging/lib -L/home/dima/ROS_Projects/miniardrone_ws/devel/arsdk/out/arsdk-native/staging/usr/lib -L/home/dima/ROS_Projects/miniardrone_ws/devel/arsdk/out/arsdk-native/staging/lib/x86_64-linux-gnu -L/home/dima/ROS_Projects/miniardrone_ws/devel/arsdk/out/arsdk-native/staging/usr/lib/x86_64-linux-gnu -L/home/dima/ROS_Projects/miniardrone_ws/devel/arsdk/out/arsdk-native/staging/usr/lib -Wl,-rpath-link=/home/dima/ROS_Projects/miniardrone_ws/devel/arsdk/out/arsdk-native/staging/lib -Wl,-rpath-link=/home/dima/ROS_Projects/miniardrone_ws/devel/arsdk/out/arsdk-native/staging/usr/lib -Wl,-rpath-link=/home/dima/ROS_Projects/miniardrone_ws/devel/arsdk/out/arsdk-native/staging/lib/x86_64-linux-gnu -Wl,-rpath-link=/home/dima/ROS_Projects/miniardrone_ws/devel/arsdk/out/arsdk-native/staging/usr/lib/x86_64-linux-gnu -Wl,-rpath-link=/home/dima/ROS_Projects/miniardrone_ws/devel/arsdk/out/arsdk-native/staging/usr/lib  -pthread -lrt  conftest.c  >&5
configure:4297: $? = 0
configure:4297: ./conftest
configure:4297: $? = 0
configure:4308: result: yes
configure:4321: checking for sys/types.h
configure:4321:  gcc -c -isystem/home/dima/ROS_Projects/miniardrone_ws/devel/arsdk/out/arsdk-native/staging/usr/include -isystem/home/dima/ROS_Projects/miniardrone_ws/devel/arsdk/out/arsdk-native/staging/usr/include/x86_64-linux-gnu -std=gnu99 -pipe -g -O2 -fno-short-enums -ffunction-sections -m64 -fPIC -msse -msse2 -mssse3 -DALCHEMY_BUILD  -isystem/home/dima/ROS_Projects/miniardrone_ws/devel/arsdk/out/arsdk-native/staging/usr/include -isystem/home/dima/ROS_Projects/miniardrone_ws/devel/arsdk/out/arsdk-native/staging/usr/include/x86_64-linux-gnu conftest.c >&5
configure:4321: $? = 0
configure:4321: result: yes
configure:4321: checking for sys/stat.h
configure:4321:  gcc -c -isystem/home/dima/ROS_Projects/miniardrone_ws/devel/arsdk/out/arsdk-native/staging/usr/include -isystem/home/dima/ROS_Projects/miniardrone_ws/devel/arsdk/out/arsdk-native/staging/usr/include/x86_64-linux-gnu -std=gnu99 -pipe -g -O2 -fno-short-enums -ffunction-sections -m64 -fPIC -msse -msse2 -mssse3 -DALCHEMY_BUILD  -isystem/home/dima/ROS_Projects/miniardrone_ws/devel/arsdk/out/arsdk-native/staging/usr/include -isystem/home/dima/ROS_Projects/miniardrone_ws/devel/arsdk/out/arsdk-native/staging/usr/include/x86_64-linux-gnu conftest.c >&5
configure:4321: $? = 0
configure:4321: result: yes
configure:4321: checking for stdlib.h
configure:4321:  gcc -c -isystem/home/dima/ROS_Projects/miniardrone_ws/devel/arsdk/out/arsdk-native/staging/usr/include -isystem/home/dima/ROS_Projects/miniardrone_ws/devel/arsdk/out/arsdk-native/staging/usr/include/x86_64-linux-gnu -std=gnu99 -pipe -g -O2 -fno-short-enums -ffunction-sections -m64 -fPIC -msse -msse2 -mssse3 -DALCHEMY_BUILD  -isystem/home/dima/ROS_Projects/miniardrone_ws/devel/arsdk/out/arsdk-native/staging/usr/include -isystem/home/dima/ROS_Projects/miniardrone_ws/devel/arsdk/out/arsdk-native/staging/usr/include/x86_64-linux-gnu conftest.c >&5
configure:4321: $? = 0
configure:4321: result: yes
configure:4321: checking for string.h
configure:4321:  gcc -c -isystem/home/dima/ROS_Projects/miniardrone_ws/devel/arsdk/out/arsdk-native/staging/usr/include -isystem/home/dima/ROS_Projects/miniardrone_ws/devel/arsdk/out/arsdk-native/staging/usr/include/x86_64-linux-gnu -std=gnu99 -pipe -g -O2 -fno-short-enums -ffunction-sections -m64 -fPIC -msse -msse2 -mssse3 -DALCHEMY_BUILD  -isystem/home/dima/ROS_Projects/miniardrone_ws/devel/arsdk/out/arsdk-native/staging/usr/include -isystem/home/dima/ROS_Projects/miniardrone_ws/devel/arsdk/out/arsdk-native/staging/usr/include/x86_64-linux-gnu conftest.c >&5
configure:4321: $? = 0
configure:4321: result: yes
configure:4321: checking for memory.h
configure:4321:  gcc -c -isystem/home/dima/ROS_Projects/miniardrone_ws/devel/arsdk/out/arsdk-native/staging/usr/include -isystem/home/dima/ROS_Projects/miniardrone_ws/devel/arsdk/out/arsdk-native/staging/usr/include/x86_64-linux-gnu -std=gnu99 -pipe -g -O2 -fno-short-enums -ffunction-sections -m64 -fPIC -msse -msse2 -mssse3 -DALCHEMY_BUILD  -isystem/home/dima/ROS_Projects/miniardrone_ws/devel/arsdk/out/arsdk-native/staging/usr/include -isystem/home/dima/ROS_Projects/miniardrone_ws/devel/arsdk/out/arsdk-native/staging/usr/include/x86_64-linux-gnu conftest.c >&5
configure:4321: $? = 0
configure:4321: result: yes
configure:4321: checking for strings.h
configure:4321:  gcc -c -isystem/home/dima/ROS_Projects/miniardrone_ws/devel/arsdk/out/arsdk-native/staging/usr/include -isystem/home/dima/ROS_Projects/miniardrone_ws/devel/arsdk/out/arsdk-native/staging/usr/include/x86_64-linux-gnu -std=gnu99 -pipe -g -O2 -fno-short-enums -ffunction-sections -m64 -fPIC -msse -msse2 -mssse3 -DALCHEMY_BUILD  -isystem/home/dima/ROS_Projects/miniardrone_ws/devel/arsdk/out/arsdk-native/staging/usr/include -isystem/home/dima/ROS_Projects/miniardrone_ws/devel/arsdk/out/arsdk-native/staging/usr/include/x86_64-linux-gnu conftest.c >&5
configure:4321: $? = 0
configure:4321: result: yes
configure:4321: checking for inttypes.h
configure:4321:  gcc -c -isystem/home/dima/ROS_Projects/miniardrone_ws/devel/arsdk/out/arsdk-native/staging/usr/include -isystem/home/dima/ROS_Projects/miniardrone_ws/devel/arsdk/out/arsdk-native/staging/usr/include/x86_64-linux-gnu -std=gnu99 -pipe -g -O2 -fno-short-enums -ffunction-sections -m64 -fPIC -msse -msse2 -mssse3 -DALCHEMY_BUILD  -isystem/home/dima/ROS_Projects/miniardrone_ws/devel/arsdk/out/arsdk-native/staging/usr/include -isystem/home/dima/ROS_Projects/miniardrone_ws/devel/arsdk/out/arsdk-native/staging/usr/include/x86_64-linux-gnu conftest.c >&5
configure:4321: $? = 0
configure:4321: result: yes
configure:4321: checking for stdint.h
configure:4321:  gcc -c -isystem/home/dima/ROS_Projects/miniardrone_ws/devel/arsdk/out/arsdk-native/staging/usr/include -isystem/home/dima/ROS_Projects/miniardrone_ws/devel/arsdk/out/arsdk-native/staging/usr/include/x86_64-linux-gnu -std=gnu99 -pipe -g -O2 -fno-short-enums -ffunction-sections -m64 -fPIC -msse -msse2 -mssse3 -DALCHEMY_BUILD  -isystem/home/dima/ROS_Projects/miniardrone_ws/devel/arsdk/out/arsdk-native/staging/usr/include -isystem/home/dima/ROS_Projects/miniardrone_ws/devel/arsdk/out/arsdk-native/staging/usr/include/x86_64-linux-gnu conftest.c >&5
configure:4321: $? = 0
configure:4321: result: yes
configure:4321: checking for unistd.h
configure:4321:  gcc -c -isystem/home/dima/ROS_Projects/miniardrone_ws/devel/arsdk/out/arsdk-native/staging/usr/include -isystem/home/dima/ROS_Projects/miniardrone_ws/devel/arsdk/out/arsdk-native/staging/usr/include/x86_64-linux-gnu -std=gnu99 -pipe -g -O2 -fno-short-enums -ffunction-sections -m64 -fPIC -msse -msse2 -mssse3 -DALCHEMY_BUILD  -isystem/home/dima/ROS_Projects/miniardrone_ws/devel/arsdk/out/arsdk-native/staging/usr/include -isystem/home/dima/ROS_Projects/miniardrone_ws/devel/arsdk/out/arsdk-native/staging/usr/include/x86_64-linux-gnu conftest.c >&5
configure:4321: $? = 0
configure:4321: result: yes
configure:4336: checking fcntl.h usability
configure:4336:  gcc -c -isystem/home/dima/ROS_Projects/miniardrone_ws/devel/arsdk/out/arsdk-native/staging/usr/include -isystem/home/dima/ROS_Projects/miniardrone_ws/devel/arsdk/out/arsdk-native/staging/usr/include/x86_64-linux-gnu -std=gnu99 -pipe -g -O2 -fno-short-enums -ffunction-sections -m64 -fPIC -msse -msse2 -mssse3 -DALCHEMY_BUILD  -isystem/home/dima/ROS_Projects/miniardrone_ws/devel/arsdk/out/arsdk-native/staging/usr/include -isystem/home/dima/ROS_Projects/miniardrone_ws/devel/arsdk/out/arsdk-native/staging/usr/include/x86_64-linux-gnu conftest.c >&5
configure:4336: $? = 0
configure:4336: result: yes
configure:4336: checking fcntl.h presence
configure:4336: cpp -isystem/home/dima/ROS_Projects/miniardrone_ws/devel/arsdk/out/arsdk-native/staging/usr/include -isystem/home/dima/ROS_Projects/miniardrone_ws/devel/arsdk/out/arsdk-native/staging/usr/include/x86_64-linux-gnu conftest.c
configure:4336: $? = 0
configure:4336: result: yes
configure:4336: checking for fcntl.h
configure:4336: result: yes
configure:4336: checking limits.h usability
configure:4336:  gcc -c -isystem/home/dima/ROS_Projects/miniardrone_ws/devel/arsdk/out/arsdk-native/staging/usr/include -isystem/home/dima/ROS_Projects/miniardrone_ws/devel/arsdk/out/arsdk-native/staging/usr/include/x86_64-linux-gnu -std=gnu99 -pipe -g -O2 -fno-short-enums -ffunction-sections -m64 -fPIC -msse -msse2 -mssse3 -DALCHEMY_BUILD  -isystem/home/dima/ROS_Projects/miniardrone_ws/devel/arsdk/out/arsdk-native/staging/usr/include -isystem/home/dima/ROS_Projects/miniardrone_ws/devel/arsdk/out/arsdk-native/staging/usr/include/x86_64-linux-gnu conftest.c >&5
configure:4336: $? = 0
configure:4336: result: yes
configure:4336: checking limits.h presence
configure:4336: cpp -isystem/home/dima/ROS_Projects/miniardrone_ws/devel/arsdk/out/arsdk-native/staging/usr/include -isystem/home/dima/ROS_Projects/miniardrone_ws/devel/arsdk/out/arsdk-native/staging/usr/include/x86_64-linux-gnu conftest.c
configure:4336: $? = 0
configure:4336: result: yes
configure:4336: checking for limits.h
configure:4336: result: yes
configure:4336: checking for strings.h
configure:4336: result: yes
configure:4336: checking syslog.h usability
configure:4336:  gcc -c -isystem/home/dima/ROS_Projects/miniardrone_ws/devel/arsdk/out/arsdk-native/staging/usr/include -isystem/home/dima/ROS_Projects/miniardrone_ws/devel/arsdk/out/arsdk-native/staging/usr/include/x86_64-linux-gnu -std=gnu99 -pipe -g -O2 -fno-short-enums -ffunction-sections -m64 -fPIC -msse -msse2 -mssse3 -DALCHEMY_BUILD  -isystem/home/dima/ROS_Projects/miniardrone_ws/devel/arsdk/out/arsdk-native/staging/usr/include -isystem/home/dima/ROS_Projects/miniardrone_ws/devel/arsdk/out/arsdk-native/staging/usr/include/x86_64-linux-gnu conftest.c >&5
configure:4336: $? = 0
configure:4336: result: yes
configure:4336: checking syslog.h presence
configure:4336: cpp -isystem/home/dima/ROS_Projects/miniardrone_ws/devel/arsdk/out/arsdk-native/staging/usr/include -isystem/home/dima/ROS_Projects/miniardrone_ws/devel/arsdk/out/arsdk-native/staging/usr/include/x86_64-linux-gnu conftest.c
configure:4336: $? = 0
configure:4336: result: yes
configure:4336: checking for syslog.h
configure:4336: result: yes
configure:4336: checking for unistd.h
configure:4336: result: yes
configure:4336: checking sys/param.h usability
configure:4336:  gcc -c -isystem/home/dima/ROS_Projects/miniardrone_ws/devel/arsdk/out/arsdk-native/staging/usr/include -isystem/home/dima/ROS_Projects/miniardrone_ws/devel/arsdk/out/arsdk-native/staging/usr/include/x86_64-linux-gnu -std=gnu99 -pipe -g -O2 -fno-short-enums -ffunction-sections -m64 -fPIC -msse -msse2 -mssse3 -DALCHEMY_BUILD  -isystem/home/dima/ROS_Projects/miniardrone_ws/devel/arsdk/out/arsdk-native/staging/usr/include -isystem/home/dima/ROS_Projects/miniardrone_ws/devel/arsdk/out/arsdk-native/staging/usr/include/x86_64-linux-gnu conftest.c >&5
configure:4336: $? = 0
configure:4336: result: yes
configure:4336: checking sys/param.h presence
configure:4336: cpp -isystem/home/dima/ROS_Projects/miniardrone_ws/devel/arsdk/out/arsdk-native/staging/usr/include -isystem/home/dima/ROS_Projects/miniardrone_ws/devel/arsdk/out/arsdk-native/staging/usr/include/x86_64-linux-gnu conftest.c
configure:4336: $? = 0
configure:4336: result: yes
configure:4336: checking for sys/param.h
configure:4336: result: yes
configure:4336: checking stdarg.h usability
configure:4336:  gcc -c -isystem/home/dima/ROS_Projects/miniardrone_ws/devel/arsdk/out/arsdk-native/staging/usr/include -isystem/home/dima/ROS_Projects/miniardrone_ws/devel/arsdk/out/arsdk-native/staging/usr/include/x86_64-linux-gnu -std=gnu99 -pipe -g -O2 -fno-short-enums -ffunction-sections -m64 -fPIC -msse -msse2 -mssse3 -DALCHEMY_BUILD  -isystem/home/dima/ROS_Projects/miniardrone_ws/devel/arsdk/out/arsdk-native/staging/usr/include -isystem/home/dima/ROS_Projects/miniardrone_ws/devel/arsdk/out/arsdk-native/staging/usr/include/x86_64-linux-gnu conftest.c >&5
configure:4336: $? = 0
configure:4336: result: yes
configure:4336: checking stdarg.h presence
configure:4336: cpp -isystem/home/dima/ROS_Projects/miniardrone_ws/devel/arsdk/out/arsdk-native/staging/usr/include -isystem/home/dima/ROS_Projects/miniardrone_ws/devel/arsdk/out/arsdk-native/staging/usr/include/x86_64-linux-gnu conftest.c
configure:4336: $? = 0
configure:4336: result: yes
configure:4336: checking for stdarg.h
configure:4336: result: yes
configure:4348: checking for an ANSI C-conforming const
configure:4414:  gcc -c -isystem/home/dima/ROS_Projects/miniardrone_ws/devel/arsdk/out/arsdk-native/staging/usr/include -isystem/home/dima/ROS_Projects/miniardrone_ws/devel/arsdk/out/arsdk-native/staging/usr/include/x86_64-linux-gnu -std=gnu99 -pipe -g -O2 -fno-short-enums -ffunction-sections -m64 -fPIC -msse -msse2 -mssse3 -DALCHEMY_BUILD  -isystem/home/dima/ROS_Projects/miniardrone_ws/devel/arsdk/out/arsdk-native/staging/usr/include -isystem/home/dima/ROS_Projects/miniardrone_ws/devel/arsdk/out/arsdk-native/staging/usr/include/x86_64-linux-gnu conftest.c >&5
configure:4414: $? = 0
configure:4421: result: yes
configure:4429: checking for size_t
configure:4429:  gcc -c -isystem/home/dima/ROS_Projects/miniardrone_ws/devel/arsdk/out/arsdk-native/staging/usr/include -isystem/home/dima/ROS_Projects/miniardrone_ws/devel/arsdk/out/arsdk-native/staging/usr/include/x86_64-linux-gnu -std=gnu99 -pipe -g -O2 -fno-short-enums -ffunction-sections -m64 -fPIC -msse -msse2 -mssse3 -DALCHEMY_BUILD  -isystem/home/dima/ROS_Projects/miniardrone_ws/devel/arsdk/out/arsdk-native/staging/usr/include -isystem/home/dima/ROS_Projects/miniardrone_ws/devel/arsdk/out/arsdk-native/staging/usr/include/x86_64-linux-gnu conftest.c >&5
configure:4429: $? = 0
configure:4429:  gcc -c -isystem/home/dima/ROS_Projects/miniardrone_ws/devel/arsdk/out/arsdk-native/staging/usr/include -isystem/home/dima/ROS_Projects/miniardrone_ws/devel/arsdk/out/arsdk-native/staging/usr/include/x86_64-linux-gnu -std=gnu99 -pipe -g -O2 -fno-short-enums -ffunction-sections -m64 -fPIC -msse -msse2 -mssse3 -DALCHEMY_BUILD  -isystem/home/dima/ROS_Projects/miniardrone_ws/devel/arsdk/out/arsdk-native/staging/usr/include -isystem/home/dima/ROS_Projects/miniardrone_ws/devel/arsdk/out/arsdk-native/staging/usr/include/x86_64-linux-gnu conftest.c >&5
conftest.c: In function 'main':
conftest.c:64:21: error: expected expression before ')' token
 if (sizeof ((size_t)))
                     ^
configure:4429: $? = 1
configure: failed program was:
| /* confdefs.h */
| #define PACKAGE_NAME "json-c"
| #define PACKAGE_TARNAME "json-c"
| #define PACKAGE_VERSION "0.9"
| #define PACKAGE_STRING "json-c 0.9"
| #define PACKAGE_BUGREPORT "michael@metaparadigm.com"
| #define PACKAGE_URL ""
| #define PACKAGE "json-c"
| #define VERSION "0.9"
| #define STDC_HEADERS 1
| #define HAVE_SYS_TYPES_H 1
| #define HAVE_SYS_STAT_H 1
| #define HAVE_STDLIB_H 1
| #define HAVE_STRING_H 1
| #define HAVE_MEMORY_H 1
| #define HAVE_STRINGS_H 1
| #define HAVE_INTTYPES_H 1
| #define HAVE_STDINT_H 1
| #define HAVE_UNISTD_H 1
| #define HAVE_FCNTL_H 1
| #define HAVE_LIMITS_H 1
| #define HAVE_STRINGS_H 1
| #define HAVE_SYSLOG_H 1
| #define HAVE_UNISTD_H 1
| #define HAVE_SYS_PARAM_H 1
| #define HAVE_STDARG_H 1
| /* end confdefs.h.  */
| #include <stdio.h>
| #ifdef HAVE_SYS_TYPES_H
| # include <sys/types.h>
| #endif
| #ifdef HAVE_SYS_STAT_H
| # include <sys/stat.h>
| #endif
| #ifdef STDC_HEADERS
| # include <stdlib.h>
| # include <stddef.h>
| #else
| # ifdef HAVE_STDLIB_H
| #  include <stdlib.h>
| # endif
| #endif
| #ifdef HAVE_STRING_H
| # if !defined STDC_HEADERS && defined HAVE_MEMORY_H
| #  include <memory.h>
| # endif
| # include <string.h>
| #endif
| #ifdef HAVE_STRINGS_H
| # include <strings.h>
| #endif
| #ifdef HAVE_INTTYPES_H
| # include <inttypes.h>
| #endif
| #ifdef HAVE_STDINT_H
| # include <stdint.h>
| #endif
| #ifdef HAVE_UNISTD_H
| # include <unistd.h>
| #endif
| int
| main ()
| {
| if (sizeof ((size_t)))
| 	    return 0;
|   ;
|   return 0;
| }
configure:4429: result: yes
configure:4444: checking for vprintf
configure:4444:  gcc -o conftest -isystem/home/dima/ROS_Projects/miniardrone_ws/devel/arsdk/out/arsdk-native/staging/usr/include -isystem/home/dima/ROS_Projects/miniardrone_ws/devel/arsdk/out/arsdk-native/staging/usr/include/x86_64-linux-gnu -std=gnu99 -pipe -g -O2 -fno-short-enums -ffunction-sections -m64 -fPIC -msse -msse2 -mssse3 -DALCHEMY_BUILD  -isystem/home/dima/ROS_Projects/miniardrone_ws/devel/arsdk/out/arsdk-native/staging/usr/include -isystem/home/dima/ROS_Projects/miniardrone_ws/devel/arsdk/out/arsdk-native/staging/usr/include/x86_64-linux-gnu  -m64 -L/home/dima/ROS_Projects/miniardrone_ws/devel/arsdk/out/arsdk-native/staging/lib -L/home/dima/ROS_Projects/miniardrone_ws/devel/arsdk/out/arsdk-native/staging/usr/lib -L/home/dima/ROS_Projects/miniardrone_ws/devel/arsdk/out/arsdk-native/staging/lib/x86_64-linux-gnu -L/home/dima/ROS_Projects/miniardrone_ws/devel/arsdk/out/arsdk-native/staging/usr/lib/x86_64-linux-gnu -L/home/dima/ROS_Projects/miniardrone_ws/devel/arsdk/out/arsdk-native/staging/usr/lib -Wl,-rpath-link=/home/dima/ROS_Projects/miniardrone_ws/devel/arsdk/out/arsdk-native/staging/lib -Wl,-rpath-link=/home/dima/ROS_Projects/miniardrone_ws/devel/arsdk/out/arsdk-native/staging/usr/lib -Wl,-rpath-link=/home/dima/ROS_Projects/miniardrone_ws/devel/arsdk/out/arsdk-native/staging/lib/x86_64-linux-gnu -Wl,-rpath-link=/home/dima/ROS_Projects/miniardrone_ws/devel/arsdk/out/arsdk-native/staging/usr/lib/x86_64-linux-gnu -Wl,-rpath-link=/home/dima/ROS_Projects/miniardrone_ws/devel/arsdk/out/arsdk-native/staging/usr/lib  -pthread -lrt  conftest.c  >&5
conftest.c:51:6: warning: conflicting types for built-in function 'vprintf'
 char vprintf ();
      ^
configure:4444: $? = 0
configure:4444: result: yes
configure:4450: checking for _doprnt
configure:4450:  gcc -o conftest -isystem/home/dima/ROS_Projects/miniardrone_ws/devel/arsdk/out/arsdk-native/staging/usr/include -isystem/home/dima/ROS_Projects/miniardrone_ws/devel/arsdk/out/arsdk-native/staging/usr/include/x86_64-linux-gnu -std=gnu99 -pipe -g -O2 -fno-short-enums -ffunction-sections -m64 -fPIC -msse -msse2 -mssse3 -DALCHEMY_BUILD  -isystem/home/dima/ROS_Projects/miniardrone_ws/devel/arsdk/out/arsdk-native/staging/usr/include -isystem/home/dima/ROS_Projects/miniardrone_ws/devel/arsdk/out/arsdk-native/staging/usr/include/x86_64-linux-gnu  -m64 -L/home/dima/ROS_Projects/miniardrone_ws/devel/arsdk/out/arsdk-native/staging/lib -L/home/dima/ROS_Projects/miniardrone_ws/devel/arsdk/out/arsdk-native/staging/usr/lib -L/home/dima/ROS_Projects/miniardrone_ws/devel/arsdk/out/arsdk-native/staging/lib/x86_64-linux-gnu -L/home/dima/ROS_Projects/miniardrone_ws/devel/arsdk/out/arsdk-native/staging/usr/lib/x86_64-linux-gnu -L/home/dima/ROS_Projects/miniardrone_ws/devel/arsdk/out/arsdk-native/staging/usr/lib -Wl,-rpath-link=/home/dima/ROS_Projects/miniardrone_ws/devel/arsdk/out/arsdk-native/staging/lib -Wl,-rpath-link=/home/dima/ROS_Projects/miniardrone_ws/devel/arsdk/out/arsdk-native/staging/usr/lib -Wl,-rpath-link=/home/dima/ROS_Projects/miniardrone_ws/devel/arsdk/out/arsdk-native/staging/lib/x86_64-linux-gnu -Wl,-rpath-link=/home/dima/ROS_Projects/miniardrone_ws/devel/arsdk/out/arsdk-native/staging/usr/lib/x86_64-linux-gnu -Wl,-rpath-link=/home/dima/ROS_Projects/miniardrone_ws/devel/arsdk/out/arsdk-native/staging/usr/lib  -pthread -lrt  conftest.c  >&5
/tmp/ccZTDtSp.o: In function `main':
/home/dima/ROS_Projects/miniardrone_ws/devel/arsdk/out/arsdk-native/build/json/json-c-0.9/conftest.c:63: undefined reference to `_doprnt'
collect2: error: ld returned 1 exit status
configure:4450: $? = 1
configure: failed program was:
| /* confdefs.h */
| #define PACKAGE_NAME "json-c"
| #define PACKAGE_TARNAME "json-c"
| #define PACKAGE_VERSION "0.9"
| #define PACKAGE_STRING "json-c 0.9"
| #define PACKAGE_BUGREPORT "michael@metaparadigm.com"
| #define PACKAGE_URL ""
| #define PACKAGE "json-c"
| #define VERSION "0.9"
| #define STDC_HEADERS 1
| #define HAVE_SYS_TYPES_H 1
| #define HAVE_SYS_STAT_H 1
| #define HAVE_STDLIB_H 1
| #define HAVE_STRING_H 1
| #define HAVE_MEMORY_H 1
| #define HAVE_STRINGS_H 1
| #define HAVE_INTTYPES_H 1
| #define HAVE_STDINT_H 1
| #define HAVE_UNISTD_H 1
| #define HAVE_FCNTL_H 1
| #define HAVE_LIMITS_H 1
| #define HAVE_STRINGS_H 1
| #define HAVE_SYSLOG_H 1
| #define HAVE_UNISTD_H 1
| #define HAVE_SYS_PARAM_H 1
| #define HAVE_STDARG_H 1
| #define HAVE_VPRINTF 1
| /* end confdefs.h.  */
| /* Define _doprnt to an innocuous variant, in case <limits.h> declares _doprnt.
|    For example, HP-UX 11i <limits.h> declares gettimeofday.  */
| #define _doprnt innocuous__doprnt
| 
| /* System header to define __stub macros and hopefully few prototypes,
|     which can conflict with char _doprnt (); below.
|     Prefer <limits.h> to <assert.h> if __STDC__ is defined, since
|     <limits.h> exists even on freestanding compilers.  */
| 
| #ifdef __STDC__
| # include <limits.h>
| #else
| # include <assert.h>
| #endif
| 
| #undef _doprnt
| 
| /* Override any GCC internal prototype to avoid an error.
|    Use char because int might match the return type of a GCC
|    builtin and then its argument prototype would still apply.  */
| #ifdef __cplusplus
| extern "C"
| #endif
| char _doprnt ();
| /* The GNU C library defines this for functions which it implements
|     to always fail with ENOSYS.  Some functions are actually named
|     something starting with __ and the normal name is an alias.  */
| #if defined __stub__doprnt || defined __stub____doprnt
| choke me
| #endif
| 
| int
| main ()
| {
| return _doprnt ();
|   ;
|   return 0;
| }
configure:4450: result: no
configure:4461: checking for working memcmp
configure:4504:  gcc -o conftest -isystem/home/dima/ROS_Projects/miniardrone_ws/devel/arsdk/out/arsdk-native/staging/usr/include -isystem/home/dima/ROS_Projects/miniardrone_ws/devel/arsdk/out/arsdk-native/staging/usr/include/x86_64-linux-gnu -std=gnu99 -pipe -g -O2 -fno-short-enums -ffunction-sections -m64 -fPIC -msse -msse2 -mssse3 -DALCHEMY_BUILD  -isystem/home/dima/ROS_Projects/miniardrone_ws/devel/arsdk/out/arsdk-native/staging/usr/include -isystem/home/dima/ROS_Projects/miniardrone_ws/devel/arsdk/out/arsdk-native/staging/usr/include/x86_64-linux-gnu  -m64 -L/home/dima/ROS_Projects/miniardrone_ws/devel/arsdk/out/arsdk-native/staging/lib -L/home/dima/ROS_Projects/miniardrone_ws/devel/arsdk/out/arsdk-native/staging/usr/lib -L/home/dima/ROS_Projects/miniardrone_ws/devel/arsdk/out/arsdk-native/staging/lib/x86_64-linux-gnu -L/home/dima/ROS_Projects/miniardrone_ws/devel/arsdk/out/arsdk-native/staging/usr/lib/x86_64-linux-gnu -L/home/dima/ROS_Projects/miniardrone_ws/devel/arsdk/out/arsdk-native/staging/usr/lib -Wl,-rpath-link=/home/dima/ROS_Projects/miniardrone_ws/devel/arsdk/out/arsdk-native/staging/lib -Wl,-rpath-link=/home/dima/ROS_Projects/miniardrone_ws/devel/arsdk/out/arsdk-native/staging/usr/lib -Wl,-rpath-link=/home/dima/ROS_Projects/miniardrone_ws/devel/arsdk/out/arsdk-native/staging/lib/x86_64-linux-gnu -Wl,-rpath-link=/home/dima/ROS_Projects/miniardrone_ws/devel/arsdk/out/arsdk-native/staging/usr/lib/x86_64-linux-gnu -Wl,-rpath-link=/home/dima/ROS_Projects/miniardrone_ws/devel/arsdk/out/arsdk-native/staging/usr/lib  -pthread -lrt  conftest.c  >&5
configure:4504: $? = 0
configure:4504: ./conftest
configure:4504: $? = 0
configure:4514: result: yes
configure:4525: checking for stdlib.h
configure:4525: result: yes
configure:4535: checking for GNU libc compatible malloc
configure:4569: result: yes
configure:4592: checking for stdlib.h
configure:4592: result: yes
configure:4602: checking for GNU libc compatible realloc
configure:4636: result: yes
configure:4660: checking for strndup
configure:4660:  gcc -o conftest -isystem/home/dima/ROS_Projects/miniardrone_ws/devel/arsdk/out/arsdk-native/staging/usr/include -isystem/home/dima/ROS_Projects/miniardrone_ws/devel/arsdk/out/arsdk-native/staging/usr/include/x86_64-linux-gnu -std=gnu99 -pipe -g -O2 -fno-short-enums -ffunction-sections -m64 -fPIC -msse -msse2 -mssse3 -DALCHEMY_BUILD  -isystem/home/dima/ROS_Projects/miniardrone_ws/devel/arsdk/out/arsdk-native/staging/usr/include -isystem/home/dima/ROS_Projects/miniardrone_ws/devel/arsdk/out/arsdk-native/staging/usr/include/x86_64-linux-gnu  -m64 -L/home/dima/ROS_Projects/miniardrone_ws/devel/arsdk/out/arsdk-native/staging/lib -L/home/dima/ROS_Projects/miniardrone_ws/devel/arsdk/out/arsdk-native/staging/usr/lib -L/home/dima/ROS_Projects/miniardrone_ws/devel/arsdk/out/arsdk-native/staging/lib/x86_64-linux-gnu -L/home/dima/ROS_Projects/miniardrone_ws/devel/arsdk/out/arsdk-native/staging/usr/lib/x86_64-linux-gnu -L/home/dima/ROS_Projects/miniardrone_ws/devel/arsdk/out/arsdk-native/staging/usr/lib -Wl,-rpath-link=/home/dima/ROS_Projects/miniardrone_ws/devel/arsdk/out/arsdk-native/staging/lib -Wl,-rpath-link=/home/dima/ROS_Projects/miniardrone_ws/devel/arsdk/out/arsdk-native/staging/usr/lib -Wl,-rpath-link=/home/dima/ROS_Projects/miniardrone_ws/devel/arsdk/out/arsdk-native/staging/lib/x86_64-linux-gnu -Wl,-rpath-link=/home/dima/ROS_Projects/miniardrone_ws/devel/arsdk/out/arsdk-native/staging/usr/lib/x86_64-linux-gnu -Wl,-rpath-link=/home/dima/ROS_Projects/miniardrone_ws/devel/arsdk/out/arsdk-native/staging/usr/lib  -pthread -lrt  conftest.c  >&5
conftest.c:56:6: warning: conflicting types for built-in function 'strndup'
 char strndup ();
      ^
configure:4660: $? = 0
configure:4660: result: yes
configure:4660: checking for strerror
configure:4660:  gcc -o conftest -isystem/home/dima/ROS_Projects/miniardrone_ws/devel/arsdk/out/arsdk-native/staging/usr/include -isystem/home/dima/ROS_Projects/miniardrone_ws/devel/arsdk/out/arsdk-native/staging/usr/include/x86_64-linux-gnu -std=gnu99 -pipe -g -O2 -fno-short-enums -ffunction-sections -m64 -fPIC -msse -msse2 -mssse3 -DALCHEMY_BUILD  -isystem/home/dima/ROS_Projects/miniardrone_ws/devel/arsdk/out/arsdk-native/staging/usr/include -isystem/home/dima/ROS_Projects/miniardrone_ws/devel/arsdk/out/arsdk-native/staging/usr/include/x86_64-linux-gnu  -m64 -L/home/dima/ROS_Projects/miniardrone_ws/devel/arsdk/out/arsdk-native/staging/lib -L/home/dima/ROS_Projects/miniardrone_ws/devel/arsdk/out/arsdk-native/staging/usr/lib -L/home/dima/ROS_Projects/miniardrone_ws/devel/arsdk/out/arsdk-native/staging/lib/x86_64-linux-gnu -L/home/dima/ROS_Projects/miniardrone_ws/devel/arsdk/out/arsdk-native/staging/usr/lib/x86_64-linux-gnu -L/home/dima/ROS_Projects/miniardrone_ws/devel/arsdk/out/arsdk-native/staging/usr/lib -Wl,-rpath-link=/home/dima/ROS_Projects/miniardrone_ws/devel/arsdk/out/arsdk-native/staging/lib -Wl,-rpath-link=/home/dima/ROS_Projects/miniardrone_ws/devel/arsdk/out/arsdk-native/staging/usr/lib -Wl,-rpath-link=/home/dima/ROS_Projects/miniardrone_ws/devel/arsdk/out/arsdk-native/staging/lib/x86_64-linux-gnu -Wl,-rpath-link=/home/dima/ROS_Projects/miniardrone_ws/devel/arsdk/out/arsdk-native/staging/usr/lib/x86_64-linux-gnu -Wl,-rpath-link=/home/dima/ROS_Projects/miniardrone_ws/devel/arsdk/out/arsdk-native/staging/usr/lib  -pthread -lrt  conftest.c  >&5
configure:4660: $? = 0
configure:4660: result: yes
configure:4660: checking for vsnprintf
configure:4660:  gcc -o conftest -isystem/home/dima/ROS_Projects/miniardrone_ws/devel/arsdk/out/arsdk-native/staging/usr/include -isystem/home/dima/ROS_Projects/miniardrone_ws/devel/arsdk/out/arsdk-native/staging/usr/include/x86_64-linux-gnu -std=gnu99 -pipe -g -O2 -fno-short-enums -ffunction-sections -m64 -fPIC -msse -msse2 -mssse3 -DALCHEMY_BUILD  -isystem/home/dima/ROS_Projects/miniardrone_ws/devel/arsdk/out/arsdk-native/staging/usr/include -isystem/home/dima/ROS_Projects/miniardrone_ws/devel/arsdk/out/arsdk-native/staging/usr/include/x86_64-linux-gnu  -m64 -L/home/dima/ROS_Projects/miniardrone_ws/devel/arsdk/out/arsdk-native/staging/lib -L/home/dima/ROS_Projects/miniardrone_ws/devel/arsdk/out/arsdk-native/staging/usr/lib -L/home/dima/ROS_Projects/miniardrone_ws/devel/arsdk/out/arsdk-native/staging/lib/x86_64-linux-gnu -L/home/dima/ROS_Projects/miniardrone_ws/devel/arsdk/out/arsdk-native/staging/usr/lib/x86_64-linux-gnu -L/home/dima/ROS_Projects/miniardrone_ws/devel/arsdk/out/arsdk-native/staging/usr/lib -Wl,-rpath-link=/home/dima/ROS_Projects/miniardrone_ws/devel/arsdk/out/arsdk-native/staging/lib -Wl,-rpath-link=/home/dima/ROS_Projects/miniardrone_ws/devel/arsdk/out/arsdk-native/staging/usr/lib -Wl,-rpath-link=/home/dima/ROS_Projects/miniardrone_ws/devel/arsdk/out/arsdk-native/staging/lib/x86_64-linux-gnu -Wl,-rpath-link=/home/dima/ROS_Projects/miniardrone_ws/devel/arsdk/out/arsdk-native/staging/usr/lib/x86_64-linux-gnu -Wl,-rpath-link=/home/dima/ROS_Projects/miniardrone_ws/devel/arsdk/out/arsdk-native/staging/usr/lib  -pthread -lrt  conftest.c  >&5
conftest.c:58:6: warning: conflicting types for built-in function 'vsnprintf'
 char vsnprintf ();
      ^
configure:4660: $? = 0
configure:4660: result: yes
configure:4660: checking for vasprintf
configure:4660:  gcc -o conftest -isystem/home/dima/ROS_Projects/miniardrone_ws/devel/arsdk/out/arsdk-native/staging/usr/include -isystem/home/dima/ROS_Projects/miniardrone_ws/devel/arsdk/out/arsdk-native/staging/usr/include/x86_64-linux-gnu -std=gnu99 -pipe -g -O2 -fno-short-enums -ffunction-sections -m64 -fPIC -msse -msse2 -mssse3 -DALCHEMY_BUILD  -isystem/home/dima/ROS_Projects/miniardrone_ws/devel/arsdk/out/arsdk-native/staging/usr/include -isystem/home/dima/ROS_Projects/miniardrone_ws/devel/arsdk/out/arsdk-native/staging/usr/include/x86_64-linux-gnu  -m64 -L/home/dima/ROS_Projects/miniardrone_ws/devel/arsdk/out/arsdk-native/staging/lib -L/home/dima/ROS_Projects/miniardrone_ws/devel/arsdk/out/arsdk-native/staging/usr/lib -L/home/dima/ROS_Projects/miniardrone_ws/devel/arsdk/out/arsdk-native/staging/lib/x86_64-linux-gnu -L/home/dima/ROS_Projects/miniardrone_ws/devel/arsdk/out/arsdk-native/staging/usr/lib/x86_64-linux-gnu -L/home/dima/ROS_Projects/miniardrone_ws/devel/arsdk/out/arsdk-native/staging/usr/lib -Wl,-rpath-link=/home/dima/ROS_Projects/miniardrone_ws/devel/arsdk/out/arsdk-native/staging/lib -Wl,-rpath-link=/home/dima/ROS_Projects/miniardrone_ws/devel/arsdk/out/arsdk-native/staging/usr/lib -Wl,-rpath-link=/home/dima/ROS_Projects/miniardrone_ws/devel/arsdk/out/arsdk-native/staging/lib/x86_64-linux-gnu -Wl,-rpath-link=/home/dima/ROS_Projects/miniardrone_ws/devel/arsdk/out/arsdk-native/staging/usr/lib/x86_64-linux-gnu -Wl,-rpath-link=/home/dima/ROS_Projects/miniardrone_ws/devel/arsdk/out/arsdk-native/staging/usr/lib  -pthread -lrt  conftest.c  >&5
configure:4660: $? = 0
configure:4660: result: yes
configure:4660: checking for open
configure:4660:  gcc -o conftest -isystem/home/dima/ROS_Projects/miniardrone_ws/devel/arsdk/out/arsdk-native/staging/usr/include -isystem/home/dima/ROS_Projects/miniardrone_ws/devel/arsdk/out/arsdk-native/staging/usr/include/x86_64-linux-gnu -std=gnu99 -pipe -g -O2 -fno-short-enums -ffunction-sections -m64 -fPIC -msse -msse2 -mssse3 -DALCHEMY_BUILD  -isystem/home/dima/ROS_Projects/miniardrone_ws/devel/arsdk/out/arsdk-native/staging/usr/include -isystem/home/dima/ROS_Projects/miniardrone_ws/devel/arsdk/out/arsdk-native/staging/usr/include/x86_64-linux-gnu  -m64 -L/home/dima/ROS_Projects/miniardrone_ws/devel/arsdk/out/arsdk-native/staging/lib -L/home/dima/ROS_Projects/miniardrone_ws/devel/arsdk/out/arsdk-native/staging/usr/lib -L/home/dima/ROS_Projects/miniardrone_ws/devel/arsdk/out/arsdk-native/staging/lib/x86_64-linux-gnu -L/home/dima/ROS_Projects/miniardrone_ws/devel/arsdk/out/arsdk-native/staging/usr/lib/x86_64-linux-gnu -L/home/dima/ROS_Projects/miniardrone_ws/devel/arsdk/out/arsdk-native/staging/usr/lib -Wl,-rpath-link=/home/dima/ROS_Projects/miniardrone_ws/devel/arsdk/out/arsdk-native/staging/lib -Wl,-rpath-link=/home/dima/ROS_Projects/miniardrone_ws/devel/arsdk/out/arsdk-native/staging/usr/lib -Wl,-rpath-link=/home/dima/ROS_Projects/miniardrone_ws/devel/arsdk/out/arsdk-native/staging/lib/x86_64-linux-gnu -Wl,-rpath-link=/home/dima/ROS_Projects/miniardrone_ws/devel/arsdk/out/arsdk-native/staging/usr/lib/x86_64-linux-gnu -Wl,-rpath-link=/home/dima/ROS_Projects/miniardrone_ws/devel/arsdk/out/arsdk-native/staging/usr/lib  -pthread -lrt  conftest.c  >&5
configure:4660: $? = 0
configure:4660: result: yes
configure:4660: checking for vsyslog
configure:4660:  gcc -o conftest -isystem/home/dima/ROS_Projects/miniardrone_ws/devel/arsdk/out/arsdk-native/staging/usr/include -isystem/home/dima/ROS_Projects/miniardrone_ws/devel/arsdk/out/arsdk-native/staging/usr/include/x86_64-linux-gnu -std=gnu99 -pipe -g -O2 -fno-short-enums -ffunction-sections -m64 -fPIC -msse -msse2 -mssse3 -DALCHEMY_BUILD  -isystem/home/dima/ROS_Projects/miniardrone_ws/devel/arsdk/out/arsdk-native/staging/usr/include -isystem/home/dima/ROS_Projects/miniardrone_ws/devel/arsdk/out/arsdk-native/staging/usr/include/x86_64-linux-gnu  -m64 -L/home/dima/ROS_Projects/miniardrone_ws/devel/arsdk/out/arsdk-native/staging/lib -L/home/dima/ROS_Projects/miniardrone_ws/devel/arsdk/out/arsdk-native/staging/usr/lib -L/home/dima/ROS_Projects/miniardrone_ws/devel/arsdk/out/arsdk-native/staging/lib/x86_64-linux-gnu -L/home/dima/ROS_Projects/miniardrone_ws/devel/arsdk/out/arsdk-native/staging/usr/lib/x86_64-linux-gnu -L/home/dima/ROS_Projects/miniardrone_ws/devel/arsdk/out/arsdk-native/staging/usr/lib -Wl,-rpath-link=/home/dima/ROS_Projects/miniardrone_ws/devel/arsdk/out/arsdk-native/staging/lib -Wl,-rpath-link=/home/dima/ROS_Projects/miniardrone_ws/devel/arsdk/out/arsdk-native/staging/usr/lib -Wl,-rpath-link=/home/dima/ROS_Projects/miniardrone_ws/devel/arsdk/out/arsdk-native/staging/lib/x86_64-linux-gnu -Wl,-rpath-link=/home/dima/ROS_Projects/miniardrone_ws/devel/arsdk/out/arsdk-native/staging/usr/lib/x86_64-linux-gnu -Wl,-rpath-link=/home/dima/ROS_Projects/miniardrone_ws/devel/arsdk/out/arsdk-native/staging/usr/lib  -pthread -lrt  conftest.c  >&5
configure:4660: $? = 0
configure:4660: result: yes
configure:4660: checking for strncasecmp
configure:4660:  gcc -o conftest -isystem/home/dima/ROS_Projects/miniardrone_ws/devel/arsdk/out/arsdk-native/staging/usr/include -isystem/home/dima/ROS_Projects/miniardrone_ws/devel/arsdk/out/arsdk-native/staging/usr/include/x86_64-linux-gnu -std=gnu99 -pipe -g -O2 -fno-short-enums -ffunction-sections -m64 -fPIC -msse -msse2 -mssse3 -DALCHEMY_BUILD  -isystem/home/dima/ROS_Projects/miniardrone_ws/devel/arsdk/out/arsdk-native/staging/usr/include -isystem/home/dima/ROS_Projects/miniardrone_ws/devel/arsdk/out/arsdk-native/staging/usr/include/x86_64-linux-gnu  -m64 -L/home/dima/ROS_Projects/miniardrone_ws/devel/arsdk/out/arsdk-native/staging/lib -L/home/dima/ROS_Projects/miniardrone_ws/devel/arsdk/out/arsdk-native/staging/usr/lib -L/home/dima/ROS_Projects/miniardrone_ws/devel/arsdk/out/arsdk-native/staging/lib/x86_64-linux-gnu -L/home/dima/ROS_Projects/miniardrone_ws/devel/arsdk/out/arsdk-native/staging/usr/lib/x86_64-linux-gnu -L/home/dima/ROS_Projects/miniardrone_ws/devel/arsdk/out/arsdk-native/staging/usr/lib -Wl,-rpath-link=/home/dima/ROS_Projects/miniardrone_ws/devel/arsdk/out/arsdk-native/staging/lib -Wl,-rpath-link=/home/dima/ROS_Projects/miniardrone_ws/devel/arsdk/out/arsdk-native/staging/usr/lib -Wl,-rpath-link=/home/dima/ROS_Projects/miniardrone_ws/devel/arsdk/out/arsdk-native/staging/lib/x86_64-linux-gnu -Wl,-rpath-link=/home/dima/ROS_Projects/miniardrone_ws/devel/arsdk/out/arsdk-native/staging/usr/lib/x86_64-linux-gnu -Wl,-rpath-link=/home/dima/ROS_Projects/miniardrone_ws/devel/arsdk/out/arsdk-native/staging/usr/lib  -pthread -lrt  conftest.c  >&5
conftest.c:62:6: warning: conflicting types for built-in function 'strncasecmp'
 char strncasecmp ();
      ^
configure:4660: $? = 0
configure:4660: result: yes
configure:4699: checking build system type
configure:4713: result: x86_64-pc-linux-gnu
configure:4733: checking host system type
configure:4746: result: x86_64-pc-linux-gnu
configure:4787: checking how to print strings
configure:4814: result: printf
configure:4835: checking for a sed that does not truncate output
configure:4899: result: /bin/sed
configure:4917: checking for fgrep
configure:4979: result: /bin/grep -F
configure:5014: checking for ld used by  gcc
configure:5081: result: ld
configure:5088: checking if the linker (ld) is GNU ld
configure:5103: result: yes
configure:5115: checking for BSD- or MS-compatible name lister (nm)
configure:5169: result: nm
configure:5299: checking the name lister (nm) interface
configure:5306:  gcc -c -isystem/home/dima/ROS_Projects/miniardrone_ws/devel/arsdk/out/arsdk-native/staging/usr/include -isystem/home/dima/ROS_Projects/miniardrone_ws/devel/arsdk/out/arsdk-native/staging/usr/include/x86_64-linux-gnu -std=gnu99 -pipe -g -O2 -fno-short-enums -ffunction-sections -m64 -fPIC -msse -msse2 -mssse3 -DALCHEMY_BUILD  -isystem/home/dima/ROS_Projects/miniardrone_ws/devel/arsdk/out/arsdk-native/staging/usr/include -isystem/home/dima/ROS_Projects/miniardrone_ws/devel/arsdk/out/arsdk-native/staging/usr/include/x86_64-linux-gnu conftest.c >&5
configure:5309: nm "conftest.o"
configure:5312: output
0000000000000000 B some_variable
configure:5319: result: BSD nm
configure:5322: checking whether ln -s works
configure:5326: result: yes
configure:5334: checking the maximum length of command line arguments
configure:5465: result: 1572864
configure:5513: checking how to convert x86_64-pc-linux-gnu file names to x86_64-pc-linux-gnu format
configure:5553: result: func_convert_file_noop
configure:5560: checking how to convert x86_64-pc-linux-gnu file names to toolchain format
configure:5580: result: func_convert_file_noop
configure:5587: checking for ld option to reload object files
configure:5594: result: -r
configure:5668: checking for objdump
configure:5695: result: objdump
configure:5727: checking how to recognize dependent libraries
configure:5927: result: pass_all
configure:6012: checking for dlltool
configure:6042: result: no
configure:6072: checking how to associate runtime and link libraries
configure:6099: result: printf %s\n
configure:6223: checking for archiver @FILE support
configure:6240:  gcc -c -isystem/home/dima/ROS_Projects/miniardrone_ws/devel/arsdk/out/arsdk-native/staging/usr/include -isystem/home/dima/ROS_Projects/miniardrone_ws/devel/arsdk/out/arsdk-native/staging/usr/include/x86_64-linux-gnu -std=gnu99 -pipe -g -O2 -fno-short-enums -ffunction-sections -m64 -fPIC -msse -msse2 -mssse3 -DALCHEMY_BUILD  -isystem/home/dima/ROS_Projects/miniardrone_ws/devel/arsdk/out/arsdk-native/staging/usr/include -isystem/home/dima/ROS_Projects/miniardrone_ws/devel/arsdk/out/arsdk-native/staging/usr/include/x86_64-linux-gnu conftest.c >&5
configure:6240: $? = 0
configure:6243: ar cru libconftest.a @conftest.lst >&5
ar: `u' modifier ignored since `D' is the default (see `U')
configure:6246: $? = 0
configure:6251: ar cru libconftest.a @conftest.lst >&5
ar: `u' modifier ignored since `D' is the default (see `U')
ar: conftest.o: No such file or directory
configure:6254: $? = 1
configure:6266: result: @
configure:6324: checking for strip
configure:6351: result: strip
configure:6423: checking for ranlib
configure:6450: result: ranlib
configure:6552: checking command to parse nm output from  gcc object
configure:6705:  gcc -c -isystem/home/dima/ROS_Projects/miniardrone_ws/devel/arsdk/out/arsdk-native/staging/usr/include -isystem/home/dima/ROS_Projects/miniardrone_ws/devel/arsdk/out/arsdk-native/staging/usr/include/x86_64-linux-gnu -std=gnu99 -pipe -g -O2 -fno-short-enums -ffunction-sections -m64 -fPIC -msse -msse2 -mssse3 -DALCHEMY_BUILD  -isystem/home/dima/ROS_Projects/miniardrone_ws/devel/arsdk/out/arsdk-native/staging/usr/include -isystem/home/dima/ROS_Projects/miniardrone_ws/devel/arsdk/out/arsdk-native/staging/usr/include/x86_64-linux-gnu conftest.c >&5
configure:6708: $? = 0
configure:6712: nm conftest.o \| sed -n -e 's/^.*[ ]\([ABCDGIRSTW][ABCDGIRSTW]*\)[ ][ ]*\([_A-Za-z][_A-Za-z0-9]*\)$/\1 \2 \2/p' | sed '/ __gnu_lto/d' \> conftest.nm
configure:6715: $? = 0
configure:6781:  gcc -o conftest -isystem/home/dima/ROS_Projects/miniardrone_ws/devel/arsdk/out/arsdk-native/staging/usr/include -isystem/home/dima/ROS_Projects/miniardrone_ws/devel/arsdk/out/arsdk-native/staging/usr/include/x86_64-linux-gnu -std=gnu99 -pipe -g -O2 -fno-short-enums -ffunction-sections -m64 -fPIC -msse -msse2 -mssse3 -DALCHEMY_BUILD  -isystem/home/dima/ROS_Projects/miniardrone_ws/devel/arsdk/out/arsdk-native/staging/usr/include -isystem/home/dima/ROS_Projects/miniardrone_ws/devel/arsdk/out/arsdk-native/staging/usr/include/x86_64-linux-gnu  -m64 -L/home/dima/ROS_Projects/miniardrone_ws/devel/arsdk/out/arsdk-native/staging/lib -L/home/dima/ROS_Projects/miniardrone_ws/devel/arsdk/out/arsdk-native/staging/usr/lib -L/home/dima/ROS_Projects/miniardrone_ws/devel/arsdk/out/arsdk-native/staging/lib/x86_64-linux-gnu -L/home/dima/ROS_Projects/miniardrone_ws/devel/arsdk/out/arsdk-native/staging/usr/lib/x86_64-linux-gnu -L/home/dima/ROS_Projects/miniardrone_ws/devel/arsdk/out/arsdk-native/staging/usr/lib -Wl,-rpath-link=/home/dima/ROS_Projects/miniardrone_ws/devel/arsdk/out/arsdk-native/staging/lib -Wl,-rpath-link=/home/dima/ROS_Projects/miniardrone_ws/devel/arsdk/out/arsdk-native/staging/usr/lib -Wl,-rpath-link=/home/dima/ROS_Projects/miniardrone_ws/devel/arsdk/out/arsdk-native/staging/lib/x86_64-linux-gnu -Wl,-rpath-link=/home/dima/ROS_Projects/miniardrone_ws/devel/arsdk/out/arsdk-native/staging/usr/lib/x86_64-linux-gnu -Wl,-rpath-link=/home/dima/ROS_Projects/miniardrone_ws/devel/arsdk/out/arsdk-native/staging/usr/lib  -pthread -lrt  conftest.c conftstm.o >&5
configure:6784: $? = 0
configure:6822: result: ok
configure:6869: checking for sysroot
configure:6899: result: no
configure:6906: checking for a working dd
configure:6944: result: /bin/dd
configure:6948: checking how to truncate binary pipes
configure:6963: result: /bin/dd bs=4096 count=1
configure:7099:  gcc -c -isystem/home/dima/ROS_Projects/miniardrone_ws/devel/arsdk/out/arsdk-native/staging/usr/include -isystem/home/dima/ROS_Projects/miniardrone_ws/devel/arsdk/out/arsdk-native/staging/usr/include/x86_64-linux-gnu -std=gnu99 -pipe -g -O2 -fno-short-enums -ffunction-sections -m64 -fPIC -msse -msse2 -mssse3 -DALCHEMY_BUILD  -isystem/home/dima/ROS_Projects/miniardrone_ws/devel/arsdk/out/arsdk-native/staging/usr/include -isystem/home/dima/ROS_Projects/miniardrone_ws/devel/arsdk/out/arsdk-native/staging/usr/include/x86_64-linux-gnu conftest.c >&5
configure:7102: $? = 0
configure:7292: checking for mt
configure:7319: result: :
configure:7342: checking if : is a manifest tool
configure:7348: : '-?'
configure:7356: result: no
configure:8030: checking for dlfcn.h
configure:8030:  gcc -c -isystem/home/dima/ROS_Projects/miniardrone_ws/devel/arsdk/out/arsdk-native/staging/usr/include -isystem/home/dima/ROS_Projects/miniardrone_ws/devel/arsdk/out/arsdk-native/staging/usr/include/x86_64-linux-gnu -std=gnu99 -pipe -g -O2 -fno-short-enums -ffunction-sections -m64 -fPIC -msse -msse2 -mssse3 -DALCHEMY_BUILD  -isystem/home/dima/ROS_Projects/miniardrone_ws/devel/arsdk/out/arsdk-native/staging/usr/include -isystem/home/dima/ROS_Projects/miniardrone_ws/devel/arsdk/out/arsdk-native/staging/usr/include/x86_64-linux-gnu conftest.c >&5
configure:8030: $? = 0
configure:8030: result: yes
configure:8286: checking for objdir
configure:8301: result: .libs
configure:8561: checking if  gcc supports -fno-rtti -fno-exceptions
configure:8579:  gcc -c -isystem/home/dima/ROS_Projects/miniardrone_ws/devel/arsdk/out/arsdk-native/staging/usr/include -isystem/home/dima/ROS_Projects/miniardrone_ws/devel/arsdk/out/arsdk-native/staging/usr/include/x86_64-linux-gnu -std=gnu99 -pipe -g -O2 -fno-short-enums -ffunction-sections -m64 -fPIC -msse -msse2 -mssse3 -DALCHEMY_BUILD  -isystem/home/dima/ROS_Projects/miniardrone_ws/devel/arsdk/out/arsdk-native/staging/usr/include -isystem/home/dima/ROS_Projects/miniardrone_ws/devel/arsdk/out/arsdk-native/staging/usr/include/x86_64-linux-gnu -fno-rtti -fno-exceptions conftest.c >&5
cc1: warning: command line option '-fno-rtti' is valid for C++/ObjC++ but not for C
configure:8583: $? = 0
configure:8596: result: no
configure:8954: checking for  gcc option to produce PIC
configure:8961: result: -fPIC -DPIC
configure:8969: checking if  gcc PIC flag -fPIC -DPIC works
configure:8987:  gcc -c -isystem/home/dima/ROS_Projects/miniardrone_ws/devel/arsdk/out/arsdk-native/staging/usr/include -isystem/home/dima/ROS_Projects/miniardrone_ws/devel/arsdk/out/arsdk-native/staging/usr/include/x86_64-linux-gnu -std=gnu99 -pipe -g -O2 -fno-short-enums -ffunction-sections -m64 -fPIC -msse -msse2 -mssse3 -DALCHEMY_BUILD  -isystem/home/dima/ROS_Projects/miniardrone_ws/devel/arsdk/out/arsdk-native/staging/usr/include -isystem/home/dima/ROS_Projects/miniardrone_ws/devel/arsdk/out/arsdk-native/staging/usr/include/x86_64-linux-gnu -fPIC -DPIC -DPIC conftest.c >&5
configure:8991: $? = 0
configure:9004: result: yes
configure:9033: checking if  gcc static flag -static works
configure:9061: result: yes
configure:9076: checking if  gcc supports -c -o file.o
configure:9097:  gcc -c -isystem/home/dima/ROS_Projects/miniardrone_ws/devel/arsdk/out/arsdk-native/staging/usr/include -isystem/home/dima/ROS_Projects/miniardrone_ws/devel/arsdk/out/arsdk-native/staging/usr/include/x86_64-linux-gnu -std=gnu99 -pipe -g -O2 -fno-short-enums -ffunction-sections -m64 -fPIC -msse -msse2 -mssse3 -DALCHEMY_BUILD  -isystem/home/dima/ROS_Projects/miniardrone_ws/devel/arsdk/out/arsdk-native/staging/usr/include -isystem/home/dima/ROS_Projects/miniardrone_ws/devel/arsdk/out/arsdk-native/staging/usr/include/x86_64-linux-gnu -o out/conftest2.o conftest.c >&5
configure:9101: $? = 0
configure:9123: result: yes
configure:9131: checking if  gcc supports -c -o file.o
configure:9178: result: yes
configure:9211: checking whether the  gcc linker (ld -m elf_x86_64) supports shared libraries
configure:10474: result: yes
configure:10511: checking whether -lc should be explicitly linked in
configure:10519:  gcc -c -isystem/home/dima/ROS_Projects/miniardrone_ws/devel/arsdk/out/arsdk-native/staging/usr/include -isystem/home/dima/ROS_Projects/miniardrone_ws/devel/arsdk/out/arsdk-native/staging/usr/include/x86_64-linux-gnu -std=gnu99 -pipe -g -O2 -fno-short-enums -ffunction-sections -m64 -fPIC -msse -msse2 -mssse3 -DALCHEMY_BUILD  -isystem/home/dima/ROS_Projects/miniardrone_ws/devel/arsdk/out/arsdk-native/staging/usr/include -isystem/home/dima/ROS_Projects/miniardrone_ws/devel/arsdk/out/arsdk-native/staging/usr/include/x86_64-linux-gnu conftest.c >&5
configure:10522: $? = 0
configure:10537:  gcc -shared  -fPIC -DPIC conftest.o  -v -Wl,-soname -Wl,conftest -o conftest 2\>\&1 \| /bin/grep  -lc  \>/dev/null 2\>\&1
configure:10540: $? = 0
configure:10554: result: no
configure:10714: checking dynamic linker characteristics
configure:11295:  gcc -o conftest -isystem/home/dima/ROS_Projects/miniardrone_ws/devel/arsdk/out/arsdk-native/staging/usr/include -isystem/home/dima/ROS_Projects/miniardrone_ws/devel/arsdk/out/arsdk-native/staging/usr/include/x86_64-linux-gnu -std=gnu99 -pipe -g -O2 -fno-short-enums -ffunction-sections -m64 -fPIC -msse -msse2 -mssse3 -DALCHEMY_BUILD  -isystem/home/dima/ROS_Projects/miniardrone_ws/devel/arsdk/out/arsdk-native/staging/usr/include -isystem/home/dima/ROS_Projects/miniardrone_ws/devel/arsdk/out/arsdk-native/staging/usr/include/x86_64-linux-gnu  -m64 -L/home/dima/ROS_Projects/miniardrone_ws/devel/arsdk/out/arsdk-native/staging/lib -L/home/dima/ROS_Projects/miniardrone_ws/devel/arsdk/out/arsdk-native/staging/usr/lib -L/home/dima/ROS_Projects/miniardrone_ws/devel/arsdk/out/arsdk-native/staging/lib/x86_64-linux-gnu -L/home/dima/ROS_Projects/miniardrone_ws/devel/arsdk/out/arsdk-native/staging/usr/lib/x86_64-linux-gnu -L/home/dima/ROS_Projects/miniardrone_ws/devel/arsdk/out/arsdk-native/staging/usr/lib -Wl,-rpath-link=/home/dima/ROS_Projects/miniardrone_ws/devel/arsdk/out/arsdk-native/staging/lib -Wl,-rpath-link=/home/dima/ROS_Projects/miniardrone_ws/devel/arsdk/out/arsdk-native/staging/usr/lib -Wl,-rpath-link=/home/dima/ROS_Projects/miniardrone_ws/devel/arsdk/out/arsdk-native/staging/lib/x86_64-linux-gnu -Wl,-rpath-link=/home/dima/ROS_Projects/miniardrone_ws/devel/arsdk/out/arsdk-native/staging/usr/lib/x86_64-linux-gnu -Wl,-rpath-link=/home/dima/ROS_Projects/miniardrone_ws/devel/arsdk/out/arsdk-native/staging/usr/lib  -pthread -lrt  -Wl,-rpath -Wl,/foo conftest.c  >&5
configure:11295: $? = 0
configure:11544: result: GNU/Linux ld.so
configure:11666: checking how to hardcode library paths into programs
configure:11691: result: immediate
configure:12239: checking whether stripping libraries is possible
configure:12244: result: yes
configure:12279: checking if libtool supports shared libraries
configure:12281: result: yes
configure:12284: checking whether to build shared libraries
configure:12309: result: yes
configure:12312: checking whether to build static libraries
configure:12316: result: yes
configure:12464: checking that generated files are newer than configure
configure:12470: result: done
configure:12493: creating ./config.status

## ---------------------- ##
## Running config.status. ##
## ---------------------- ##

This file was extended by json-c config.status 0.9, which was
generated by GNU Autoconf 2.69.  Invocation command line was

  CONFIG_FILES    = 
  CONFIG_HEADERS  = 
  CONFIG_LINKS    = 
  CONFIG_COMMANDS = 
  $ ./config.status --quiet

on dima-TravelMate-5760ZG

config.status:1113: creating Makefile
config.status:1113: creating json.pc
config.status:1113: creating config.h
config.status:1342: executing depfiles commands
config.status:1342: executing libtool commands

## ---------------- ##
## Cache variables. ##
## ---------------- ##

ac_cv_build=x86_64-pc-linux-gnu
ac_cv_c_compiler_gnu=yes
ac_cv_c_const=yes
ac_cv_env_CC_set=set
ac_cv_env_CC_value=' gcc'
ac_cv_env_CFLAGS_set=set
ac_cv_env_CFLAGS_value='-isystem/home/dima/ROS_Projects/miniardrone_ws/devel/arsdk/out/arsdk-native/staging/usr/include -isystem/home/dima/ROS_Projects/miniardrone_ws/devel/arsdk/out/arsdk-native/staging/usr/include/x86_64-linux-gnu -std=gnu99 -pipe -g -O2 -fno-short-enums -ffunction-sections -m64 -fPIC -msse -msse2 -mssse3 -DALCHEMY_BUILD '
ac_cv_env_CPPFLAGS_set=set
ac_cv_env_CPPFLAGS_value='-isystem/home/dima/ROS_Projects/miniardrone_ws/devel/arsdk/out/arsdk-native/staging/usr/include -isystem/home/dima/ROS_Projects/miniardrone_ws/devel/arsdk/out/arsdk-native/staging/usr/include/x86_64-linux-gnu'
ac_cv_env_CPP_set=set
ac_cv_env_CPP_value=cpp
ac_cv_env_LDFLAGS_set=set
ac_cv_env_LDFLAGS_value=' -m64 -L/home/dima/ROS_Projects/miniardrone_ws/devel/arsdk/out/arsdk-native/staging/lib -L/home/dima/ROS_Projects/miniardrone_ws/devel/arsdk/out/arsdk-native/staging/usr/lib -L/home/dima/ROS_Projects/miniardrone_ws/devel/arsdk/out/arsdk-native/staging/lib/x86_64-linux-gnu -L/home/dima/ROS_Projects/miniardrone_ws/devel/arsdk/out/arsdk-native/staging/usr/lib/x86_64-linux-gnu -L/home/dima/ROS_Projects/miniardrone_ws/devel/arsdk/out/arsdk-native/staging/usr/lib -Wl,-rpath-link=/home/dima/ROS_Projects/miniardrone_ws/devel/arsdk/out/arsdk-native/staging/lib -Wl,-rpath-link=/home/dima/ROS_Projects/miniardrone_ws/devel/arsdk/out/arsdk-native/staging/usr/lib -Wl,-rpath-link=/home/dima/ROS_Projects/miniardrone_ws/devel/arsdk/out/arsdk-native/staging/lib/x86_64-linux-gnu -Wl,-rpath-link=/home/dima/ROS_Projects/miniardrone_ws/devel/arsdk/out/arsdk-native/staging/usr/lib/x86_64-linux-gnu -Wl,-rpath-link=/home/dima/ROS_Projects/miniardrone_ws/devel/arsdk/out/arsdk-native/staging/usr/lib  -pthread -lrt '
ac_cv_env_LIBS_set=
ac_cv_env_LIBS_value=
ac_cv_env_LT_SYS_LIBRARY_PATH_set=
ac_cv_env_LT_SYS_LIBRARY_PATH_value=
ac_cv_env_build_alias_set=
ac_cv_env_build_alias_value=
ac_cv_env_host_alias_set=
ac_cv_env_host_alias_value=
ac_cv_env_target_alias_set=
ac_cv_env_target_alias_value=
ac_cv_func__doprnt=no
ac_cv_func_malloc_0_nonnull=yes
ac_cv_func_memcmp_working=yes
ac_cv_func_open=yes
ac_cv_func_realloc_0_nonnull=yes
ac_cv_func_strerror=yes
ac_cv_func_strncasecmp=yes
ac_cv_func_strndup=yes
ac_cv_func_vasprintf=yes
ac_cv_func_vprintf=yes
ac_cv_func_vsnprintf=yes
ac_cv_func_vsyslog=yes
ac_cv_header_dlfcn_h=yes
ac_cv_header_fcntl_h=yes
ac_cv_header_inttypes_h=yes
ac_cv_header_limits_h=yes
ac_cv_header_memory_h=yes
ac_cv_header_stdarg_h=yes
ac_cv_header_stdc=yes
ac_cv_header_stdint_h=yes
ac_cv_header_stdlib_h=yes
ac_cv_header_string_h=yes
ac_cv_header_strings_h=yes
ac_cv_header_sys_param_h=yes
ac_cv_header_sys_stat_h=yes
ac_cv_header_sys_types_h=yes
ac_cv_header_syslog_h=yes
ac_cv_header_unistd_h=yes
ac_cv_host=x86_64-pc-linux-gnu
ac_cv_objext=o
ac_cv_path_EGREP='/bin/grep -E'
ac_cv_path_FGREP='/bin/grep -F'
ac_cv_path_GREP=/bin/grep
ac_cv_path_SED=/bin/sed
ac_cv_path_lt_DD=/bin/dd
ac_cv_path_mkdir=/bin/mkdir
ac_cv_prog_AWK=mawk
ac_cv_prog_CPP=cpp
ac_cv_prog_YACC=
ac_cv_prog_ac_ct_CC=' gcc'
ac_cv_prog_ac_ct_MANIFEST_TOOL=:
ac_cv_prog_ac_ct_OBJDUMP=objdump
ac_cv_prog_ac_ct_RANLIB=ranlib
ac_cv_prog_ac_ct_STRIP=strip
ac_cv_prog_cc_c89=
ac_cv_prog_cc_g=yes
ac_cv_prog_make_make_set=yes
ac_cv_type_size_t=yes
am_cv_CC_dependencies_compiler_type=gcc3
am_cv_make_support_nested_variables=yes
am_cv_prog_cc_c_o=yes
lt_cv_ar_at_file=@
lt_cv_archive_cmds_need_lc=no
lt_cv_deplibs_check_method=pass_all
lt_cv_file_magic_cmd='$MAGIC_CMD'
lt_cv_file_magic_test_file=
lt_cv_ld_reload_flag=-r
lt_cv_nm_interface='BSD nm'
lt_cv_objdir=.libs
lt_cv_path_LD=ld
lt_cv_path_NM=nm
lt_cv_path_mainfest_tool=no
lt_cv_prog_compiler_c_o=yes
lt_cv_prog_compiler_pic='-fPIC -DPIC'
lt_cv_prog_compiler_pic_works=yes
lt_cv_prog_compiler_rtti_exceptions=no
lt_cv_prog_compiler_static_works=yes
lt_cv_prog_gnu_ld=yes
lt_cv_sharedlib_from_linklib_cmd='printf %s\n'
lt_cv_shlibpath_overrides_runpath=no
lt_cv_sys_global_symbol_pipe='sed -n -e '\''s/^.*[	 ]\([ABCDGIRSTW][ABCDGIRSTW]*\)[	 ][	 ]*\([_A-Za-z][_A-Za-z0-9]*\)$/\1 \2 \2/p'\'' | sed '\''/ __gnu_lto/d'\'''
lt_cv_sys_global_symbol_to_c_name_address='sed -n -e '\''s/^: \(.*\) .*$/  {"\1", (void *) 0},/p'\'' -e '\''s/^[ABCDGIRSTW][ABCDGIRSTW]* .* \(.*\)$/  {"\1", (void *) \&\1},/p'\'''
lt_cv_sys_global_symbol_to_c_name_address_lib_prefix='sed -n -e '\''s/^: \(.*\) .*$/  {"\1", (void *) 0},/p'\'' -e '\''s/^[ABCDGIRSTW][ABCDGIRSTW]* .* \(lib.*\)$/  {"\1", (void *) \&\1},/p'\'' -e '\''s/^[ABCDGIRSTW][ABCDGIRSTW]* .* \(.*\)$/  {"lib\1", (void *) \&\1},/p'\'''
lt_cv_sys_global_symbol_to_cdecl='sed -n -e '\''s/^T .* \(.*\)$/extern int \1();/p'\'' -e '\''s/^[ABCDGIRSTW][ABCDGIRSTW]* .* \(.*\)$/extern char \1;/p'\'''
lt_cv_sys_global_symbol_to_import=
lt_cv_sys_max_cmd_len=1572864
lt_cv_to_host_file_cmd=func_convert_file_noop
lt_cv_to_tool_file_cmd=func_convert_file_noop
lt_cv_truncate_bin='/bin/dd bs=4096 count=1'

## ----------------- ##
## Output variables. ##
## ----------------- ##

ACLOCAL='${SHELL} /home/dima/ROS_Projects/miniardrone_ws/devel/arsdk/out/arsdk-native/build/json/json-c-0.9/missing aclocal-1.15'
AMDEPBACKSLASH='\'
AMDEP_FALSE='#'
AMDEP_TRUE=''
AMTAR='$${TAR-tar}'
AM_BACKSLASH='\'
AM_DEFAULT_V='$(AM_DEFAULT_VERBOSITY)'
AM_DEFAULT_VERBOSITY='0'
AM_V='$(V)'
AR='ar'
AUTOCONF='${SHELL} /home/dima/ROS_Projects/miniardrone_ws/devel/arsdk/out/arsdk-native/build/json/json-c-0.9/missing autoconf'
AUTOHEADER='${SHELL} /home/dima/ROS_Projects/miniardrone_ws/devel/arsdk/out/arsdk-native/build/json/json-c-0.9/missing autoheader'
AUTOMAKE='${SHELL} /home/dima/ROS_Projects/miniardrone_ws/devel/arsdk/out/arsdk-native/build/json/json-c-0.9/missing automake-1.15'
AWK='mawk'
CC=' gcc'
CCDEPMODE='depmode=gcc3'
CFLAGS='-isystem/home/dima/ROS_Projects/miniardrone_ws/devel/arsdk/out/arsdk-native/staging/usr/include -isystem/home/dima/ROS_Projects/miniardrone_ws/devel/arsdk/out/arsdk-native/staging/usr/include/x86_64-linux-gnu -std=gnu99 -pipe -g -O2 -fno-short-enums -ffunction-sections -m64 -fPIC -msse -msse2 -mssse3 -DALCHEMY_BUILD '
CPP='cpp'
CPPFLAGS='-isystem/home/dima/ROS_Projects/miniardrone_ws/devel/arsdk/out/arsdk-native/staging/usr/include -isystem/home/dima/ROS_Projects/miniardrone_ws/devel/arsdk/out/arsdk-native/staging/usr/include/x86_64-linux-gnu'
CYGPATH_W='echo'
DEFS='-DHAVE_CONFIG_H'
DEPDIR='.deps'
DLLTOOL='false'
DSYMUTIL=''
DUMPBIN=''
ECHO_C=''
ECHO_N='-n'
ECHO_T=''
EGREP='/bin/grep -E'
EXEEXT=''
FGREP='/bin/grep -F'
GREP='/bin/grep'
INSTALL_DATA='${INSTALL} -m 644'
INSTALL_PROGRAM='${INSTALL}'
INSTALL_SCRIPT='${INSTALL}'
INSTALL_STRIP_PROGRAM='$(install_sh) -c -s'
LD='ld -m elf_x86_64'
LDFLAGS=' -m64 -L/home/dima/ROS_Projects/miniardrone_ws/devel/arsdk/out/arsdk-native/staging/lib -L/home/dima/ROS_Projects/miniardrone_ws/devel/arsdk/out/arsdk-native/staging/usr/lib -L/home/dima/ROS_Projects/miniardrone_ws/devel/arsdk/out/arsdk-native/staging/lib/x86_64-linux-gnu -L/home/dima/ROS_Projects/miniardrone_ws/devel/arsdk/out/arsdk-native/staging/usr/lib/x86_64-linux-gnu -L/home/dima/ROS_Projects/miniardrone_ws/devel/arsdk/out/arsdk-native/staging/usr/lib -Wl,-rpath-link=/home/dima/ROS_Projects/miniardrone_ws/devel/arsdk/out/arsdk-native/staging/lib -Wl,-rpath-link=/home/dima/ROS_Projects/miniardrone_ws/devel/arsdk/out/arsdk-native/staging/usr/lib -Wl,-rpath-link=/home/dima/ROS_Projects/miniardrone_ws/devel/arsdk/out/arsdk-native/staging/lib/x86_64-linux-gnu -Wl,-rpath-link=/home/dima/ROS_Projects/miniardrone_ws/devel/arsdk/out/arsdk-native/staging/usr/lib/x86_64-linux-gnu -Wl,-rpath-link=/home/dima/ROS_Projects/miniardrone_ws/devel/arsdk/out/arsdk-native/staging/usr/lib  -pthread -lrt '
LIBOBJS=''
LIBS=''
LIBTOOL='$(SHELL) $(top_builddir)/libtool'
LIPO=''
LN_S='ln -s'
LTLIBOBJS=''
LT_SYS_LIBRARY_PATH=''
MAKEINFO='${SHELL} /home/dima/ROS_Projects/miniardrone_ws/devel/arsdk/out/arsdk-native/build/json/json-c-0.9/missing makeinfo'
MANIFEST_TOOL=':'
MKDIR_P='/bin/mkdir -p'
NM='nm'
NMEDIT=''
OBJDUMP='objdump'
OBJEXT='o'
OTOOL64=''
OTOOL=''
PACKAGE='json-c'
PACKAGE_BUGREPORT='michael@metaparadigm.com'
PACKAGE_NAME='json-c'
PACKAGE_STRING='json-c 0.9'
PACKAGE_TARNAME='json-c'
PACKAGE_URL=''
PACKAGE_VERSION='0.9'
PATH_SEPARATOR=':'
RANLIB='ranlib'
SED='/bin/sed'
SET_MAKE=''
SHELL='/bin/bash'
STRIP='strip'
VERSION='0.9'
ac_ct_AR=''
ac_ct_CC=' gcc'
ac_ct_DUMPBIN=''
am__EXEEXT_FALSE=''
am__EXEEXT_TRUE='#'
am__fastdepCC_FALSE='#'
am__fastdepCC_TRUE=''
am__include='include'
am__isrc=''
am__leading_dot='.'
am__nodep='_no'
am__quote=''
am__tar='$${TAR-tar} chof - "$$tardir"'
am__untar='$${TAR-tar} xf -'
bindir='${exec_prefix}/bin'
build='x86_64-pc-linux-gnu'
build_alias=''
build_cpu='x86_64'
build_os='linux-gnu'
build_vendor='pc'
datadir='${datarootdir}'
datarootdir='${prefix}/share'
docdir='${datarootdir}/doc/${PACKAGE_TARNAME}'
dvidir='${docdir}'
exec_prefix='${prefix}'
host='x86_64-pc-linux-gnu'
host_alias=''
host_cpu='x86_64'
host_os='linux-gnu'
host_vendor='pc'
htmldir='${docdir}'
includedir='${prefix}/include'
infodir='${datarootdir}/info'
install_sh='${SHELL} /home/dima/ROS_Projects/miniardrone_ws/devel/arsdk/out/arsdk-native/build/json/json-c-0.9/install-sh'
libdir='${exec_prefix}/lib'
libexecdir='${exec_prefix}/libexec'
localedir='${datarootdir}/locale'
localstatedir='${prefix}/var'
mandir='${datarootdir}/man'
mkdir_p='$(MKDIR_P)'
oldincludedir='/usr/include'
pdfdir='${docdir}'
prefix='/home/dima/ROS_Projects/miniardrone_ws/devel/arsdk/out/arsdk-native/staging/usr'
program_transform_name='s,x,x,'
psdir='${docdir}'
runstatedir='${localstatedir}/run'
sbindir='${exec_prefix}/sbin'
sharedstatedir='${prefix}/com'
sysconfdir='/home/dima/ROS_Projects/miniardrone_ws/devel/arsdk/out/arsdk-native/staging/etc'
target_alias=''

## ----------- ##
## confdefs.h. ##
## ----------- ##

/* confdefs.h */
#define PACKAGE_NAME "json-c"
#define PACKAGE_TARNAME "json-c"
#define PACKAGE_VERSION "0.9"
#define PACKAGE_STRING "json-c 0.9"
#define PACKAGE_BUGREPORT "michael@metaparadigm.com"
#define PACKAGE_URL ""
#define PACKAGE "json-c"
#define VERSION "0.9"
#define STDC_HEADERS 1
#define HAVE_SYS_TYPES_H 1
#define HAVE_SYS_STAT_H 1
#define HAVE_STDLIB_H 1
#define HAVE_STRING_H 1
#define HAVE_MEMORY_H 1
#define HAVE_STRINGS_H 1
#define HAVE_INTTYPES_H 1
#define HAVE_STDINT_H 1
#define HAVE_UNISTD_H 1
#define HAVE_FCNTL_H 1
#define HAVE_LIMITS_H 1
#define HAVE_STRINGS_H 1
#define HAVE_SYSLOG_H 1
#define HAVE_UNISTD_H 1
#define HAVE_SYS_PARAM_H 1
#define HAVE_STDARG_H 1
#define HAVE_VPRINTF 1
#define HAVE_STDLIB_H 1
#define HAVE_MALLOC 1
#define HAVE_STDLIB_H 1
#define HAVE_REALLOC 1
#define HAVE_STRNDUP 1
#define HAVE_STRERROR 1
#define HAVE_VSNPRINTF 1
#define HAVE_VASPRINTF 1
#define HAVE_OPEN 1
#define HAVE_VSYSLOG 1
#define HAVE_STRNCASECMP 1
#define HAVE_DLFCN_H 1
#define LT_OBJDIR ".libs/"

configure: exit 0
