This file contains any messages produced by compilers while
running configure, to aid debugging if configure makes a mistake.

It was created by libressl configure 2.2.1, which was
generated by GNU Autoconf 2.69.  Invocation command line was

  $ /home/dima/ROS_Projects/miniardrone_ws/devel/arsdk/out/arsdk-native/build/libressl/libressl-2.2.1/configure --prefix=/home/dima/ROS_Projects/miniardrone_ws/devel/arsdk/out/arsdk-native/staging/usr --sysconfdir=/home/dima/ROS_Projects/miniardrone_ws/devel/arsdk/out/arsdk-native/staging/etc ac_cv_prog_YACC= --disable-maintainer-mode --disable-nls --disable-gtk-doc --disable-gtk-doc-html --disable-doxygen-docs --disable-doc --disable-docs --disable-documentation --disable-option-checking --quiet --enable-silent-rules --enable-static --disable-shared

## --------- ##
## Platform. ##
## --------- ##

hostname = dima-TravelMate-5760ZG
uname -m = x86_64
uname -r = 4.4.0-38-generic
uname -s = Linux
uname -v = #57-Ubuntu SMP Tue Sep 6 15:42:33 UTC 2016

/usr/bin/uname -p = unknown
/bin/uname -X     = unknown

/bin/arch              = unknown
/usr/bin/arch -k       = unknown
/usr/convex/getsysinfo = unknown
/usr/bin/hostinfo      = unknown
/bin/machine           = unknown
/usr/bin/oslevel       = unknown
/bin/universe          = unknown

PATH: /home/dima/ROS_Projects/miniardrone_ws/devel/arsdk/out/arsdk-native/staging-host/bin
PATH: /home/dima/ROS_Projects/miniardrone_ws/devel/arsdk/out/arsdk-native/staging-host/usr/bin
PATH: /opt/ros/kinetic/bin
PATH: /opt/qt57/bin
PATH: /home/dima/bin
PATH: /home/dima/.local/bin
PATH: /usr/local/sbin
PATH: /usr/local/bin
PATH: /usr/sbin
PATH: /usr/bin
PATH: /sbin
PATH: /bin
PATH: /usr/games
PATH: /usr/local/games
PATH: /snap/bin


## ----------- ##
## Core tests. ##
## ----------- ##

configure:2347: checking build system type
configure:2361: result: x86_64-pc-linux-gnu
configure:2381: checking host system type
configure:2394: result: x86_64-pc-linux-gnu
configure:2430: checking for a BSD-compatible install
configure:2498: result: /usr/bin/install -p
configure:2509: checking whether build environment is sane
configure:2564: result: yes
configure:2715: checking for a thread-safe mkdir -p
configure:2754: result: /bin/mkdir -p
configure:2761: checking for gawk
configure:2791: result: no
configure:2761: checking for mawk
configure:2777: found /usr/bin/mawk
configure:2788: result: mawk
configure:2799: checking whether make sets $(MAKE)
configure:2821: result: yes
configure:2850: checking whether make supports nested variables
configure:2867: result: yes
configure:3006: checking whether make supports nested variables
configure:3023: result: yes
configure:3086: checking for gcc
configure:3113: result:  gcc
configure:3342: checking for C compiler version
configure:3351:  gcc --version >&5
gcc (Ubuntu 5.4.0-6ubuntu1~16.04.2) 5.4.0 20160609
Copyright (C) 2015 Free Software Foundation, Inc.
This is free software; see the source for copying conditions.  There is NO
warranty; not even for MERCHANTABILITY or FITNESS FOR A PARTICULAR PURPOSE.

configure:3362: $? = 0
configure:3351:  gcc -v >&5
Using built-in specs.
COLLECT_GCC=gcc
COLLECT_LTO_WRAPPER=/usr/lib/gcc/x86_64-linux-gnu/5/lto-wrapper
Target: x86_64-linux-gnu
Configured with: ../src/configure -v --with-pkgversion='Ubuntu 5.4.0-6ubuntu1~16.04.2' --with-bugurl=file:///usr/share/doc/gcc-5/README.Bugs --enable-languages=c,ada,c++,java,go,d,fortran,objc,obj-c++ --prefix=/usr --program-suffix=-5 --enable-shared --enable-linker-build-id --libexecdir=/usr/lib --without-included-gettext --enable-threads=posix --libdir=/usr/lib --enable-nls --with-sysroot=/ --enable-clocale=gnu --enable-libstdcxx-debug --enable-libstdcxx-time=yes --with-default-libstdcxx-abi=new --enable-gnu-unique-object --disable-vtable-verify --enable-libmpx --enable-plugin --with-system-zlib --disable-browser-plugin --enable-java-awt=gtk --enable-gtk-cairo --with-java-home=/usr/lib/jvm/java-1.5.0-gcj-5-amd64/jre --enable-java-home --with-jvm-root-dir=/usr/lib/jvm/java-1.5.0-gcj-5-amd64 --with-jvm-jar-dir=/usr/lib/jvm-exports/java-1.5.0-gcj-5-amd64 --with-arch-directory=amd64 --with-ecj-jar=/usr/share/java/eclipse-ecj.jar --enable-objc-gc --enable-multiarch --disable-werror --with-arch-32=i686 --with-abi=m64 --with-multilib-list=m32,m64,mx32 --enable-multilib --with-tune=generic --enable-checking=release --build=x86_64-linux-gnu --host=x86_64-linux-gnu --target=x86_64-linux-gnu
Thread model: posix
gcc version 5.4.0 20160609 (Ubuntu 5.4.0-6ubuntu1~16.04.2) 
configure:3362: $? = 0
configure:3351:  gcc -V >&5
gcc: error: unrecognized command line option '-V'
gcc: fatal error: no input files
compilation terminated.
configure:3362: $? = 1
configure:3351:  gcc -qversion >&5
gcc: error: unrecognized command line option '-qversion'
gcc: fatal error: no input files
compilation terminated.
configure:3362: $? = 1
configure:3382: checking whether the C compiler works
configure:3404:  gcc -isystem/home/dima/ROS_Projects/miniardrone_ws/devel/arsdk/out/arsdk-native/staging/usr/include -isystem/home/dima/ROS_Projects/miniardrone_ws/devel/arsdk/out/arsdk-native/staging/usr/include/x86_64-linux-gnu -std=gnu99 -pipe -g -O2 -fno-short-enums -ffunction-sections -m64 -fPIC -msse -msse2 -mssse3 -DALCHEMY_BUILD  -isystem/home/dima/ROS_Projects/miniardrone_ws/devel/arsdk/out/arsdk-native/staging/usr/include -isystem/home/dima/ROS_Projects/miniardrone_ws/devel/arsdk/out/arsdk-native/staging/usr/include/x86_64-linux-gnu  -m64 -L/home/dima/ROS_Projects/miniardrone_ws/devel/arsdk/out/arsdk-native/staging/lib -L/home/dima/ROS_Projects/miniardrone_ws/devel/arsdk/out/arsdk-native/staging/usr/lib -L/home/dima/ROS_Projects/miniardrone_ws/devel/arsdk/out/arsdk-native/staging/lib/x86_64-linux-gnu -L/home/dima/ROS_Projects/miniardrone_ws/devel/arsdk/out/arsdk-native/staging/usr/lib/x86_64-linux-gnu -L/home/dima/ROS_Projects/miniardrone_ws/devel/arsdk/out/arsdk-native/staging/usr/lib -Wl,-rpath-link=/home/dima/ROS_Projects/miniardrone_ws/devel/arsdk/out/arsdk-native/staging/lib -Wl,-rpath-link=/home/dima/ROS_Projects/miniardrone_ws/devel/arsdk/out/arsdk-native/staging/usr/lib -Wl,-rpath-link=/home/dima/ROS_Projects/miniardrone_ws/devel/arsdk/out/arsdk-native/staging/lib/x86_64-linux-gnu -Wl,-rpath-link=/home/dima/ROS_Projects/miniardrone_ws/devel/arsdk/out/arsdk-native/staging/usr/lib/x86_64-linux-gnu -Wl,-rpath-link=/home/dima/ROS_Projects/miniardrone_ws/devel/arsdk/out/arsdk-native/staging/usr/lib  -pthread -lrt  conftest.c  >&5
configure:3408: $? = 0
configure:3456: result: yes
configure:3459: checking for C compiler default output file name
configure:3461: result: a.out
configure:3467: checking for suffix of executables
configure:3474:  gcc -o conftest -isystem/home/dima/ROS_Projects/miniardrone_ws/devel/arsdk/out/arsdk-native/staging/usr/include -isystem/home/dima/ROS_Projects/miniardrone_ws/devel/arsdk/out/arsdk-native/staging/usr/include/x86_64-linux-gnu -std=gnu99 -pipe -g -O2 -fno-short-enums -ffunction-sections -m64 -fPIC -msse -msse2 -mssse3 -DALCHEMY_BUILD  -isystem/home/dima/ROS_Projects/miniardrone_ws/devel/arsdk/out/arsdk-native/staging/usr/include -isystem/home/dima/ROS_Projects/miniardrone_ws/devel/arsdk/out/arsdk-native/staging/usr/include/x86_64-linux-gnu  -m64 -L/home/dima/ROS_Projects/miniardrone_ws/devel/arsdk/out/arsdk-native/staging/lib -L/home/dima/ROS_Projects/miniardrone_ws/devel/arsdk/out/arsdk-native/staging/usr/lib -L/home/dima/ROS_Projects/miniardrone_ws/devel/arsdk/out/arsdk-native/staging/lib/x86_64-linux-gnu -L/home/dima/ROS_Projects/miniardrone_ws/devel/arsdk/out/arsdk-native/staging/usr/lib/x86_64-linux-gnu -L/home/dima/ROS_Projects/miniardrone_ws/devel/arsdk/out/arsdk-native/staging/usr/lib -Wl,-rpath-link=/home/dima/ROS_Projects/miniardrone_ws/devel/arsdk/out/arsdk-native/staging/lib -Wl,-rpath-link=/home/dima/ROS_Projects/miniardrone_ws/devel/arsdk/out/arsdk-native/staging/usr/lib -Wl,-rpath-link=/home/dima/ROS_Projects/miniardrone_ws/devel/arsdk/out/arsdk-native/staging/lib/x86_64-linux-gnu -Wl,-rpath-link=/home/dima/ROS_Projects/miniardrone_ws/devel/arsdk/out/arsdk-native/staging/usr/lib/x86_64-linux-gnu -Wl,-rpath-link=/home/dima/ROS_Projects/miniardrone_ws/devel/arsdk/out/arsdk-native/staging/usr/lib  -pthread -lrt  conftest.c  >&5
configure:3478: $? = 0
configure:3500: result: 
configure:3522: checking whether we are cross compiling
configure:3530:  gcc -o conftest -isystem/home/dima/ROS_Projects/miniardrone_ws/devel/arsdk/out/arsdk-native/staging/usr/include -isystem/home/dima/ROS_Projects/miniardrone_ws/devel/arsdk/out/arsdk-native/staging/usr/include/x86_64-linux-gnu -std=gnu99 -pipe -g -O2 -fno-short-enums -ffunction-sections -m64 -fPIC -msse -msse2 -mssse3 -DALCHEMY_BUILD  -isystem/home/dima/ROS_Projects/miniardrone_ws/devel/arsdk/out/arsdk-native/staging/usr/include -isystem/home/dima/ROS_Projects/miniardrone_ws/devel/arsdk/out/arsdk-native/staging/usr/include/x86_64-linux-gnu  -m64 -L/home/dima/ROS_Projects/miniardrone_ws/devel/arsdk/out/arsdk-native/staging/lib -L/home/dima/ROS_Projects/miniardrone_ws/devel/arsdk/out/arsdk-native/staging/usr/lib -L/home/dima/ROS_Projects/miniardrone_ws/devel/arsdk/out/arsdk-native/staging/lib/x86_64-linux-gnu -L/home/dima/ROS_Projects/miniardrone_ws/devel/arsdk/out/arsdk-native/staging/usr/lib/x86_64-linux-gnu -L/home/dima/ROS_Projects/miniardrone_ws/devel/arsdk/out/arsdk-native/staging/usr/lib -Wl,-rpath-link=/home/dima/ROS_Projects/miniardrone_ws/devel/arsdk/out/arsdk-native/staging/lib -Wl,-rpath-link=/home/dima/ROS_Projects/miniardrone_ws/devel/arsdk/out/arsdk-native/staging/usr/lib -Wl,-rpath-link=/home/dima/ROS_Projects/miniardrone_ws/devel/arsdk/out/arsdk-native/staging/lib/x86_64-linux-gnu -Wl,-rpath-link=/home/dima/ROS_Projects/miniardrone_ws/devel/arsdk/out/arsdk-native/staging/usr/lib/x86_64-linux-gnu -Wl,-rpath-link=/home/dima/ROS_Projects/miniardrone_ws/devel/arsdk/out/arsdk-native/staging/usr/lib  -pthread -lrt  conftest.c  >&5
configure:3534: $? = 0
configure:3541: ./conftest
configure:3545: $? = 0
configure:3560: result: no
configure:3565: checking for suffix of object files
configure:3587:  gcc -c -isystem/home/dima/ROS_Projects/miniardrone_ws/devel/arsdk/out/arsdk-native/staging/usr/include -isystem/home/dima/ROS_Projects/miniardrone_ws/devel/arsdk/out/arsdk-native/staging/usr/include/x86_64-linux-gnu -std=gnu99 -pipe -g -O2 -fno-short-enums -ffunction-sections -m64 -fPIC -msse -msse2 -mssse3 -DALCHEMY_BUILD  -isystem/home/dima/ROS_Projects/miniardrone_ws/devel/arsdk/out/arsdk-native/staging/usr/include -isystem/home/dima/ROS_Projects/miniardrone_ws/devel/arsdk/out/arsdk-native/staging/usr/include/x86_64-linux-gnu conftest.c >&5
configure:3591: $? = 0
configure:3612: result: o
configure:3616: checking whether we are using the GNU C compiler
configure:3635:  gcc -c -isystem/home/dima/ROS_Projects/miniardrone_ws/devel/arsdk/out/arsdk-native/staging/usr/include -isystem/home/dima/ROS_Projects/miniardrone_ws/devel/arsdk/out/arsdk-native/staging/usr/include/x86_64-linux-gnu -std=gnu99 -pipe -g -O2 -fno-short-enums -ffunction-sections -m64 -fPIC -msse -msse2 -mssse3 -DALCHEMY_BUILD  -isystem/home/dima/ROS_Projects/miniardrone_ws/devel/arsdk/out/arsdk-native/staging/usr/include -isystem/home/dima/ROS_Projects/miniardrone_ws/devel/arsdk/out/arsdk-native/staging/usr/include/x86_64-linux-gnu conftest.c >&5
configure:3635: $? = 0
configure:3644: result: yes
configure:3653: checking whether  gcc accepts -g
configure:3673:  gcc -c -g -isystem/home/dima/ROS_Projects/miniardrone_ws/devel/arsdk/out/arsdk-native/staging/usr/include -isystem/home/dima/ROS_Projects/miniardrone_ws/devel/arsdk/out/arsdk-native/staging/usr/include/x86_64-linux-gnu conftest.c >&5
configure:3673: $? = 0
configure:3714: result: yes
configure:3731: checking for  gcc option to accept ISO C89
configure:3794:  gcc  -c -isystem/home/dima/ROS_Projects/miniardrone_ws/devel/arsdk/out/arsdk-native/staging/usr/include -isystem/home/dima/ROS_Projects/miniardrone_ws/devel/arsdk/out/arsdk-native/staging/usr/include/x86_64-linux-gnu -std=gnu99 -pipe -g -O2 -fno-short-enums -ffunction-sections -m64 -fPIC -msse -msse2 -mssse3 -DALCHEMY_BUILD  -isystem/home/dima/ROS_Projects/miniardrone_ws/devel/arsdk/out/arsdk-native/staging/usr/include -isystem/home/dima/ROS_Projects/miniardrone_ws/devel/arsdk/out/arsdk-native/staging/usr/include/x86_64-linux-gnu conftest.c >&5
configure:3794: $? = 0
configure:3807: result: none needed
configure:3832: checking whether  gcc understands -c and -o together
configure:3854:  gcc -c conftest.c -o conftest2.o
configure:3857: $? = 0
configure:3854:  gcc -c conftest.c -o conftest2.o
configure:3857: $? = 0
configure:3869: result: yes
configure:3897: checking for style of include used by make
configure:3925: result: GNU
configure:3951: checking dependency style of  gcc
configure:4062: result: gcc3
configure:4081: checking for  gcc option to accept ISO C99
configure:4230:  gcc  -c -isystem/home/dima/ROS_Projects/miniardrone_ws/devel/arsdk/out/arsdk-native/staging/usr/include -isystem/home/dima/ROS_Projects/miniardrone_ws/devel/arsdk/out/arsdk-native/staging/usr/include/x86_64-linux-gnu -std=gnu99 -pipe -g -O2 -fno-short-enums -ffunction-sections -m64 -fPIC -msse -msse2 -mssse3 -DALCHEMY_BUILD  -isystem/home/dima/ROS_Projects/miniardrone_ws/devel/arsdk/out/arsdk-native/staging/usr/include -isystem/home/dima/ROS_Projects/miniardrone_ws/devel/arsdk/out/arsdk-native/staging/usr/include/x86_64-linux-gnu conftest.c >&5
configure:4230: $? = 0
configure:4243: result: none needed
configure:4351: checking for  gcc option to accept ISO Standard C
configure:4362: result: none needed
configure:4416: checking how to print strings
configure:4443: result: printf
configure:4464: checking for a sed that does not truncate output
configure:4528: result: /bin/sed
configure:4546: checking for grep that handles long lines and -e
configure:4604: result: /bin/grep
configure:4609: checking for egrep
configure:4671: result: /bin/grep -E
configure:4676: checking for fgrep
configure:4738: result: /bin/grep -F
configure:4773: checking for ld used by  gcc
configure:4840: result: ld
configure:4847: checking if the linker (ld) is GNU ld
configure:4862: result: yes
configure:4874: checking for BSD- or MS-compatible name lister (nm)
configure:4928: result: nm
configure:5058: checking the name lister (nm) interface
configure:5065:  gcc -c -isystem/home/dima/ROS_Projects/miniardrone_ws/devel/arsdk/out/arsdk-native/staging/usr/include -isystem/home/dima/ROS_Projects/miniardrone_ws/devel/arsdk/out/arsdk-native/staging/usr/include/x86_64-linux-gnu -std=gnu99 -pipe -g -O2 -fno-short-enums -ffunction-sections -m64 -fPIC -msse -msse2 -mssse3 -DALCHEMY_BUILD  -isystem/home/dima/ROS_Projects/miniardrone_ws/devel/arsdk/out/arsdk-native/staging/usr/include -isystem/home/dima/ROS_Projects/miniardrone_ws/devel/arsdk/out/arsdk-native/staging/usr/include/x86_64-linux-gnu conftest.c >&5
configure:5068: nm "conftest.o"
configure:5071: output
0000000000000000 B some_variable
configure:5078: result: BSD nm
configure:5081: checking whether ln -s works
configure:5085: result: yes
configure:5093: checking the maximum length of command line arguments
configure:5224: result: 1572864
configure:5272: checking how to convert x86_64-pc-linux-gnu file names to x86_64-pc-linux-gnu format
configure:5312: result: func_convert_file_noop
configure:5319: checking how to convert x86_64-pc-linux-gnu file names to toolchain format
configure:5339: result: func_convert_file_noop
configure:5346: checking for ld option to reload object files
configure:5353: result: -r
configure:5427: checking for objdump
configure:5454: result: objdump
configure:5486: checking how to recognize dependent libraries
configure:5686: result: pass_all
configure:5771: checking for dlltool
configure:5801: result: no
configure:5831: checking how to associate runtime and link libraries
configure:5858: result: printf %s\n
configure:5983: checking for archiver @FILE support
configure:6000:  gcc -c -isystem/home/dima/ROS_Projects/miniardrone_ws/devel/arsdk/out/arsdk-native/staging/usr/include -isystem/home/dima/ROS_Projects/miniardrone_ws/devel/arsdk/out/arsdk-native/staging/usr/include/x86_64-linux-gnu -std=gnu99 -pipe -g -O2 -fno-short-enums -ffunction-sections -m64 -fPIC -msse -msse2 -mssse3 -DALCHEMY_BUILD  -isystem/home/dima/ROS_Projects/miniardrone_ws/devel/arsdk/out/arsdk-native/staging/usr/include -isystem/home/dima/ROS_Projects/miniardrone_ws/devel/arsdk/out/arsdk-native/staging/usr/include/x86_64-linux-gnu conftest.c >&5
configure:6000: $? = 0
configure:6003: ar cru libconftest.a @conftest.lst >&5
ar: `u' modifier ignored since `D' is the default (see `U')
configure:6006: $? = 0
configure:6011: ar cru libconftest.a @conftest.lst >&5
ar: `u' modifier ignored since `D' is the default (see `U')
ar: conftest.o: No such file or directory
configure:6014: $? = 1
configure:6026: result: @
configure:6084: checking for strip
configure:6111: result: strip
configure:6183: checking for ranlib
configure:6210: result: ranlib
configure:6312: checking command to parse nm output from  gcc object
configure:6465:  gcc -c -isystem/home/dima/ROS_Projects/miniardrone_ws/devel/arsdk/out/arsdk-native/staging/usr/include -isystem/home/dima/ROS_Projects/miniardrone_ws/devel/arsdk/out/arsdk-native/staging/usr/include/x86_64-linux-gnu -std=gnu99 -pipe -g -O2 -fno-short-enums -ffunction-sections -m64 -fPIC -msse -msse2 -mssse3 -DALCHEMY_BUILD  -isystem/home/dima/ROS_Projects/miniardrone_ws/devel/arsdk/out/arsdk-native/staging/usr/include -isystem/home/dima/ROS_Projects/miniardrone_ws/devel/arsdk/out/arsdk-native/staging/usr/include/x86_64-linux-gnu conftest.c >&5
configure:6468: $? = 0
configure:6472: nm conftest.o \| sed -n -e 's/^.*[ ]\([ABCDGIRSTW][ABCDGIRSTW]*\)[ ][ ]*\([_A-Za-z][_A-Za-z0-9]*\)$/\1 \2 \2/p' | sed '/ __gnu_lto/d' \> conftest.nm
configure:6475: $? = 0
configure:6541:  gcc -o conftest -isystem/home/dima/ROS_Projects/miniardrone_ws/devel/arsdk/out/arsdk-native/staging/usr/include -isystem/home/dima/ROS_Projects/miniardrone_ws/devel/arsdk/out/arsdk-native/staging/usr/include/x86_64-linux-gnu -std=gnu99 -pipe -g -O2 -fno-short-enums -ffunction-sections -m64 -fPIC -msse -msse2 -mssse3 -DALCHEMY_BUILD  -isystem/home/dima/ROS_Projects/miniardrone_ws/devel/arsdk/out/arsdk-native/staging/usr/include -isystem/home/dima/ROS_Projects/miniardrone_ws/devel/arsdk/out/arsdk-native/staging/usr/include/x86_64-linux-gnu  -m64 -L/home/dima/ROS_Projects/miniardrone_ws/devel/arsdk/out/arsdk-native/staging/lib -L/home/dima/ROS_Projects/miniardrone_ws/devel/arsdk/out/arsdk-native/staging/usr/lib -L/home/dima/ROS_Projects/miniardrone_ws/devel/arsdk/out/arsdk-native/staging/lib/x86_64-linux-gnu -L/home/dima/ROS_Projects/miniardrone_ws/devel/arsdk/out/arsdk-native/staging/usr/lib/x86_64-linux-gnu -L/home/dima/ROS_Projects/miniardrone_ws/devel/arsdk/out/arsdk-native/staging/usr/lib -Wl,-rpath-link=/home/dima/ROS_Projects/miniardrone_ws/devel/arsdk/out/arsdk-native/staging/lib -Wl,-rpath-link=/home/dima/ROS_Projects/miniardrone_ws/devel/arsdk/out/arsdk-native/staging/usr/lib -Wl,-rpath-link=/home/dima/ROS_Projects/miniardrone_ws/devel/arsdk/out/arsdk-native/staging/lib/x86_64-linux-gnu -Wl,-rpath-link=/home/dima/ROS_Projects/miniardrone_ws/devel/arsdk/out/arsdk-native/staging/usr/lib/x86_64-linux-gnu -Wl,-rpath-link=/home/dima/ROS_Projects/miniardrone_ws/devel/arsdk/out/arsdk-native/staging/usr/lib  -pthread -lrt  conftest.c conftstm.o >&5
configure:6544: $? = 0
configure:6582: result: ok
configure:6629: checking for sysroot
configure:6659: result: no
configure:6666: checking for a working dd
configure:6704: result: /bin/dd
configure:6708: checking how to truncate binary pipes
configure:6723: result: /bin/dd bs=4096 count=1
configure:6859:  gcc -c -isystem/home/dima/ROS_Projects/miniardrone_ws/devel/arsdk/out/arsdk-native/staging/usr/include -isystem/home/dima/ROS_Projects/miniardrone_ws/devel/arsdk/out/arsdk-native/staging/usr/include/x86_64-linux-gnu -std=gnu99 -pipe -g -O2 -fno-short-enums -ffunction-sections -m64 -fPIC -msse -msse2 -mssse3 -DALCHEMY_BUILD  -isystem/home/dima/ROS_Projects/miniardrone_ws/devel/arsdk/out/arsdk-native/staging/usr/include -isystem/home/dima/ROS_Projects/miniardrone_ws/devel/arsdk/out/arsdk-native/staging/usr/include/x86_64-linux-gnu conftest.c >&5
configure:6862: $? = 0
configure:7052: checking for mt
configure:7079: result: :
configure:7102: checking if : is a manifest tool
configure:7108: : '-?'
configure:7116: result: no
configure:7793: checking how to run the C preprocessor
configure:7863: result: cpp
configure:7883: cpp -isystem/home/dima/ROS_Projects/miniardrone_ws/devel/arsdk/out/arsdk-native/staging/usr/include -isystem/home/dima/ROS_Projects/miniardrone_ws/devel/arsdk/out/arsdk-native/staging/usr/include/x86_64-linux-gnu conftest.c
configure:7883: $? = 0
configure:7897: cpp -isystem/home/dima/ROS_Projects/miniardrone_ws/devel/arsdk/out/arsdk-native/staging/usr/include -isystem/home/dima/ROS_Projects/miniardrone_ws/devel/arsdk/out/arsdk-native/staging/usr/include/x86_64-linux-gnu conftest.c
conftest.c:11:28: fatal error: ac_nonexistent.h: No such file or directory
compilation terminated.
configure:7897: $? = 1
configure: failed program was:
| /* confdefs.h */
| #define PACKAGE_NAME "libressl"
| #define PACKAGE_TARNAME "libressl"
| #define PACKAGE_VERSION "2.2.1"
| #define PACKAGE_STRING "libressl 2.2.1"
| #define PACKAGE_BUGREPORT ""
| #define PACKAGE_URL ""
| #define PACKAGE "libressl"
| #define VERSION "2.2.1"
| /* end confdefs.h.  */
| #include <ac_nonexistent.h>
configure:7926: checking for ANSI C header files
configure:7946:  gcc -c -isystem/home/dima/ROS_Projects/miniardrone_ws/devel/arsdk/out/arsdk-native/staging/usr/include -isystem/home/dima/ROS_Projects/miniardrone_ws/devel/arsdk/out/arsdk-native/staging/usr/include/x86_64-linux-gnu -std=gnu99 -pipe -g -O2 -fno-short-enums -ffunction-sections -m64 -fPIC -msse -msse2 -mssse3 -DALCHEMY_BUILD  -isystem/home/dima/ROS_Projects/miniardrone_ws/devel/arsdk/out/arsdk-native/staging/usr/include -isystem/home/dima/ROS_Projects/miniardrone_ws/devel/arsdk/out/arsdk-native/staging/usr/include/x86_64-linux-gnu conftest.c >&5
configure:7946: $? = 0
configure:8019:  gcc -o conftest -isystem/home/dima/ROS_Projects/miniardrone_ws/devel/arsdk/out/arsdk-native/staging/usr/include -isystem/home/dima/ROS_Projects/miniardrone_ws/devel/arsdk/out/arsdk-native/staging/usr/include/x86_64-linux-gnu -std=gnu99 -pipe -g -O2 -fno-short-enums -ffunction-sections -m64 -fPIC -msse -msse2 -mssse3 -DALCHEMY_BUILD  -isystem/home/dima/ROS_Projects/miniardrone_ws/devel/arsdk/out/arsdk-native/staging/usr/include -isystem/home/dima/ROS_Projects/miniardrone_ws/devel/arsdk/out/arsdk-native/staging/usr/include/x86_64-linux-gnu  -m64 -L/home/dima/ROS_Projects/miniardrone_ws/devel/arsdk/out/arsdk-native/staging/lib -L/home/dima/ROS_Projects/miniardrone_ws/devel/arsdk/out/arsdk-native/staging/usr/lib -L/home/dima/ROS_Projects/miniardrone_ws/devel/arsdk/out/arsdk-native/staging/lib/x86_64-linux-gnu -L/home/dima/ROS_Projects/miniardrone_ws/devel/arsdk/out/arsdk-native/staging/usr/lib/x86_64-linux-gnu -L/home/dima/ROS_Projects/miniardrone_ws/devel/arsdk/out/arsdk-native/staging/usr/lib -Wl,-rpath-link=/home/dima/ROS_Projects/miniardrone_ws/devel/arsdk/out/arsdk-native/staging/lib -Wl,-rpath-link=/home/dima/ROS_Projects/miniardrone_ws/devel/arsdk/out/arsdk-native/staging/usr/lib -Wl,-rpath-link=/home/dima/ROS_Projects/miniardrone_ws/devel/arsdk/out/arsdk-native/staging/lib/x86_64-linux-gnu -Wl,-rpath-link=/home/dima/ROS_Projects/miniardrone_ws/devel/arsdk/out/arsdk-native/staging/usr/lib/x86_64-linux-gnu -Wl,-rpath-link=/home/dima/ROS_Projects/miniardrone_ws/devel/arsdk/out/arsdk-native/staging/usr/lib  -pthread -lrt  conftest.c  >&5
configure:8019: $? = 0
configure:8019: ./conftest
configure:8019: $? = 0
configure:8030: result: yes
configure:8043: checking for sys/types.h
configure:8043:  gcc -c -isystem/home/dima/ROS_Projects/miniardrone_ws/devel/arsdk/out/arsdk-native/staging/usr/include -isystem/home/dima/ROS_Projects/miniardrone_ws/devel/arsdk/out/arsdk-native/staging/usr/include/x86_64-linux-gnu -std=gnu99 -pipe -g -O2 -fno-short-enums -ffunction-sections -m64 -fPIC -msse -msse2 -mssse3 -DALCHEMY_BUILD  -isystem/home/dima/ROS_Projects/miniardrone_ws/devel/arsdk/out/arsdk-native/staging/usr/include -isystem/home/dima/ROS_Projects/miniardrone_ws/devel/arsdk/out/arsdk-native/staging/usr/include/x86_64-linux-gnu conftest.c >&5
configure:8043: $? = 0
configure:8043: result: yes
configure:8043: checking for sys/stat.h
configure:8043:  gcc -c -isystem/home/dima/ROS_Projects/miniardrone_ws/devel/arsdk/out/arsdk-native/staging/usr/include -isystem/home/dima/ROS_Projects/miniardrone_ws/devel/arsdk/out/arsdk-native/staging/usr/include/x86_64-linux-gnu -std=gnu99 -pipe -g -O2 -fno-short-enums -ffunction-sections -m64 -fPIC -msse -msse2 -mssse3 -DALCHEMY_BUILD  -isystem/home/dima/ROS_Projects/miniardrone_ws/devel/arsdk/out/arsdk-native/staging/usr/include -isystem/home/dima/ROS_Projects/miniardrone_ws/devel/arsdk/out/arsdk-native/staging/usr/include/x86_64-linux-gnu conftest.c >&5
configure:8043: $? = 0
configure:8043: result: yes
configure:8043: checking for stdlib.h
configure:8043:  gcc -c -isystem/home/dima/ROS_Projects/miniardrone_ws/devel/arsdk/out/arsdk-native/staging/usr/include -isystem/home/dima/ROS_Projects/miniardrone_ws/devel/arsdk/out/arsdk-native/staging/usr/include/x86_64-linux-gnu -std=gnu99 -pipe -g -O2 -fno-short-enums -ffunction-sections -m64 -fPIC -msse -msse2 -mssse3 -DALCHEMY_BUILD  -isystem/home/dima/ROS_Projects/miniardrone_ws/devel/arsdk/out/arsdk-native/staging/usr/include -isystem/home/dima/ROS_Projects/miniardrone_ws/devel/arsdk/out/arsdk-native/staging/usr/include/x86_64-linux-gnu conftest.c >&5
configure:8043: $? = 0
configure:8043: result: yes
configure:8043: checking for string.h
configure:8043:  gcc -c -isystem/home/dima/ROS_Projects/miniardrone_ws/devel/arsdk/out/arsdk-native/staging/usr/include -isystem/home/dima/ROS_Projects/miniardrone_ws/devel/arsdk/out/arsdk-native/staging/usr/include/x86_64-linux-gnu -std=gnu99 -pipe -g -O2 -fno-short-enums -ffunction-sections -m64 -fPIC -msse -msse2 -mssse3 -DALCHEMY_BUILD  -isystem/home/dima/ROS_Projects/miniardrone_ws/devel/arsdk/out/arsdk-native/staging/usr/include -isystem/home/dima/ROS_Projects/miniardrone_ws/devel/arsdk/out/arsdk-native/staging/usr/include/x86_64-linux-gnu conftest.c >&5
configure:8043: $? = 0
configure:8043: result: yes
configure:8043: checking for memory.h
configure:8043:  gcc -c -isystem/home/dima/ROS_Projects/miniardrone_ws/devel/arsdk/out/arsdk-native/staging/usr/include -isystem/home/dima/ROS_Projects/miniardrone_ws/devel/arsdk/out/arsdk-native/staging/usr/include/x86_64-linux-gnu -std=gnu99 -pipe -g -O2 -fno-short-enums -ffunction-sections -m64 -fPIC -msse -msse2 -mssse3 -DALCHEMY_BUILD  -isystem/home/dima/ROS_Projects/miniardrone_ws/devel/arsdk/out/arsdk-native/staging/usr/include -isystem/home/dima/ROS_Projects/miniardrone_ws/devel/arsdk/out/arsdk-native/staging/usr/include/x86_64-linux-gnu conftest.c >&5
configure:8043: $? = 0
configure:8043: result: yes
configure:8043: checking for strings.h
configure:8043:  gcc -c -isystem/home/dima/ROS_Projects/miniardrone_ws/devel/arsdk/out/arsdk-native/staging/usr/include -isystem/home/dima/ROS_Projects/miniardrone_ws/devel/arsdk/out/arsdk-native/staging/usr/include/x86_64-linux-gnu -std=gnu99 -pipe -g -O2 -fno-short-enums -ffunction-sections -m64 -fPIC -msse -msse2 -mssse3 -DALCHEMY_BUILD  -isystem/home/dima/ROS_Projects/miniardrone_ws/devel/arsdk/out/arsdk-native/staging/usr/include -isystem/home/dima/ROS_Projects/miniardrone_ws/devel/arsdk/out/arsdk-native/staging/usr/include/x86_64-linux-gnu conftest.c >&5
configure:8043: $? = 0
configure:8043: result: yes
configure:8043: checking for inttypes.h
configure:8043:  gcc -c -isystem/home/dima/ROS_Projects/miniardrone_ws/devel/arsdk/out/arsdk-native/staging/usr/include -isystem/home/dima/ROS_Projects/miniardrone_ws/devel/arsdk/out/arsdk-native/staging/usr/include/x86_64-linux-gnu -std=gnu99 -pipe -g -O2 -fno-short-enums -ffunction-sections -m64 -fPIC -msse -msse2 -mssse3 -DALCHEMY_BUILD  -isystem/home/dima/ROS_Projects/miniardrone_ws/devel/arsdk/out/arsdk-native/staging/usr/include -isystem/home/dima/ROS_Projects/miniardrone_ws/devel/arsdk/out/arsdk-native/staging/usr/include/x86_64-linux-gnu conftest.c >&5
configure:8043: $? = 0
configure:8043: result: yes
configure:8043: checking for stdint.h
configure:8043:  gcc -c -isystem/home/dima/ROS_Projects/miniardrone_ws/devel/arsdk/out/arsdk-native/staging/usr/include -isystem/home/dima/ROS_Projects/miniardrone_ws/devel/arsdk/out/arsdk-native/staging/usr/include/x86_64-linux-gnu -std=gnu99 -pipe -g -O2 -fno-short-enums -ffunction-sections -m64 -fPIC -msse -msse2 -mssse3 -DALCHEMY_BUILD  -isystem/home/dima/ROS_Projects/miniardrone_ws/devel/arsdk/out/arsdk-native/staging/usr/include -isystem/home/dima/ROS_Projects/miniardrone_ws/devel/arsdk/out/arsdk-native/staging/usr/include/x86_64-linux-gnu conftest.c >&5
configure:8043: $? = 0
configure:8043: result: yes
configure:8043: checking for unistd.h
configure:8043:  gcc -c -isystem/home/dima/ROS_Projects/miniardrone_ws/devel/arsdk/out/arsdk-native/staging/usr/include -isystem/home/dima/ROS_Projects/miniardrone_ws/devel/arsdk/out/arsdk-native/staging/usr/include/x86_64-linux-gnu -std=gnu99 -pipe -g -O2 -fno-short-enums -ffunction-sections -m64 -fPIC -msse -msse2 -mssse3 -DALCHEMY_BUILD  -isystem/home/dima/ROS_Projects/miniardrone_ws/devel/arsdk/out/arsdk-native/staging/usr/include -isystem/home/dima/ROS_Projects/miniardrone_ws/devel/arsdk/out/arsdk-native/staging/usr/include/x86_64-linux-gnu conftest.c >&5
configure:8043: $? = 0
configure:8043: result: yes
configure:8057: checking for dlfcn.h
configure:8057:  gcc -c -isystem/home/dima/ROS_Projects/miniardrone_ws/devel/arsdk/out/arsdk-native/staging/usr/include -isystem/home/dima/ROS_Projects/miniardrone_ws/devel/arsdk/out/arsdk-native/staging/usr/include/x86_64-linux-gnu -std=gnu99 -pipe -g -O2 -fno-short-enums -ffunction-sections -m64 -fPIC -msse -msse2 -mssse3 -DALCHEMY_BUILD  -isystem/home/dima/ROS_Projects/miniardrone_ws/devel/arsdk/out/arsdk-native/staging/usr/include -isystem/home/dima/ROS_Projects/miniardrone_ws/devel/arsdk/out/arsdk-native/staging/usr/include/x86_64-linux-gnu conftest.c >&5
configure:8057: $? = 0
configure:8057: result: yes
configure:8313: checking for objdir
configure:8328: result: .libs
configure:8592: checking if  gcc supports -fno-rtti -fno-exceptions
configure:8610:  gcc -c -isystem/home/dima/ROS_Projects/miniardrone_ws/devel/arsdk/out/arsdk-native/staging/usr/include -isystem/home/dima/ROS_Projects/miniardrone_ws/devel/arsdk/out/arsdk-native/staging/usr/include/x86_64-linux-gnu -std=gnu99 -pipe -g -O2 -fno-short-enums -ffunction-sections -m64 -fPIC -msse -msse2 -mssse3 -DALCHEMY_BUILD  -isystem/home/dima/ROS_Projects/miniardrone_ws/devel/arsdk/out/arsdk-native/staging/usr/include -isystem/home/dima/ROS_Projects/miniardrone_ws/devel/arsdk/out/arsdk-native/staging/usr/include/x86_64-linux-gnu -fno-rtti -fno-exceptions conftest.c >&5
cc1: warning: command line option '-fno-rtti' is valid for C++/ObjC++ but not for C
configure:8614: $? = 0
configure:8627: result: no
configure:8985: checking for  gcc option to produce PIC
configure:8992: result: -fPIC -DPIC
configure:9000: checking if  gcc PIC flag -fPIC -DPIC works
configure:9018:  gcc -c -isystem/home/dima/ROS_Projects/miniardrone_ws/devel/arsdk/out/arsdk-native/staging/usr/include -isystem/home/dima/ROS_Projects/miniardrone_ws/devel/arsdk/out/arsdk-native/staging/usr/include/x86_64-linux-gnu -std=gnu99 -pipe -g -O2 -fno-short-enums -ffunction-sections -m64 -fPIC -msse -msse2 -mssse3 -DALCHEMY_BUILD  -isystem/home/dima/ROS_Projects/miniardrone_ws/devel/arsdk/out/arsdk-native/staging/usr/include -isystem/home/dima/ROS_Projects/miniardrone_ws/devel/arsdk/out/arsdk-native/staging/usr/include/x86_64-linux-gnu -fPIC -DPIC -DPIC conftest.c >&5
configure:9022: $? = 0
configure:9035: result: yes
configure:9064: checking if  gcc static flag -static works
configure:9092: result: yes
configure:9107: checking if  gcc supports -c -o file.o
configure:9128:  gcc -c -isystem/home/dima/ROS_Projects/miniardrone_ws/devel/arsdk/out/arsdk-native/staging/usr/include -isystem/home/dima/ROS_Projects/miniardrone_ws/devel/arsdk/out/arsdk-native/staging/usr/include/x86_64-linux-gnu -std=gnu99 -pipe -g -O2 -fno-short-enums -ffunction-sections -m64 -fPIC -msse -msse2 -mssse3 -DALCHEMY_BUILD  -isystem/home/dima/ROS_Projects/miniardrone_ws/devel/arsdk/out/arsdk-native/staging/usr/include -isystem/home/dima/ROS_Projects/miniardrone_ws/devel/arsdk/out/arsdk-native/staging/usr/include/x86_64-linux-gnu -o out/conftest2.o conftest.c >&5
configure:9132: $? = 0
configure:9154: result: yes
configure:9162: checking if  gcc supports -c -o file.o
configure:9209: result: yes
configure:9242: checking whether the  gcc linker (ld -m elf_x86_64) supports shared libraries
configure:10505: result: yes
configure:10745: checking dynamic linker characteristics
configure:11326:  gcc -o conftest -isystem/home/dima/ROS_Projects/miniardrone_ws/devel/arsdk/out/arsdk-native/staging/usr/include -isystem/home/dima/ROS_Projects/miniardrone_ws/devel/arsdk/out/arsdk-native/staging/usr/include/x86_64-linux-gnu -std=gnu99 -pipe -g -O2 -fno-short-enums -ffunction-sections -m64 -fPIC -msse -msse2 -mssse3 -DALCHEMY_BUILD  -isystem/home/dima/ROS_Projects/miniardrone_ws/devel/arsdk/out/arsdk-native/staging/usr/include -isystem/home/dima/ROS_Projects/miniardrone_ws/devel/arsdk/out/arsdk-native/staging/usr/include/x86_64-linux-gnu  -m64 -L/home/dima/ROS_Projects/miniardrone_ws/devel/arsdk/out/arsdk-native/staging/lib -L/home/dima/ROS_Projects/miniardrone_ws/devel/arsdk/out/arsdk-native/staging/usr/lib -L/home/dima/ROS_Projects/miniardrone_ws/devel/arsdk/out/arsdk-native/staging/lib/x86_64-linux-gnu -L/home/dima/ROS_Projects/miniardrone_ws/devel/arsdk/out/arsdk-native/staging/usr/lib/x86_64-linux-gnu -L/home/dima/ROS_Projects/miniardrone_ws/devel/arsdk/out/arsdk-native/staging/usr/lib -Wl,-rpath-link=/home/dima/ROS_Projects/miniardrone_ws/devel/arsdk/out/arsdk-native/staging/lib -Wl,-rpath-link=/home/dima/ROS_Projects/miniardrone_ws/devel/arsdk/out/arsdk-native/staging/usr/lib -Wl,-rpath-link=/home/dima/ROS_Projects/miniardrone_ws/devel/arsdk/out/arsdk-native/staging/lib/x86_64-linux-gnu -Wl,-rpath-link=/home/dima/ROS_Projects/miniardrone_ws/devel/arsdk/out/arsdk-native/staging/usr/lib/x86_64-linux-gnu -Wl,-rpath-link=/home/dima/ROS_Projects/miniardrone_ws/devel/arsdk/out/arsdk-native/staging/usr/lib  -pthread -lrt  -Wl,-rpath -Wl,/foo conftest.c  >&5
configure:11326: $? = 0
configure:11575: result: GNU/Linux ld.so
configure:11697: checking how to hardcode library paths into programs
configure:11722: result: immediate
configure:12270: checking whether stripping libraries is possible
configure:12275: result: yes
configure:12310: checking if libtool supports shared libraries
configure:12312: result: yes
configure:12315: checking whether to build shared libraries
configure:12340: result: no
configure:12343: checking whether to build static libraries
configure:12347: result: yes
configure:12563: checking if  gcc supports "-fno-strict-overflow"
configure:12580: ./scripts/wrap-compiler-for-flag-check  gcc -o conftest -fno-strict-overflow -Wall -Werror -isystem/home/dima/ROS_Projects/miniardrone_ws/devel/arsdk/out/arsdk-native/staging/usr/include -isystem/home/dima/ROS_Projects/miniardrone_ws/devel/arsdk/out/arsdk-native/staging/usr/include/x86_64-linux-gnu -D_DEFAULT_SOURCE -D_BSD_SOURCE -D_POSIX_SOURCE -D_GNU_SOURCE  -m64 -L/home/dima/ROS_Projects/miniardrone_ws/devel/arsdk/out/arsdk-native/staging/lib -L/home/dima/ROS_Projects/miniardrone_ws/devel/arsdk/out/arsdk-native/staging/usr/lib -L/home/dima/ROS_Projects/miniardrone_ws/devel/arsdk/out/arsdk-native/staging/lib/x86_64-linux-gnu -L/home/dima/ROS_Projects/miniardrone_ws/devel/arsdk/out/arsdk-native/staging/usr/lib/x86_64-linux-gnu -L/home/dima/ROS_Projects/miniardrone_ws/devel/arsdk/out/arsdk-native/staging/usr/lib -Wl,-rpath-link=/home/dima/ROS_Projects/miniardrone_ws/devel/arsdk/out/arsdk-native/staging/lib -Wl,-rpath-link=/home/dima/ROS_Projects/miniardrone_ws/devel/arsdk/out/arsdk-native/staging/usr/lib -Wl,-rpath-link=/home/dima/ROS_Projects/miniardrone_ws/devel/arsdk/out/arsdk-native/staging/lib/x86_64-linux-gnu -Wl,-rpath-link=/home/dima/ROS_Projects/miniardrone_ws/devel/arsdk/out/arsdk-native/staging/usr/lib/x86_64-linux-gnu -Wl,-rpath-link=/home/dima/ROS_Projects/miniardrone_ws/devel/arsdk/out/arsdk-native/staging/usr/lib  -pthread -lrt  conftest.c  >&5

configure:12580: $? = 0
configure:12581: result: yes
configure:12598: checking if  gcc supports "-D_FORTIFY_SOURCE=2"
configure:12615: ./scripts/wrap-compiler-for-flag-check  gcc -o conftest -D_FORTIFY_SOURCE=2 -Wall -Werror -isystem/home/dima/ROS_Projects/miniardrone_ws/devel/arsdk/out/arsdk-native/staging/usr/include -isystem/home/dima/ROS_Projects/miniardrone_ws/devel/arsdk/out/arsdk-native/staging/usr/include/x86_64-linux-gnu -D_DEFAULT_SOURCE -D_BSD_SOURCE -D_POSIX_SOURCE -D_GNU_SOURCE  -m64 -L/home/dima/ROS_Projects/miniardrone_ws/devel/arsdk/out/arsdk-native/staging/lib -L/home/dima/ROS_Projects/miniardrone_ws/devel/arsdk/out/arsdk-native/staging/usr/lib -L/home/dima/ROS_Projects/miniardrone_ws/devel/arsdk/out/arsdk-native/staging/lib/x86_64-linux-gnu -L/home/dima/ROS_Projects/miniardrone_ws/devel/arsdk/out/arsdk-native/staging/usr/lib/x86_64-linux-gnu -L/home/dima/ROS_Projects/miniardrone_ws/devel/arsdk/out/arsdk-native/staging/usr/lib -Wl,-rpath-link=/home/dima/ROS_Projects/miniardrone_ws/devel/arsdk/out/arsdk-native/staging/lib -Wl,-rpath-link=/home/dima/ROS_Projects/miniardrone_ws/devel/arsdk/out/arsdk-native/staging/usr/lib -Wl,-rpath-link=/home/dima/ROS_Projects/miniardrone_ws/devel/arsdk/out/arsdk-native/staging/lib/x86_64-linux-gnu -Wl,-rpath-link=/home/dima/ROS_Projects/miniardrone_ws/devel/arsdk/out/arsdk-native/staging/usr/lib/x86_64-linux-gnu -Wl,-rpath-link=/home/dima/ROS_Projects/miniardrone_ws/devel/arsdk/out/arsdk-native/staging/usr/lib  -pthread -lrt  conftest.c  >&5

configure:12615: $? = 0
configure:12616: result: yes
configure:12633: checking if ld -m elf_x86_64 supports "-Wl,-z,relro"
configure:12650: ./scripts/wrap-compiler-for-flag-check  gcc -o conftest -isystem/home/dima/ROS_Projects/miniardrone_ws/devel/arsdk/out/arsdk-native/staging/usr/include -isystem/home/dima/ROS_Projects/miniardrone_ws/devel/arsdk/out/arsdk-native/staging/usr/include/x86_64-linux-gnu -std=gnu99 -pipe -g -O2 -fno-short-enums -ffunction-sections -m64 -fPIC -msse -msse2 -mssse3 -DALCHEMY_BUILD  -Wall -std=gnu99 -isystem/home/dima/ROS_Projects/miniardrone_ws/devel/arsdk/out/arsdk-native/staging/usr/include -isystem/home/dima/ROS_Projects/miniardrone_ws/devel/arsdk/out/arsdk-native/staging/usr/include/x86_64-linux-gnu -D_DEFAULT_SOURCE -D_BSD_SOURCE -D_POSIX_SOURCE -D_GNU_SOURCE -Wl,-z,relro -Wall -Werror conftest.c  >&5

configure:12650: $? = 0
configure:12651: result: yes
configure:12666: checking if ld -m elf_x86_64 supports "-Wl,-z,now"
configure:12683: ./scripts/wrap-compiler-for-flag-check  gcc -o conftest -isystem/home/dima/ROS_Projects/miniardrone_ws/devel/arsdk/out/arsdk-native/staging/usr/include -isystem/home/dima/ROS_Projects/miniardrone_ws/devel/arsdk/out/arsdk-native/staging/usr/include/x86_64-linux-gnu -std=gnu99 -pipe -g -O2 -fno-short-enums -ffunction-sections -m64 -fPIC -msse -msse2 -mssse3 -DALCHEMY_BUILD  -Wall -std=gnu99 -isystem/home/dima/ROS_Projects/miniardrone_ws/devel/arsdk/out/arsdk-native/staging/usr/include -isystem/home/dima/ROS_Projects/miniardrone_ws/devel/arsdk/out/arsdk-native/staging/usr/include/x86_64-linux-gnu -D_DEFAULT_SOURCE -D_BSD_SOURCE -D_POSIX_SOURCE -D_GNU_SOURCE -Wl,-z,now -Wall -Werror conftest.c  >&5

configure:12683: $? = 0
configure:12684: result: yes
configure:12809: checking if  gcc supports "-fstack-protector-strong"
configure:12826: ./scripts/wrap-compiler-for-flag-check  gcc -o conftest -fstack-protector-strong -Wall -Werror -isystem/home/dima/ROS_Projects/miniardrone_ws/devel/arsdk/out/arsdk-native/staging/usr/include -isystem/home/dima/ROS_Projects/miniardrone_ws/devel/arsdk/out/arsdk-native/staging/usr/include/x86_64-linux-gnu -D_DEFAULT_SOURCE -D_BSD_SOURCE -D_POSIX_SOURCE -D_GNU_SOURCE  -m64 -L/home/dima/ROS_Projects/miniardrone_ws/devel/arsdk/out/arsdk-native/staging/lib -L/home/dima/ROS_Projects/miniardrone_ws/devel/arsdk/out/arsdk-native/staging/usr/lib -L/home/dima/ROS_Projects/miniardrone_ws/devel/arsdk/out/arsdk-native/staging/lib/x86_64-linux-gnu -L/home/dima/ROS_Projects/miniardrone_ws/devel/arsdk/out/arsdk-native/staging/usr/lib/x86_64-linux-gnu -L/home/dima/ROS_Projects/miniardrone_ws/devel/arsdk/out/arsdk-native/staging/usr/lib -Wl,-rpath-link=/home/dima/ROS_Projects/miniardrone_ws/devel/arsdk/out/arsdk-native/staging/lib -Wl,-rpath-link=/home/dima/ROS_Projects/miniardrone_ws/devel/arsdk/out/arsdk-native/staging/usr/lib -Wl,-rpath-link=/home/dima/ROS_Projects/miniardrone_ws/devel/arsdk/out/arsdk-native/staging/lib/x86_64-linux-gnu -Wl,-rpath-link=/home/dima/ROS_Projects/miniardrone_ws/devel/arsdk/out/arsdk-native/staging/usr/lib/x86_64-linux-gnu -Wl,-rpath-link=/home/dima/ROS_Projects/miniardrone_ws/devel/arsdk/out/arsdk-native/staging/usr/lib  -pthread -lrt  conftest.c  >&5

configure:12826: $? = 0
configure:12827: result: yes
configure:12951: checking whether AS supports .note.GNU-stack
configure:12965:  gcc -c  -isystem/home/dima/ROS_Projects/miniardrone_ws/devel/arsdk/out/arsdk-native/staging/usr/include -isystem/home/dima/ROS_Projects/miniardrone_ws/devel/arsdk/out/arsdk-native/staging/usr/include/x86_64-linux-gnu -D_DEFAULT_SOURCE -D_BSD_SOURCE -D_POSIX_SOURCE -D_GNU_SOURCE conftest.c >&5
configure:12965: $? = 0
configure:12966: result: yes
configure:12986: checking dependency style of  gcc
configure:13095: result: gcc3
configure:13114: checking if compiling with clang
configure:13131:  gcc -c -isystem/home/dima/ROS_Projects/miniardrone_ws/devel/arsdk/out/arsdk-native/staging/usr/include -isystem/home/dima/ROS_Projects/miniardrone_ws/devel/arsdk/out/arsdk-native/staging/usr/include/x86_64-linux-gnu -std=gnu99 -pipe -g -O2 -fno-short-enums -ffunction-sections -m64 -fPIC -msse -msse2 -mssse3 -DALCHEMY_BUILD  -Wall -std=gnu99  -fno-strict-overflow -D_FORTIFY_SOURCE=2 -fstack-protector-strong -DHAVE_GNU_STACK -isystem/home/dima/ROS_Projects/miniardrone_ws/devel/arsdk/out/arsdk-native/staging/usr/include -isystem/home/dima/ROS_Projects/miniardrone_ws/devel/arsdk/out/arsdk-native/staging/usr/include/x86_64-linux-gnu -D_DEFAULT_SOURCE -D_BSD_SOURCE -D_POSIX_SOURCE -D_GNU_SOURCE conftest.c >&5
conftest.c: In function 'main':
conftest.c:29:2: error: unknown type name 'not'
  not clang
  ^
conftest.c:29:6: warning: unused variable 'clang' [-Wunused-variable]
  not clang
      ^
configure:13131: $? = 1
configure: failed program was:
| /* confdefs.h */
| #define PACKAGE_NAME "libressl"
| #define PACKAGE_TARNAME "libressl"
| #define PACKAGE_VERSION "2.2.1"
| #define PACKAGE_STRING "libressl 2.2.1"
| #define PACKAGE_BUGREPORT ""
| #define PACKAGE_URL ""
| #define PACKAGE "libressl"
| #define VERSION "2.2.1"
| #define STDC_HEADERS 1
| #define HAVE_SYS_TYPES_H 1
| #define HAVE_SYS_STAT_H 1
| #define HAVE_STDLIB_H 1
| #define HAVE_STRING_H 1
| #define HAVE_MEMORY_H 1
| #define HAVE_STRINGS_H 1
| #define HAVE_INTTYPES_H 1
| #define HAVE_STDINT_H 1
| #define HAVE_UNISTD_H 1
| #define HAVE_DLFCN_H 1
| #define LT_OBJDIR ".libs/"
| /* end confdefs.h.  */
| 
| int
| main ()
| {
| 
| #ifndef __clang__
| 	not clang
| #endif
| 
|   ;
|   return 0;
| }
configure:13138: result: no
configure:13150: checking whether CC supports -Wno-pointer-sign
configure:13163:  gcc -c -Wno-pointer-sign -isystem/home/dima/ROS_Projects/miniardrone_ws/devel/arsdk/out/arsdk-native/staging/usr/include -isystem/home/dima/ROS_Projects/miniardrone_ws/devel/arsdk/out/arsdk-native/staging/usr/include/x86_64-linux-gnu -D_DEFAULT_SOURCE -D_BSD_SOURCE -D_POSIX_SOURCE -D_GNU_SOURCE conftest.c >&5
configure:13163: $? = 0
configure:13164: result: yes
configure:13179: checking for symlink
configure:13179:  gcc -o conftest -isystem/home/dima/ROS_Projects/miniardrone_ws/devel/arsdk/out/arsdk-native/staging/usr/include -isystem/home/dima/ROS_Projects/miniardrone_ws/devel/arsdk/out/arsdk-native/staging/usr/include/x86_64-linux-gnu -std=gnu99 -pipe -g -O2 -fno-short-enums -ffunction-sections -m64 -fPIC -msse -msse2 -mssse3 -DALCHEMY_BUILD  -Wall -std=gnu99  -fno-strict-overflow -D_FORTIFY_SOURCE=2 -fstack-protector-strong -DHAVE_GNU_STACK  -Wno-pointer-sign -isystem/home/dima/ROS_Projects/miniardrone_ws/devel/arsdk/out/arsdk-native/staging/usr/include -isystem/home/dima/ROS_Projects/miniardrone_ws/devel/arsdk/out/arsdk-native/staging/usr/include/x86_64-linux-gnu -D_DEFAULT_SOURCE -D_BSD_SOURCE -D_POSIX_SOURCE -D_GNU_SOURCE  -m64 -L/home/dima/ROS_Projects/miniardrone_ws/devel/arsdk/out/arsdk-native/staging/lib -L/home/dima/ROS_Projects/miniardrone_ws/devel/arsdk/out/arsdk-native/staging/usr/lib -L/home/dima/ROS_Projects/miniardrone_ws/devel/arsdk/out/arsdk-native/staging/lib/x86_64-linux-gnu -L/home/dima/ROS_Projects/miniardrone_ws/devel/arsdk/out/arsdk-native/staging/usr/lib/x86_64-linux-gnu -L/home/dima/ROS_Projects/miniardrone_ws/devel/arsdk/out/arsdk-native/staging/usr/lib -Wl,-rpath-link=/home/dima/ROS_Projects/miniardrone_ws/devel/arsdk/out/arsdk-native/staging/lib -Wl,-rpath-link=/home/dima/ROS_Projects/miniardrone_ws/devel/arsdk/out/arsdk-native/staging/usr/lib -Wl,-rpath-link=/home/dima/ROS_Projects/miniardrone_ws/devel/arsdk/out/arsdk-native/staging/lib/x86_64-linux-gnu -Wl,-rpath-link=/home/dima/ROS_Projects/miniardrone_ws/devel/arsdk/out/arsdk-native/staging/usr/lib/x86_64-linux-gnu -Wl,-rpath-link=/home/dima/ROS_Projects/miniardrone_ws/devel/arsdk/out/arsdk-native/staging/usr/lib  -pthread -lrt   -Wl,-z,relro -Wl,-z,now  conftest.c  >&5
configure:13179: $? = 0
configure:13179: result: yes
configure:13198: checking for funopen
configure:13198:  gcc -o conftest -isystem/home/dima/ROS_Projects/miniardrone_ws/devel/arsdk/out/arsdk-native/staging/usr/include -isystem/home/dima/ROS_Projects/miniardrone_ws/devel/arsdk/out/arsdk-native/staging/usr/include/x86_64-linux-gnu -std=gnu99 -pipe -g -O2 -fno-short-enums -ffunction-sections -m64 -fPIC -msse -msse2 -mssse3 -DALCHEMY_BUILD  -Wall -std=gnu99  -fno-strict-overflow -D_FORTIFY_SOURCE=2 -fstack-protector-strong -DHAVE_GNU_STACK  -Wno-pointer-sign -isystem/home/dima/ROS_Projects/miniardrone_ws/devel/arsdk/out/arsdk-native/staging/usr/include -isystem/home/dima/ROS_Projects/miniardrone_ws/devel/arsdk/out/arsdk-native/staging/usr/include/x86_64-linux-gnu -D_DEFAULT_SOURCE -D_BSD_SOURCE -D_POSIX_SOURCE -D_GNU_SOURCE  -m64 -L/home/dima/ROS_Projects/miniardrone_ws/devel/arsdk/out/arsdk-native/staging/lib -L/home/dima/ROS_Projects/miniardrone_ws/devel/arsdk/out/arsdk-native/staging/usr/lib -L/home/dima/ROS_Projects/miniardrone_ws/devel/arsdk/out/arsdk-native/staging/lib/x86_64-linux-gnu -L/home/dima/ROS_Projects/miniardrone_ws/devel/arsdk/out/arsdk-native/staging/usr/lib/x86_64-linux-gnu -L/home/dima/ROS_Projects/miniardrone_ws/devel/arsdk/out/arsdk-native/staging/usr/lib -Wl,-rpath-link=/home/dima/ROS_Projects/miniardrone_ws/devel/arsdk/out/arsdk-native/staging/lib -Wl,-rpath-link=/home/dima/ROS_Projects/miniardrone_ws/devel/arsdk/out/arsdk-native/staging/usr/lib -Wl,-rpath-link=/home/dima/ROS_Projects/miniardrone_ws/devel/arsdk/out/arsdk-native/staging/lib/x86_64-linux-gnu -Wl,-rpath-link=/home/dima/ROS_Projects/miniardrone_ws/devel/arsdk/out/arsdk-native/staging/usr/lib/x86_64-linux-gnu -Wl,-rpath-link=/home/dima/ROS_Projects/miniardrone_ws/devel/arsdk/out/arsdk-native/staging/usr/lib  -pthread -lrt   -Wl,-z,relro -Wl,-z,now  conftest.c  >&5
/tmp/ccpzNOeC.o: In function `main':
/home/dima/ROS_Projects/miniardrone_ws/devel/arsdk/out/arsdk-native/build/libressl/libressl-2.2.1/conftest.c:58: undefined reference to `funopen'
collect2: error: ld returned 1 exit status
configure:13198: $? = 1
configure: failed program was:
| /* confdefs.h */
| #define PACKAGE_NAME "libressl"
| #define PACKAGE_TARNAME "libressl"
| #define PACKAGE_VERSION "2.2.1"
| #define PACKAGE_STRING "libressl 2.2.1"
| #define PACKAGE_BUGREPORT ""
| #define PACKAGE_URL ""
| #define PACKAGE "libressl"
| #define VERSION "2.2.1"
| #define STDC_HEADERS 1
| #define HAVE_SYS_TYPES_H 1
| #define HAVE_SYS_STAT_H 1
| #define HAVE_STDLIB_H 1
| #define HAVE_STRING_H 1
| #define HAVE_MEMORY_H 1
| #define HAVE_STRINGS_H 1
| #define HAVE_INTTYPES_H 1
| #define HAVE_STDINT_H 1
| #define HAVE_UNISTD_H 1
| #define HAVE_DLFCN_H 1
| #define LT_OBJDIR ".libs/"
| #define HAVE_SYMLINK 1
| /* end confdefs.h.  */
| /* Define funopen to an innocuous variant, in case <limits.h> declares funopen.
|    For example, HP-UX 11i <limits.h> declares gettimeofday.  */
| #define funopen innocuous_funopen
| 
| /* System header to define __stub macros and hopefully few prototypes,
|     which can conflict with char funopen (); below.
|     Prefer <limits.h> to <assert.h> if __STDC__ is defined, since
|     <limits.h> exists even on freestanding compilers.  */
| 
| #ifdef __STDC__
| # include <limits.h>
| #else
| # include <assert.h>
| #endif
| 
| #undef funopen
| 
| /* Override any GCC internal prototype to avoid an error.
|    Use char because int might match the return type of a GCC
|    builtin and then its argument prototype would still apply.  */
| #ifdef __cplusplus
| extern "C"
| #endif
| char funopen ();
| /* The GNU C library defines this for functions which it implements
|     to always fail with ENOSYS.  Some functions are actually named
|     something starting with __ and the normal name is an alias.  */
| #if defined __stub_funopen || defined __stub___funopen
| choke me
| #endif
| 
| int
| main ()
| {
| return funopen ();
|   ;
|   return 0;
| }
configure:13198: result: no
configure:13209: checking for asprintf
configure:13209:  gcc -o conftest -isystem/home/dima/ROS_Projects/miniardrone_ws/devel/arsdk/out/arsdk-native/staging/usr/include -isystem/home/dima/ROS_Projects/miniardrone_ws/devel/arsdk/out/arsdk-native/staging/usr/include/x86_64-linux-gnu -std=gnu99 -pipe -g -O2 -fno-short-enums -ffunction-sections -m64 -fPIC -msse -msse2 -mssse3 -DALCHEMY_BUILD  -Wall -std=gnu99  -fno-strict-overflow -D_FORTIFY_SOURCE=2 -fstack-protector-strong -DHAVE_GNU_STACK  -Wno-pointer-sign -isystem/home/dima/ROS_Projects/miniardrone_ws/devel/arsdk/out/arsdk-native/staging/usr/include -isystem/home/dima/ROS_Projects/miniardrone_ws/devel/arsdk/out/arsdk-native/staging/usr/include/x86_64-linux-gnu -D_DEFAULT_SOURCE -D_BSD_SOURCE -D_POSIX_SOURCE -D_GNU_SOURCE  -m64 -L/home/dima/ROS_Projects/miniardrone_ws/devel/arsdk/out/arsdk-native/staging/lib -L/home/dima/ROS_Projects/miniardrone_ws/devel/arsdk/out/arsdk-native/staging/usr/lib -L/home/dima/ROS_Projects/miniardrone_ws/devel/arsdk/out/arsdk-native/staging/lib/x86_64-linux-gnu -L/home/dima/ROS_Projects/miniardrone_ws/devel/arsdk/out/arsdk-native/staging/usr/lib/x86_64-linux-gnu -L/home/dima/ROS_Projects/miniardrone_ws/devel/arsdk/out/arsdk-native/staging/usr/lib -Wl,-rpath-link=/home/dima/ROS_Projects/miniardrone_ws/devel/arsdk/out/arsdk-native/staging/lib -Wl,-rpath-link=/home/dima/ROS_Projects/miniardrone_ws/devel/arsdk/out/arsdk-native/staging/usr/lib -Wl,-rpath-link=/home/dima/ROS_Projects/miniardrone_ws/devel/arsdk/out/arsdk-native/staging/lib/x86_64-linux-gnu -Wl,-rpath-link=/home/dima/ROS_Projects/miniardrone_ws/devel/arsdk/out/arsdk-native/staging/usr/lib/x86_64-linux-gnu -Wl,-rpath-link=/home/dima/ROS_Projects/miniardrone_ws/devel/arsdk/out/arsdk-native/staging/usr/lib  -pthread -lrt   -Wl,-z,relro -Wl,-z,now  conftest.c  >&5
configure:13209: $? = 0
configure:13209: result: yes
configure:13209: checking for inet_pton
configure:13209:  gcc -o conftest -isystem/home/dima/ROS_Projects/miniardrone_ws/devel/arsdk/out/arsdk-native/staging/usr/include -isystem/home/dima/ROS_Projects/miniardrone_ws/devel/arsdk/out/arsdk-native/staging/usr/include/x86_64-linux-gnu -std=gnu99 -pipe -g -O2 -fno-short-enums -ffunction-sections -m64 -fPIC -msse -msse2 -mssse3 -DALCHEMY_BUILD  -Wall -std=gnu99  -fno-strict-overflow -D_FORTIFY_SOURCE=2 -fstack-protector-strong -DHAVE_GNU_STACK  -Wno-pointer-sign -isystem/home/dima/ROS_Projects/miniardrone_ws/devel/arsdk/out/arsdk-native/staging/usr/include -isystem/home/dima/ROS_Projects/miniardrone_ws/devel/arsdk/out/arsdk-native/staging/usr/include/x86_64-linux-gnu -D_DEFAULT_SOURCE -D_BSD_SOURCE -D_POSIX_SOURCE -D_GNU_SOURCE  -m64 -L/home/dima/ROS_Projects/miniardrone_ws/devel/arsdk/out/arsdk-native/staging/lib -L/home/dima/ROS_Projects/miniardrone_ws/devel/arsdk/out/arsdk-native/staging/usr/lib -L/home/dima/ROS_Projects/miniardrone_ws/devel/arsdk/out/arsdk-native/staging/lib/x86_64-linux-gnu -L/home/dima/ROS_Projects/miniardrone_ws/devel/arsdk/out/arsdk-native/staging/usr/lib/x86_64-linux-gnu -L/home/dima/ROS_Projects/miniardrone_ws/devel/arsdk/out/arsdk-native/staging/usr/lib -Wl,-rpath-link=/home/dima/ROS_Projects/miniardrone_ws/devel/arsdk/out/arsdk-native/staging/lib -Wl,-rpath-link=/home/dima/ROS_Projects/miniardrone_ws/devel/arsdk/out/arsdk-native/staging/usr/lib -Wl,-rpath-link=/home/dima/ROS_Projects/miniardrone_ws/devel/arsdk/out/arsdk-native/staging/lib/x86_64-linux-gnu -Wl,-rpath-link=/home/dima/ROS_Projects/miniardrone_ws/devel/arsdk/out/arsdk-native/staging/usr/lib/x86_64-linux-gnu -Wl,-rpath-link=/home/dima/ROS_Projects/miniardrone_ws/devel/arsdk/out/arsdk-native/staging/usr/lib  -pthread -lrt   -Wl,-z,relro -Wl,-z,now  conftest.c  >&5
configure:13209: $? = 0
configure:13209: result: yes
configure:13209: checking for memmem
configure:13209:  gcc -o conftest -isystem/home/dima/ROS_Projects/miniardrone_ws/devel/arsdk/out/arsdk-native/staging/usr/include -isystem/home/dima/ROS_Projects/miniardrone_ws/devel/arsdk/out/arsdk-native/staging/usr/include/x86_64-linux-gnu -std=gnu99 -pipe -g -O2 -fno-short-enums -ffunction-sections -m64 -fPIC -msse -msse2 -mssse3 -DALCHEMY_BUILD  -Wall -std=gnu99  -fno-strict-overflow -D_FORTIFY_SOURCE=2 -fstack-protector-strong -DHAVE_GNU_STACK  -Wno-pointer-sign -isystem/home/dima/ROS_Projects/miniardrone_ws/devel/arsdk/out/arsdk-native/staging/usr/include -isystem/home/dima/ROS_Projects/miniardrone_ws/devel/arsdk/out/arsdk-native/staging/usr/include/x86_64-linux-gnu -D_DEFAULT_SOURCE -D_BSD_SOURCE -D_POSIX_SOURCE -D_GNU_SOURCE  -m64 -L/home/dima/ROS_Projects/miniardrone_ws/devel/arsdk/out/arsdk-native/staging/lib -L/home/dima/ROS_Projects/miniardrone_ws/devel/arsdk/out/arsdk-native/staging/usr/lib -L/home/dima/ROS_Projects/miniardrone_ws/devel/arsdk/out/arsdk-native/staging/lib/x86_64-linux-gnu -L/home/dima/ROS_Projects/miniardrone_ws/devel/arsdk/out/arsdk-native/staging/usr/lib/x86_64-linux-gnu -L/home/dima/ROS_Projects/miniardrone_ws/devel/arsdk/out/arsdk-native/staging/usr/lib -Wl,-rpath-link=/home/dima/ROS_Projects/miniardrone_ws/devel/arsdk/out/arsdk-native/staging/lib -Wl,-rpath-link=/home/dima/ROS_Projects/miniardrone_ws/devel/arsdk/out/arsdk-native/staging/usr/lib -Wl,-rpath-link=/home/dima/ROS_Projects/miniardrone_ws/devel/arsdk/out/arsdk-native/staging/lib/x86_64-linux-gnu -Wl,-rpath-link=/home/dima/ROS_Projects/miniardrone_ws/devel/arsdk/out/arsdk-native/staging/usr/lib/x86_64-linux-gnu -Wl,-rpath-link=/home/dima/ROS_Projects/miniardrone_ws/devel/arsdk/out/arsdk-native/staging/usr/lib  -pthread -lrt   -Wl,-z,relro -Wl,-z,now  conftest.c  >&5
configure:13209: $? = 0
configure:13209: result: yes
configure:13209: checking for poll
configure:13209:  gcc -o conftest -isystem/home/dima/ROS_Projects/miniardrone_ws/devel/arsdk/out/arsdk-native/staging/usr/include -isystem/home/dima/ROS_Projects/miniardrone_ws/devel/arsdk/out/arsdk-native/staging/usr/include/x86_64-linux-gnu -std=gnu99 -pipe -g -O2 -fno-short-enums -ffunction-sections -m64 -fPIC -msse -msse2 -mssse3 -DALCHEMY_BUILD  -Wall -std=gnu99  -fno-strict-overflow -D_FORTIFY_SOURCE=2 -fstack-protector-strong -DHAVE_GNU_STACK  -Wno-pointer-sign -isystem/home/dima/ROS_Projects/miniardrone_ws/devel/arsdk/out/arsdk-native/staging/usr/include -isystem/home/dima/ROS_Projects/miniardrone_ws/devel/arsdk/out/arsdk-native/staging/usr/include/x86_64-linux-gnu -D_DEFAULT_SOURCE -D_BSD_SOURCE -D_POSIX_SOURCE -D_GNU_SOURCE  -m64 -L/home/dima/ROS_Projects/miniardrone_ws/devel/arsdk/out/arsdk-native/staging/lib -L/home/dima/ROS_Projects/miniardrone_ws/devel/arsdk/out/arsdk-native/staging/usr/lib -L/home/dima/ROS_Projects/miniardrone_ws/devel/arsdk/out/arsdk-native/staging/lib/x86_64-linux-gnu -L/home/dima/ROS_Projects/miniardrone_ws/devel/arsdk/out/arsdk-native/staging/usr/lib/x86_64-linux-gnu -L/home/dima/ROS_Projects/miniardrone_ws/devel/arsdk/out/arsdk-native/staging/usr/lib -Wl,-rpath-link=/home/dima/ROS_Projects/miniardrone_ws/devel/arsdk/out/arsdk-native/staging/lib -Wl,-rpath-link=/home/dima/ROS_Projects/miniardrone_ws/devel/arsdk/out/arsdk-native/staging/usr/lib -Wl,-rpath-link=/home/dima/ROS_Projects/miniardrone_ws/devel/arsdk/out/arsdk-native/staging/lib/x86_64-linux-gnu -Wl,-rpath-link=/home/dima/ROS_Projects/miniardrone_ws/devel/arsdk/out/arsdk-native/staging/usr/lib/x86_64-linux-gnu -Wl,-rpath-link=/home/dima/ROS_Projects/miniardrone_ws/devel/arsdk/out/arsdk-native/staging/usr/lib  -pthread -lrt   -Wl,-z,relro -Wl,-z,now  conftest.c  >&5
configure:13209: $? = 0
configure:13209: result: yes
configure:13209: checking for reallocarray
configure:13209:  gcc -o conftest -isystem/home/dima/ROS_Projects/miniardrone_ws/devel/arsdk/out/arsdk-native/staging/usr/include -isystem/home/dima/ROS_Projects/miniardrone_ws/devel/arsdk/out/arsdk-native/staging/usr/include/x86_64-linux-gnu -std=gnu99 -pipe -g -O2 -fno-short-enums -ffunction-sections -m64 -fPIC -msse -msse2 -mssse3 -DALCHEMY_BUILD  -Wall -std=gnu99  -fno-strict-overflow -D_FORTIFY_SOURCE=2 -fstack-protector-strong -DHAVE_GNU_STACK  -Wno-pointer-sign -isystem/home/dima/ROS_Projects/miniardrone_ws/devel/arsdk/out/arsdk-native/staging/usr/include -isystem/home/dima/ROS_Projects/miniardrone_ws/devel/arsdk/out/arsdk-native/staging/usr/include/x86_64-linux-gnu -D_DEFAULT_SOURCE -D_BSD_SOURCE -D_POSIX_SOURCE -D_GNU_SOURCE  -m64 -L/home/dima/ROS_Projects/miniardrone_ws/devel/arsdk/out/arsdk-native/staging/lib -L/home/dima/ROS_Projects/miniardrone_ws/devel/arsdk/out/arsdk-native/staging/usr/lib -L/home/dima/ROS_Projects/miniardrone_ws/devel/arsdk/out/arsdk-native/staging/lib/x86_64-linux-gnu -L/home/dima/ROS_Projects/miniardrone_ws/devel/arsdk/out/arsdk-native/staging/usr/lib/x86_64-linux-gnu -L/home/dima/ROS_Projects/miniardrone_ws/devel/arsdk/out/arsdk-native/staging/usr/lib -Wl,-rpath-link=/home/dima/ROS_Projects/miniardrone_ws/devel/arsdk/out/arsdk-native/staging/lib -Wl,-rpath-link=/home/dima/ROS_Projects/miniardrone_ws/devel/arsdk/out/arsdk-native/staging/usr/lib -Wl,-rpath-link=/home/dima/ROS_Projects/miniardrone_ws/devel/arsdk/out/arsdk-native/staging/lib/x86_64-linux-gnu -Wl,-rpath-link=/home/dima/ROS_Projects/miniardrone_ws/devel/arsdk/out/arsdk-native/staging/usr/lib/x86_64-linux-gnu -Wl,-rpath-link=/home/dima/ROS_Projects/miniardrone_ws/devel/arsdk/out/arsdk-native/staging/usr/lib  -pthread -lrt   -Wl,-z,relro -Wl,-z,now  conftest.c  >&5
/tmp/cchmbVm0.o: In function `main':
/home/dima/ROS_Projects/miniardrone_ws/devel/arsdk/out/arsdk-native/build/libressl/libressl-2.2.1/conftest.c:62: undefined reference to `reallocarray'
collect2: error: ld returned 1 exit status
configure:13209: $? = 1
configure: failed program was:
| /* confdefs.h */
| #define PACKAGE_NAME "libressl"
| #define PACKAGE_TARNAME "libressl"
| #define PACKAGE_VERSION "2.2.1"
| #define PACKAGE_STRING "libressl 2.2.1"
| #define PACKAGE_BUGREPORT ""
| #define PACKAGE_URL ""
| #define PACKAGE "libressl"
| #define VERSION "2.2.1"
| #define STDC_HEADERS 1
| #define HAVE_SYS_TYPES_H 1
| #define HAVE_SYS_STAT_H 1
| #define HAVE_STDLIB_H 1
| #define HAVE_STRING_H 1
| #define HAVE_MEMORY_H 1
| #define HAVE_STRINGS_H 1
| #define HAVE_INTTYPES_H 1
| #define HAVE_STDINT_H 1
| #define HAVE_UNISTD_H 1
| #define HAVE_DLFCN_H 1
| #define LT_OBJDIR ".libs/"
| #define HAVE_SYMLINK 1
| #define HAVE_ASPRINTF 1
| #define HAVE_INET_PTON 1
| #define HAVE_MEMMEM 1
| #define HAVE_POLL 1
| /* end confdefs.h.  */
| /* Define reallocarray to an innocuous variant, in case <limits.h> declares reallocarray.
|    For example, HP-UX 11i <limits.h> declares gettimeofday.  */
| #define reallocarray innocuous_reallocarray
| 
| /* System header to define __stub macros and hopefully few prototypes,
|     which can conflict with char reallocarray (); below.
|     Prefer <limits.h> to <assert.h> if __STDC__ is defined, since
|     <limits.h> exists even on freestanding compilers.  */
| 
| #ifdef __STDC__
| # include <limits.h>
| #else
| # include <assert.h>
| #endif
| 
| #undef reallocarray
| 
| /* Override any GCC internal prototype to avoid an error.
|    Use char because int might match the return type of a GCC
|    builtin and then its argument prototype would still apply.  */
| #ifdef __cplusplus
| extern "C"
| #endif
| char reallocarray ();
| /* The GNU C library defines this for functions which it implements
|     to always fail with ENOSYS.  Some functions are actually named
|     something starting with __ and the normal name is an alias.  */
| #if defined __stub_reallocarray || defined __stub___reallocarray
| choke me
| #endif
| 
| int
| main ()
| {
| return reallocarray ();
|   ;
|   return 0;
| }
configure:13209: result: no
configure:13221: checking for strlcat
configure:13221:  gcc -o conftest -isystem/home/dima/ROS_Projects/miniardrone_ws/devel/arsdk/out/arsdk-native/staging/usr/include -isystem/home/dima/ROS_Projects/miniardrone_ws/devel/arsdk/out/arsdk-native/staging/usr/include/x86_64-linux-gnu -std=gnu99 -pipe -g -O2 -fno-short-enums -ffunction-sections -m64 -fPIC -msse -msse2 -mssse3 -DALCHEMY_BUILD  -Wall -std=gnu99  -fno-strict-overflow -D_FORTIFY_SOURCE=2 -fstack-protector-strong -DHAVE_GNU_STACK  -Wno-pointer-sign -isystem/home/dima/ROS_Projects/miniardrone_ws/devel/arsdk/out/arsdk-native/staging/usr/include -isystem/home/dima/ROS_Projects/miniardrone_ws/devel/arsdk/out/arsdk-native/staging/usr/include/x86_64-linux-gnu -D_DEFAULT_SOURCE -D_BSD_SOURCE -D_POSIX_SOURCE -D_GNU_SOURCE  -m64 -L/home/dima/ROS_Projects/miniardrone_ws/devel/arsdk/out/arsdk-native/staging/lib -L/home/dima/ROS_Projects/miniardrone_ws/devel/arsdk/out/arsdk-native/staging/usr/lib -L/home/dima/ROS_Projects/miniardrone_ws/devel/arsdk/out/arsdk-native/staging/lib/x86_64-linux-gnu -L/home/dima/ROS_Projects/miniardrone_ws/devel/arsdk/out/arsdk-native/staging/usr/lib/x86_64-linux-gnu -L/home/dima/ROS_Projects/miniardrone_ws/devel/arsdk/out/arsdk-native/staging/usr/lib -Wl,-rpath-link=/home/dima/ROS_Projects/miniardrone_ws/devel/arsdk/out/arsdk-native/staging/lib -Wl,-rpath-link=/home/dima/ROS_Projects/miniardrone_ws/devel/arsdk/out/arsdk-native/staging/usr/lib -Wl,-rpath-link=/home/dima/ROS_Projects/miniardrone_ws/devel/arsdk/out/arsdk-native/staging/lib/x86_64-linux-gnu -Wl,-rpath-link=/home/dima/ROS_Projects/miniardrone_ws/devel/arsdk/out/arsdk-native/staging/usr/lib/x86_64-linux-gnu -Wl,-rpath-link=/home/dima/ROS_Projects/miniardrone_ws/devel/arsdk/out/arsdk-native/staging/usr/lib  -pthread -lrt   -Wl,-z,relro -Wl,-z,now  conftest.c  >&5
/tmp/ccshvji5.o: In function `main':
/home/dima/ROS_Projects/miniardrone_ws/devel/arsdk/out/arsdk-native/build/libressl/libressl-2.2.1/conftest.c:62: undefined reference to `strlcat'
collect2: error: ld returned 1 exit status
configure:13221: $? = 1
configure: failed program was:
| /* confdefs.h */
| #define PACKAGE_NAME "libressl"
| #define PACKAGE_TARNAME "libressl"
| #define PACKAGE_VERSION "2.2.1"
| #define PACKAGE_STRING "libressl 2.2.1"
| #define PACKAGE_BUGREPORT ""
| #define PACKAGE_URL ""
| #define PACKAGE "libressl"
| #define VERSION "2.2.1"
| #define STDC_HEADERS 1
| #define HAVE_SYS_TYPES_H 1
| #define HAVE_SYS_STAT_H 1
| #define HAVE_STDLIB_H 1
| #define HAVE_STRING_H 1
| #define HAVE_MEMORY_H 1
| #define HAVE_STRINGS_H 1
| #define HAVE_INTTYPES_H 1
| #define HAVE_STDINT_H 1
| #define HAVE_UNISTD_H 1
| #define HAVE_DLFCN_H 1
| #define LT_OBJDIR ".libs/"
| #define HAVE_SYMLINK 1
| #define HAVE_ASPRINTF 1
| #define HAVE_INET_PTON 1
| #define HAVE_MEMMEM 1
| #define HAVE_POLL 1
| /* end confdefs.h.  */
| /* Define strlcat to an innocuous variant, in case <limits.h> declares strlcat.
|    For example, HP-UX 11i <limits.h> declares gettimeofday.  */
| #define strlcat innocuous_strlcat
| 
| /* System header to define __stub macros and hopefully few prototypes,
|     which can conflict with char strlcat (); below.
|     Prefer <limits.h> to <assert.h> if __STDC__ is defined, since
|     <limits.h> exists even on freestanding compilers.  */
| 
| #ifdef __STDC__
| # include <limits.h>
| #else
| # include <assert.h>
| #endif
| 
| #undef strlcat
| 
| /* Override any GCC internal prototype to avoid an error.
|    Use char because int might match the return type of a GCC
|    builtin and then its argument prototype would still apply.  */
| #ifdef __cplusplus
| extern "C"
| #endif
| char strlcat ();
| /* The GNU C library defines this for functions which it implements
|     to always fail with ENOSYS.  Some functions are actually named
|     something starting with __ and the normal name is an alias.  */
| #if defined __stub_strlcat || defined __stub___strlcat
| choke me
| #endif
| 
| int
| main ()
| {
| return strlcat ();
|   ;
|   return 0;
| }
configure:13221: result: no
configure:13221: checking for strlcpy
configure:13221:  gcc -o conftest -isystem/home/dima/ROS_Projects/miniardrone_ws/devel/arsdk/out/arsdk-native/staging/usr/include -isystem/home/dima/ROS_Projects/miniardrone_ws/devel/arsdk/out/arsdk-native/staging/usr/include/x86_64-linux-gnu -std=gnu99 -pipe -g -O2 -fno-short-enums -ffunction-sections -m64 -fPIC -msse -msse2 -mssse3 -DALCHEMY_BUILD  -Wall -std=gnu99  -fno-strict-overflow -D_FORTIFY_SOURCE=2 -fstack-protector-strong -DHAVE_GNU_STACK  -Wno-pointer-sign -isystem/home/dima/ROS_Projects/miniardrone_ws/devel/arsdk/out/arsdk-native/staging/usr/include -isystem/home/dima/ROS_Projects/miniardrone_ws/devel/arsdk/out/arsdk-native/staging/usr/include/x86_64-linux-gnu -D_DEFAULT_SOURCE -D_BSD_SOURCE -D_POSIX_SOURCE -D_GNU_SOURCE  -m64 -L/home/dima/ROS_Projects/miniardrone_ws/devel/arsdk/out/arsdk-native/staging/lib -L/home/dima/ROS_Projects/miniardrone_ws/devel/arsdk/out/arsdk-native/staging/usr/lib -L/home/dima/ROS_Projects/miniardrone_ws/devel/arsdk/out/arsdk-native/staging/lib/x86_64-linux-gnu -L/home/dima/ROS_Projects/miniardrone_ws/devel/arsdk/out/arsdk-native/staging/usr/lib/x86_64-linux-gnu -L/home/dima/ROS_Projects/miniardrone_ws/devel/arsdk/out/arsdk-native/staging/usr/lib -Wl,-rpath-link=/home/dima/ROS_Projects/miniardrone_ws/devel/arsdk/out/arsdk-native/staging/lib -Wl,-rpath-link=/home/dima/ROS_Projects/miniardrone_ws/devel/arsdk/out/arsdk-native/staging/usr/lib -Wl,-rpath-link=/home/dima/ROS_Projects/miniardrone_ws/devel/arsdk/out/arsdk-native/staging/lib/x86_64-linux-gnu -Wl,-rpath-link=/home/dima/ROS_Projects/miniardrone_ws/devel/arsdk/out/arsdk-native/staging/usr/lib/x86_64-linux-gnu -Wl,-rpath-link=/home/dima/ROS_Projects/miniardrone_ws/devel/arsdk/out/arsdk-native/staging/usr/lib  -pthread -lrt   -Wl,-z,relro -Wl,-z,now  conftest.c  >&5
/tmp/cc0E17Z9.o: In function `main':
/home/dima/ROS_Projects/miniardrone_ws/devel/arsdk/out/arsdk-native/build/libressl/libressl-2.2.1/conftest.c:62: undefined reference to `strlcpy'
collect2: error: ld returned 1 exit status
configure:13221: $? = 1
configure: failed program was:
| /* confdefs.h */
| #define PACKAGE_NAME "libressl"
| #define PACKAGE_TARNAME "libressl"
| #define PACKAGE_VERSION "2.2.1"
| #define PACKAGE_STRING "libressl 2.2.1"
| #define PACKAGE_BUGREPORT ""
| #define PACKAGE_URL ""
| #define PACKAGE "libressl"
| #define VERSION "2.2.1"
| #define STDC_HEADERS 1
| #define HAVE_SYS_TYPES_H 1
| #define HAVE_SYS_STAT_H 1
| #define HAVE_STDLIB_H 1
| #define HAVE_STRING_H 1
| #define HAVE_MEMORY_H 1
| #define HAVE_STRINGS_H 1
| #define HAVE_INTTYPES_H 1
| #define HAVE_STDINT_H 1
| #define HAVE_UNISTD_H 1
| #define HAVE_DLFCN_H 1
| #define LT_OBJDIR ".libs/"
| #define HAVE_SYMLINK 1
| #define HAVE_ASPRINTF 1
| #define HAVE_INET_PTON 1
| #define HAVE_MEMMEM 1
| #define HAVE_POLL 1
| /* end confdefs.h.  */
| /* Define strlcpy to an innocuous variant, in case <limits.h> declares strlcpy.
|    For example, HP-UX 11i <limits.h> declares gettimeofday.  */
| #define strlcpy innocuous_strlcpy
| 
| /* System header to define __stub macros and hopefully few prototypes,
|     which can conflict with char strlcpy (); below.
|     Prefer <limits.h> to <assert.h> if __STDC__ is defined, since
|     <limits.h> exists even on freestanding compilers.  */
| 
| #ifdef __STDC__
| # include <limits.h>
| #else
| # include <assert.h>
| #endif
| 
| #undef strlcpy
| 
| /* Override any GCC internal prototype to avoid an error.
|    Use char because int might match the return type of a GCC
|    builtin and then its argument prototype would still apply.  */
| #ifdef __cplusplus
| extern "C"
| #endif
| char strlcpy ();
| /* The GNU C library defines this for functions which it implements
|     to always fail with ENOSYS.  Some functions are actually named
|     something starting with __ and the normal name is an alias.  */
| #if defined __stub_strlcpy || defined __stub___strlcpy
| choke me
| #endif
| 
| int
| main ()
| {
| return strlcpy ();
|   ;
|   return 0;
| }
configure:13221: result: no
configure:13221: checking for strndup
configure:13221:  gcc -o conftest -isystem/home/dima/ROS_Projects/miniardrone_ws/devel/arsdk/out/arsdk-native/staging/usr/include -isystem/home/dima/ROS_Projects/miniardrone_ws/devel/arsdk/out/arsdk-native/staging/usr/include/x86_64-linux-gnu -std=gnu99 -pipe -g -O2 -fno-short-enums -ffunction-sections -m64 -fPIC -msse -msse2 -mssse3 -DALCHEMY_BUILD  -Wall -std=gnu99  -fno-strict-overflow -D_FORTIFY_SOURCE=2 -fstack-protector-strong -DHAVE_GNU_STACK  -Wno-pointer-sign -isystem/home/dima/ROS_Projects/miniardrone_ws/devel/arsdk/out/arsdk-native/staging/usr/include -isystem/home/dima/ROS_Projects/miniardrone_ws/devel/arsdk/out/arsdk-native/staging/usr/include/x86_64-linux-gnu -D_DEFAULT_SOURCE -D_BSD_SOURCE -D_POSIX_SOURCE -D_GNU_SOURCE  -m64 -L/home/dima/ROS_Projects/miniardrone_ws/devel/arsdk/out/arsdk-native/staging/lib -L/home/dima/ROS_Projects/miniardrone_ws/devel/arsdk/out/arsdk-native/staging/usr/lib -L/home/dima/ROS_Projects/miniardrone_ws/devel/arsdk/out/arsdk-native/staging/lib/x86_64-linux-gnu -L/home/dima/ROS_Projects/miniardrone_ws/devel/arsdk/out/arsdk-native/staging/usr/lib/x86_64-linux-gnu -L/home/dima/ROS_Projects/miniardrone_ws/devel/arsdk/out/arsdk-native/staging/usr/lib -Wl,-rpath-link=/home/dima/ROS_Projects/miniardrone_ws/devel/arsdk/out/arsdk-native/staging/lib -Wl,-rpath-link=/home/dima/ROS_Projects/miniardrone_ws/devel/arsdk/out/arsdk-native/staging/usr/lib -Wl,-rpath-link=/home/dima/ROS_Projects/miniardrone_ws/devel/arsdk/out/arsdk-native/staging/lib/x86_64-linux-gnu -Wl,-rpath-link=/home/dima/ROS_Projects/miniardrone_ws/devel/arsdk/out/arsdk-native/staging/usr/lib/x86_64-linux-gnu -Wl,-rpath-link=/home/dima/ROS_Projects/miniardrone_ws/devel/arsdk/out/arsdk-native/staging/usr/lib  -pthread -lrt   -Wl,-z,relro -Wl,-z,now  conftest.c  >&5
conftest.c:51:6: warning: conflicting types for built-in function 'strndup'
 char strndup ();
      ^
configure:13221: $? = 0
configure:13221: result: yes
configure:13221: checking for strnlen
configure:13221:  gcc -o conftest -isystem/home/dima/ROS_Projects/miniardrone_ws/devel/arsdk/out/arsdk-native/staging/usr/include -isystem/home/dima/ROS_Projects/miniardrone_ws/devel/arsdk/out/arsdk-native/staging/usr/include/x86_64-linux-gnu -std=gnu99 -pipe -g -O2 -fno-short-enums -ffunction-sections -m64 -fPIC -msse -msse2 -mssse3 -DALCHEMY_BUILD  -Wall -std=gnu99  -fno-strict-overflow -D_FORTIFY_SOURCE=2 -fstack-protector-strong -DHAVE_GNU_STACK  -Wno-pointer-sign -isystem/home/dima/ROS_Projects/miniardrone_ws/devel/arsdk/out/arsdk-native/staging/usr/include -isystem/home/dima/ROS_Projects/miniardrone_ws/devel/arsdk/out/arsdk-native/staging/usr/include/x86_64-linux-gnu -D_DEFAULT_SOURCE -D_BSD_SOURCE -D_POSIX_SOURCE -D_GNU_SOURCE  -m64 -L/home/dima/ROS_Projects/miniardrone_ws/devel/arsdk/out/arsdk-native/staging/lib -L/home/dima/ROS_Projects/miniardrone_ws/devel/arsdk/out/arsdk-native/staging/usr/lib -L/home/dima/ROS_Projects/miniardrone_ws/devel/arsdk/out/arsdk-native/staging/lib/x86_64-linux-gnu -L/home/dima/ROS_Projects/miniardrone_ws/devel/arsdk/out/arsdk-native/staging/usr/lib/x86_64-linux-gnu -L/home/dima/ROS_Projects/miniardrone_ws/devel/arsdk/out/arsdk-native/staging/usr/lib -Wl,-rpath-link=/home/dima/ROS_Projects/miniardrone_ws/devel/arsdk/out/arsdk-native/staging/lib -Wl,-rpath-link=/home/dima/ROS_Projects/miniardrone_ws/devel/arsdk/out/arsdk-native/staging/usr/lib -Wl,-rpath-link=/home/dima/ROS_Projects/miniardrone_ws/devel/arsdk/out/arsdk-native/staging/lib/x86_64-linux-gnu -Wl,-rpath-link=/home/dima/ROS_Projects/miniardrone_ws/devel/arsdk/out/arsdk-native/staging/usr/lib/x86_64-linux-gnu -Wl,-rpath-link=/home/dima/ROS_Projects/miniardrone_ws/devel/arsdk/out/arsdk-native/staging/usr/lib  -pthread -lrt   -Wl,-z,relro -Wl,-z,now  conftest.c  >&5
configure:13221: $? = 0
configure:13221: result: yes
configure:13221: checking for strsep
configure:13221:  gcc -o conftest -isystem/home/dima/ROS_Projects/miniardrone_ws/devel/arsdk/out/arsdk-native/staging/usr/include -isystem/home/dima/ROS_Projects/miniardrone_ws/devel/arsdk/out/arsdk-native/staging/usr/include/x86_64-linux-gnu -std=gnu99 -pipe -g -O2 -fno-short-enums -ffunction-sections -m64 -fPIC -msse -msse2 -mssse3 -DALCHEMY_BUILD  -Wall -std=gnu99  -fno-strict-overflow -D_FORTIFY_SOURCE=2 -fstack-protector-strong -DHAVE_GNU_STACK  -Wno-pointer-sign -isystem/home/dima/ROS_Projects/miniardrone_ws/devel/arsdk/out/arsdk-native/staging/usr/include -isystem/home/dima/ROS_Projects/miniardrone_ws/devel/arsdk/out/arsdk-native/staging/usr/include/x86_64-linux-gnu -D_DEFAULT_SOURCE -D_BSD_SOURCE -D_POSIX_SOURCE -D_GNU_SOURCE  -m64 -L/home/dima/ROS_Projects/miniardrone_ws/devel/arsdk/out/arsdk-native/staging/lib -L/home/dima/ROS_Projects/miniardrone_ws/devel/arsdk/out/arsdk-native/staging/usr/lib -L/home/dima/ROS_Projects/miniardrone_ws/devel/arsdk/out/arsdk-native/staging/lib/x86_64-linux-gnu -L/home/dima/ROS_Projects/miniardrone_ws/devel/arsdk/out/arsdk-native/staging/usr/lib/x86_64-linux-gnu -L/home/dima/ROS_Projects/miniardrone_ws/devel/arsdk/out/arsdk-native/staging/usr/lib -Wl,-rpath-link=/home/dima/ROS_Projects/miniardrone_ws/devel/arsdk/out/arsdk-native/staging/lib -Wl,-rpath-link=/home/dima/ROS_Projects/miniardrone_ws/devel/arsdk/out/arsdk-native/staging/usr/lib -Wl,-rpath-link=/home/dima/ROS_Projects/miniardrone_ws/devel/arsdk/out/arsdk-native/staging/lib/x86_64-linux-gnu -Wl,-rpath-link=/home/dima/ROS_Projects/miniardrone_ws/devel/arsdk/out/arsdk-native/staging/usr/lib/x86_64-linux-gnu -Wl,-rpath-link=/home/dima/ROS_Projects/miniardrone_ws/devel/arsdk/out/arsdk-native/staging/usr/lib  -pthread -lrt   -Wl,-z,relro -Wl,-z,now  conftest.c  >&5
configure:13221: $? = 0
configure:13221: result: yes
configure:13221: checking for strtonum
configure:13221:  gcc -o conftest -isystem/home/dima/ROS_Projects/miniardrone_ws/devel/arsdk/out/arsdk-native/staging/usr/include -isystem/home/dima/ROS_Projects/miniardrone_ws/devel/arsdk/out/arsdk-native/staging/usr/include/x86_64-linux-gnu -std=gnu99 -pipe -g -O2 -fno-short-enums -ffunction-sections -m64 -fPIC -msse -msse2 -mssse3 -DALCHEMY_BUILD  -Wall -std=gnu99  -fno-strict-overflow -D_FORTIFY_SOURCE=2 -fstack-protector-strong -DHAVE_GNU_STACK  -Wno-pointer-sign -isystem/home/dima/ROS_Projects/miniardrone_ws/devel/arsdk/out/arsdk-native/staging/usr/include -isystem/home/dima/ROS_Projects/miniardrone_ws/devel/arsdk/out/arsdk-native/staging/usr/include/x86_64-linux-gnu -D_DEFAULT_SOURCE -D_BSD_SOURCE -D_POSIX_SOURCE -D_GNU_SOURCE  -m64 -L/home/dima/ROS_Projects/miniardrone_ws/devel/arsdk/out/arsdk-native/staging/lib -L/home/dima/ROS_Projects/miniardrone_ws/devel/arsdk/out/arsdk-native/staging/usr/lib -L/home/dima/ROS_Projects/miniardrone_ws/devel/arsdk/out/arsdk-native/staging/lib/x86_64-linux-gnu -L/home/dima/ROS_Projects/miniardrone_ws/devel/arsdk/out/arsdk-native/staging/usr/lib/x86_64-linux-gnu -L/home/dima/ROS_Projects/miniardrone_ws/devel/arsdk/out/arsdk-native/staging/usr/lib -Wl,-rpath-link=/home/dima/ROS_Projects/miniardrone_ws/devel/arsdk/out/arsdk-native/staging/lib -Wl,-rpath-link=/home/dima/ROS_Projects/miniardrone_ws/devel/arsdk/out/arsdk-native/staging/usr/lib -Wl,-rpath-link=/home/dima/ROS_Projects/miniardrone_ws/devel/arsdk/out/arsdk-native/staging/lib/x86_64-linux-gnu -Wl,-rpath-link=/home/dima/ROS_Projects/miniardrone_ws/devel/arsdk/out/arsdk-native/staging/usr/lib/x86_64-linux-gnu -Wl,-rpath-link=/home/dima/ROS_Projects/miniardrone_ws/devel/arsdk/out/arsdk-native/staging/usr/lib  -pthread -lrt   -Wl,-z,relro -Wl,-z,now  conftest.c  >&5
/tmp/ccuVxKBt.o: In function `main':
/home/dima/ROS_Projects/miniardrone_ws/devel/arsdk/out/arsdk-native/build/libressl/libressl-2.2.1/conftest.c:65: undefined reference to `strtonum'
collect2: error: ld returned 1 exit status
configure:13221: $? = 1
configure: failed program was:
| /* confdefs.h */
| #define PACKAGE_NAME "libressl"
| #define PACKAGE_TARNAME "libressl"
| #define PACKAGE_VERSION "2.2.1"
| #define PACKAGE_STRING "libressl 2.2.1"
| #define PACKAGE_BUGREPORT ""
| #define PACKAGE_URL ""
| #define PACKAGE "libressl"
| #define VERSION "2.2.1"
| #define STDC_HEADERS 1
| #define HAVE_SYS_TYPES_H 1
| #define HAVE_SYS_STAT_H 1
| #define HAVE_STDLIB_H 1
| #define HAVE_STRING_H 1
| #define HAVE_MEMORY_H 1
| #define HAVE_STRINGS_H 1
| #define HAVE_INTTYPES_H 1
| #define HAVE_STDINT_H 1
| #define HAVE_UNISTD_H 1
| #define HAVE_DLFCN_H 1
| #define LT_OBJDIR ".libs/"
| #define HAVE_SYMLINK 1
| #define HAVE_ASPRINTF 1
| #define HAVE_INET_PTON 1
| #define HAVE_MEMMEM 1
| #define HAVE_POLL 1
| #define HAVE_STRNDUP 1
| #define HAVE_STRNLEN 1
| #define HAVE_STRSEP 1
| /* end confdefs.h.  */
| /* Define strtonum to an innocuous variant, in case <limits.h> declares strtonum.
|    For example, HP-UX 11i <limits.h> declares gettimeofday.  */
| #define strtonum innocuous_strtonum
| 
| /* System header to define __stub macros and hopefully few prototypes,
|     which can conflict with char strtonum (); below.
|     Prefer <limits.h> to <assert.h> if __STDC__ is defined, since
|     <limits.h> exists even on freestanding compilers.  */
| 
| #ifdef __STDC__
| # include <limits.h>
| #else
| # include <assert.h>
| #endif
| 
| #undef strtonum
| 
| /* Override any GCC internal prototype to avoid an error.
|    Use char because int might match the return type of a GCC
|    builtin and then its argument prototype would still apply.  */
| #ifdef __cplusplus
| extern "C"
| #endif
| char strtonum ();
| /* The GNU C library defines this for functions which it implements
|     to always fail with ENOSYS.  Some functions are actually named
|     something starting with __ and the normal name is an alias.  */
| #if defined __stub_strtonum || defined __stub___strtonum
| choke me
| #endif
| 
| int
| main ()
| {
| return strtonum ();
|   ;
|   return 0;
| }
configure:13221: result: no
configure:13324: checking for arc4random_buf
configure:13324:  gcc -o conftest -isystem/home/dima/ROS_Projects/miniardrone_ws/devel/arsdk/out/arsdk-native/staging/usr/include -isystem/home/dima/ROS_Projects/miniardrone_ws/devel/arsdk/out/arsdk-native/staging/usr/include/x86_64-linux-gnu -std=gnu99 -pipe -g -O2 -fno-short-enums -ffunction-sections -m64 -fPIC -msse -msse2 -mssse3 -DALCHEMY_BUILD  -Wall -std=gnu99  -fno-strict-overflow -D_FORTIFY_SOURCE=2 -fstack-protector-strong -DHAVE_GNU_STACK  -Wno-pointer-sign -isystem/home/dima/ROS_Projects/miniardrone_ws/devel/arsdk/out/arsdk-native/staging/usr/include -isystem/home/dima/ROS_Projects/miniardrone_ws/devel/arsdk/out/arsdk-native/staging/usr/include/x86_64-linux-gnu -D_DEFAULT_SOURCE -D_BSD_SOURCE -D_POSIX_SOURCE -D_GNU_SOURCE  -m64 -L/home/dima/ROS_Projects/miniardrone_ws/devel/arsdk/out/arsdk-native/staging/lib -L/home/dima/ROS_Projects/miniardrone_ws/devel/arsdk/out/arsdk-native/staging/usr/lib -L/home/dima/ROS_Projects/miniardrone_ws/devel/arsdk/out/arsdk-native/staging/lib/x86_64-linux-gnu -L/home/dima/ROS_Projects/miniardrone_ws/devel/arsdk/out/arsdk-native/staging/usr/lib/x86_64-linux-gnu -L/home/dima/ROS_Projects/miniardrone_ws/devel/arsdk/out/arsdk-native/staging/usr/lib -Wl,-rpath-link=/home/dima/ROS_Projects/miniardrone_ws/devel/arsdk/out/arsdk-native/staging/lib -Wl,-rpath-link=/home/dima/ROS_Projects/miniardrone_ws/devel/arsdk/out/arsdk-native/staging/usr/lib -Wl,-rpath-link=/home/dima/ROS_Projects/miniardrone_ws/devel/arsdk/out/arsdk-native/staging/lib/x86_64-linux-gnu -Wl,-rpath-link=/home/dima/ROS_Projects/miniardrone_ws/devel/arsdk/out/arsdk-native/staging/usr/lib/x86_64-linux-gnu -Wl,-rpath-link=/home/dima/ROS_Projects/miniardrone_ws/devel/arsdk/out/arsdk-native/staging/usr/lib  -pthread -lrt   -Wl,-z,relro -Wl,-z,now  conftest.c  >&5
/tmp/ccUnuwiy.o: In function `main':
/home/dima/ROS_Projects/miniardrone_ws/devel/arsdk/out/arsdk-native/build/libressl/libressl-2.2.1/conftest.c:65: undefined reference to `arc4random_buf'
collect2: error: ld returned 1 exit status
configure:13324: $? = 1
configure: failed program was:
| /* confdefs.h */
| #define PACKAGE_NAME "libressl"
| #define PACKAGE_TARNAME "libressl"
| #define PACKAGE_VERSION "2.2.1"
| #define PACKAGE_STRING "libressl 2.2.1"
| #define PACKAGE_BUGREPORT ""
| #define PACKAGE_URL ""
| #define PACKAGE "libressl"
| #define VERSION "2.2.1"
| #define STDC_HEADERS 1
| #define HAVE_SYS_TYPES_H 1
| #define HAVE_SYS_STAT_H 1
| #define HAVE_STDLIB_H 1
| #define HAVE_STRING_H 1
| #define HAVE_MEMORY_H 1
| #define HAVE_STRINGS_H 1
| #define HAVE_INTTYPES_H 1
| #define HAVE_STDINT_H 1
| #define HAVE_UNISTD_H 1
| #define HAVE_DLFCN_H 1
| #define LT_OBJDIR ".libs/"
| #define HAVE_SYMLINK 1
| #define HAVE_ASPRINTF 1
| #define HAVE_INET_PTON 1
| #define HAVE_MEMMEM 1
| #define HAVE_POLL 1
| #define HAVE_STRNDUP 1
| #define HAVE_STRNLEN 1
| #define HAVE_STRSEP 1
| /* end confdefs.h.  */
| /* Define arc4random_buf to an innocuous variant, in case <limits.h> declares arc4random_buf.
|    For example, HP-UX 11i <limits.h> declares gettimeofday.  */
| #define arc4random_buf innocuous_arc4random_buf
| 
| /* System header to define __stub macros and hopefully few prototypes,
|     which can conflict with char arc4random_buf (); below.
|     Prefer <limits.h> to <assert.h> if __STDC__ is defined, since
|     <limits.h> exists even on freestanding compilers.  */
| 
| #ifdef __STDC__
| # include <limits.h>
| #else
| # include <assert.h>
| #endif
| 
| #undef arc4random_buf
| 
| /* Override any GCC internal prototype to avoid an error.
|    Use char because int might match the return type of a GCC
|    builtin and then its argument prototype would still apply.  */
| #ifdef __cplusplus
| extern "C"
| #endif
| char arc4random_buf ();
| /* The GNU C library defines this for functions which it implements
|     to always fail with ENOSYS.  Some functions are actually named
|     something starting with __ and the normal name is an alias.  */
| #if defined __stub_arc4random_buf || defined __stub___arc4random_buf
| choke me
| #endif
| 
| int
| main ()
| {
| return arc4random_buf ();
|   ;
|   return 0;
| }
configure:13324: result: no
configure:13324: checking for explicit_bzero
configure:13324:  gcc -o conftest -isystem/home/dima/ROS_Projects/miniardrone_ws/devel/arsdk/out/arsdk-native/staging/usr/include -isystem/home/dima/ROS_Projects/miniardrone_ws/devel/arsdk/out/arsdk-native/staging/usr/include/x86_64-linux-gnu -std=gnu99 -pipe -g -O2 -fno-short-enums -ffunction-sections -m64 -fPIC -msse -msse2 -mssse3 -DALCHEMY_BUILD  -Wall -std=gnu99  -fno-strict-overflow -D_FORTIFY_SOURCE=2 -fstack-protector-strong -DHAVE_GNU_STACK  -Wno-pointer-sign -isystem/home/dima/ROS_Projects/miniardrone_ws/devel/arsdk/out/arsdk-native/staging/usr/include -isystem/home/dima/ROS_Projects/miniardrone_ws/devel/arsdk/out/arsdk-native/staging/usr/include/x86_64-linux-gnu -D_DEFAULT_SOURCE -D_BSD_SOURCE -D_POSIX_SOURCE -D_GNU_SOURCE  -m64 -L/home/dima/ROS_Projects/miniardrone_ws/devel/arsdk/out/arsdk-native/staging/lib -L/home/dima/ROS_Projects/miniardrone_ws/devel/arsdk/out/arsdk-native/staging/usr/lib -L/home/dima/ROS_Projects/miniardrone_ws/devel/arsdk/out/arsdk-native/staging/lib/x86_64-linux-gnu -L/home/dima/ROS_Projects/miniardrone_ws/devel/arsdk/out/arsdk-native/staging/usr/lib/x86_64-linux-gnu -L/home/dima/ROS_Projects/miniardrone_ws/devel/arsdk/out/arsdk-native/staging/usr/lib -Wl,-rpath-link=/home/dima/ROS_Projects/miniardrone_ws/devel/arsdk/out/arsdk-native/staging/lib -Wl,-rpath-link=/home/dima/ROS_Projects/miniardrone_ws/devel/arsdk/out/arsdk-native/staging/usr/lib -Wl,-rpath-link=/home/dima/ROS_Projects/miniardrone_ws/devel/arsdk/out/arsdk-native/staging/lib/x86_64-linux-gnu -Wl,-rpath-link=/home/dima/ROS_Projects/miniardrone_ws/devel/arsdk/out/arsdk-native/staging/usr/lib/x86_64-linux-gnu -Wl,-rpath-link=/home/dima/ROS_Projects/miniardrone_ws/devel/arsdk/out/arsdk-native/staging/usr/lib  -pthread -lrt   -Wl,-z,relro -Wl,-z,now  conftest.c  >&5
/tmp/cctwG97C.o: In function `main':
/home/dima/ROS_Projects/miniardrone_ws/devel/arsdk/out/arsdk-native/build/libressl/libressl-2.2.1/conftest.c:65: undefined reference to `explicit_bzero'
collect2: error: ld returned 1 exit status
configure:13324: $? = 1
configure: failed program was:
| /* confdefs.h */
| #define PACKAGE_NAME "libressl"
| #define PACKAGE_TARNAME "libressl"
| #define PACKAGE_VERSION "2.2.1"
| #define PACKAGE_STRING "libressl 2.2.1"
| #define PACKAGE_BUGREPORT ""
| #define PACKAGE_URL ""
| #define PACKAGE "libressl"
| #define VERSION "2.2.1"
| #define STDC_HEADERS 1
| #define HAVE_SYS_TYPES_H 1
| #define HAVE_SYS_STAT_H 1
| #define HAVE_STDLIB_H 1
| #define HAVE_STRING_H 1
| #define HAVE_MEMORY_H 1
| #define HAVE_STRINGS_H 1
| #define HAVE_INTTYPES_H 1
| #define HAVE_STDINT_H 1
| #define HAVE_UNISTD_H 1
| #define HAVE_DLFCN_H 1
| #define LT_OBJDIR ".libs/"
| #define HAVE_SYMLINK 1
| #define HAVE_ASPRINTF 1
| #define HAVE_INET_PTON 1
| #define HAVE_MEMMEM 1
| #define HAVE_POLL 1
| #define HAVE_STRNDUP 1
| #define HAVE_STRNLEN 1
| #define HAVE_STRSEP 1
| /* end confdefs.h.  */
| /* Define explicit_bzero to an innocuous variant, in case <limits.h> declares explicit_bzero.
|    For example, HP-UX 11i <limits.h> declares gettimeofday.  */
| #define explicit_bzero innocuous_explicit_bzero
| 
| /* System header to define __stub macros and hopefully few prototypes,
|     which can conflict with char explicit_bzero (); below.
|     Prefer <limits.h> to <assert.h> if __STDC__ is defined, since
|     <limits.h> exists even on freestanding compilers.  */
| 
| #ifdef __STDC__
| # include <limits.h>
| #else
| # include <assert.h>
| #endif
| 
| #undef explicit_bzero
| 
| /* Override any GCC internal prototype to avoid an error.
|    Use char because int might match the return type of a GCC
|    builtin and then its argument prototype would still apply.  */
| #ifdef __cplusplus
| extern "C"
| #endif
| char explicit_bzero ();
| /* The GNU C library defines this for functions which it implements
|     to always fail with ENOSYS.  Some functions are actually named
|     something starting with __ and the normal name is an alias.  */
| #if defined __stub_explicit_bzero || defined __stub___explicit_bzero
| choke me
| #endif
| 
| int
| main ()
| {
| return explicit_bzero ();
|   ;
|   return 0;
| }
configure:13324: result: no
configure:13324: checking for getauxval
configure:13324:  gcc -o conftest -isystem/home/dima/ROS_Projects/miniardrone_ws/devel/arsdk/out/arsdk-native/staging/usr/include -isystem/home/dima/ROS_Projects/miniardrone_ws/devel/arsdk/out/arsdk-native/staging/usr/include/x86_64-linux-gnu -std=gnu99 -pipe -g -O2 -fno-short-enums -ffunction-sections -m64 -fPIC -msse -msse2 -mssse3 -DALCHEMY_BUILD  -Wall -std=gnu99  -fno-strict-overflow -D_FORTIFY_SOURCE=2 -fstack-protector-strong -DHAVE_GNU_STACK  -Wno-pointer-sign -isystem/home/dima/ROS_Projects/miniardrone_ws/devel/arsdk/out/arsdk-native/staging/usr/include -isystem/home/dima/ROS_Projects/miniardrone_ws/devel/arsdk/out/arsdk-native/staging/usr/include/x86_64-linux-gnu -D_DEFAULT_SOURCE -D_BSD_SOURCE -D_POSIX_SOURCE -D_GNU_SOURCE  -m64 -L/home/dima/ROS_Projects/miniardrone_ws/devel/arsdk/out/arsdk-native/staging/lib -L/home/dima/ROS_Projects/miniardrone_ws/devel/arsdk/out/arsdk-native/staging/usr/lib -L/home/dima/ROS_Projects/miniardrone_ws/devel/arsdk/out/arsdk-native/staging/lib/x86_64-linux-gnu -L/home/dima/ROS_Projects/miniardrone_ws/devel/arsdk/out/arsdk-native/staging/usr/lib/x86_64-linux-gnu -L/home/dima/ROS_Projects/miniardrone_ws/devel/arsdk/out/arsdk-native/staging/usr/lib -Wl,-rpath-link=/home/dima/ROS_Projects/miniardrone_ws/devel/arsdk/out/arsdk-native/staging/lib -Wl,-rpath-link=/home/dima/ROS_Projects/miniardrone_ws/devel/arsdk/out/arsdk-native/staging/usr/lib -Wl,-rpath-link=/home/dima/ROS_Projects/miniardrone_ws/devel/arsdk/out/arsdk-native/staging/lib/x86_64-linux-gnu -Wl,-rpath-link=/home/dima/ROS_Projects/miniardrone_ws/devel/arsdk/out/arsdk-native/staging/usr/lib/x86_64-linux-gnu -Wl,-rpath-link=/home/dima/ROS_Projects/miniardrone_ws/devel/arsdk/out/arsdk-native/staging/usr/lib  -pthread -lrt   -Wl,-z,relro -Wl,-z,now  conftest.c  >&5
configure:13324: $? = 0
configure:13324: result: yes
configure:13324: checking for getentropy
configure:13324:  gcc -o conftest -isystem/home/dima/ROS_Projects/miniardrone_ws/devel/arsdk/out/arsdk-native/staging/usr/include -isystem/home/dima/ROS_Projects/miniardrone_ws/devel/arsdk/out/arsdk-native/staging/usr/include/x86_64-linux-gnu -std=gnu99 -pipe -g -O2 -fno-short-enums -ffunction-sections -m64 -fPIC -msse -msse2 -mssse3 -DALCHEMY_BUILD  -Wall -std=gnu99  -fno-strict-overflow -D_FORTIFY_SOURCE=2 -fstack-protector-strong -DHAVE_GNU_STACK  -Wno-pointer-sign -isystem/home/dima/ROS_Projects/miniardrone_ws/devel/arsdk/out/arsdk-native/staging/usr/include -isystem/home/dima/ROS_Projects/miniardrone_ws/devel/arsdk/out/arsdk-native/staging/usr/include/x86_64-linux-gnu -D_DEFAULT_SOURCE -D_BSD_SOURCE -D_POSIX_SOURCE -D_GNU_SOURCE  -m64 -L/home/dima/ROS_Projects/miniardrone_ws/devel/arsdk/out/arsdk-native/staging/lib -L/home/dima/ROS_Projects/miniardrone_ws/devel/arsdk/out/arsdk-native/staging/usr/lib -L/home/dima/ROS_Projects/miniardrone_ws/devel/arsdk/out/arsdk-native/staging/lib/x86_64-linux-gnu -L/home/dima/ROS_Projects/miniardrone_ws/devel/arsdk/out/arsdk-native/staging/usr/lib/x86_64-linux-gnu -L/home/dima/ROS_Projects/miniardrone_ws/devel/arsdk/out/arsdk-native/staging/usr/lib -Wl,-rpath-link=/home/dima/ROS_Projects/miniardrone_ws/devel/arsdk/out/arsdk-native/staging/lib -Wl,-rpath-link=/home/dima/ROS_Projects/miniardrone_ws/devel/arsdk/out/arsdk-native/staging/usr/lib -Wl,-rpath-link=/home/dima/ROS_Projects/miniardrone_ws/devel/arsdk/out/arsdk-native/staging/lib/x86_64-linux-gnu -Wl,-rpath-link=/home/dima/ROS_Projects/miniardrone_ws/devel/arsdk/out/arsdk-native/staging/usr/lib/x86_64-linux-gnu -Wl,-rpath-link=/home/dima/ROS_Projects/miniardrone_ws/devel/arsdk/out/arsdk-native/staging/usr/lib  -pthread -lrt   -Wl,-z,relro -Wl,-z,now  conftest.c  >&5
/tmp/ccn2vfcM.o: In function `main':
/home/dima/ROS_Projects/miniardrone_ws/devel/arsdk/out/arsdk-native/build/libressl/libressl-2.2.1/conftest.c:66: undefined reference to `getentropy'
collect2: error: ld returned 1 exit status
configure:13324: $? = 1
configure: failed program was:
| /* confdefs.h */
| #define PACKAGE_NAME "libressl"
| #define PACKAGE_TARNAME "libressl"
| #define PACKAGE_VERSION "2.2.1"
| #define PACKAGE_STRING "libressl 2.2.1"
| #define PACKAGE_BUGREPORT ""
| #define PACKAGE_URL ""
| #define PACKAGE "libressl"
| #define VERSION "2.2.1"
| #define STDC_HEADERS 1
| #define HAVE_SYS_TYPES_H 1
| #define HAVE_SYS_STAT_H 1
| #define HAVE_STDLIB_H 1
| #define HAVE_STRING_H 1
| #define HAVE_MEMORY_H 1
| #define HAVE_STRINGS_H 1
| #define HAVE_INTTYPES_H 1
| #define HAVE_STDINT_H 1
| #define HAVE_UNISTD_H 1
| #define HAVE_DLFCN_H 1
| #define LT_OBJDIR ".libs/"
| #define HAVE_SYMLINK 1
| #define HAVE_ASPRINTF 1
| #define HAVE_INET_PTON 1
| #define HAVE_MEMMEM 1
| #define HAVE_POLL 1
| #define HAVE_STRNDUP 1
| #define HAVE_STRNLEN 1
| #define HAVE_STRSEP 1
| #define HAVE_GETAUXVAL 1
| /* end confdefs.h.  */
| /* Define getentropy to an innocuous variant, in case <limits.h> declares getentropy.
|    For example, HP-UX 11i <limits.h> declares gettimeofday.  */
| #define getentropy innocuous_getentropy
| 
| /* System header to define __stub macros and hopefully few prototypes,
|     which can conflict with char getentropy (); below.
|     Prefer <limits.h> to <assert.h> if __STDC__ is defined, since
|     <limits.h> exists even on freestanding compilers.  */
| 
| #ifdef __STDC__
| # include <limits.h>
| #else
| # include <assert.h>
| #endif
| 
| #undef getentropy
| 
| /* Override any GCC internal prototype to avoid an error.
|    Use char because int might match the return type of a GCC
|    builtin and then its argument prototype would still apply.  */
| #ifdef __cplusplus
| extern "C"
| #endif
| char getentropy ();
| /* The GNU C library defines this for functions which it implements
|     to always fail with ENOSYS.  Some functions are actually named
|     something starting with __ and the normal name is an alias.  */
| #if defined __stub_getentropy || defined __stub___getentropy
| choke me
| #endif
| 
| int
| main ()
| {
| return getentropy ();
|   ;
|   return 0;
| }
configure:13324: result: no
configure:13336: checking for timingsafe_bcmp
configure:13336:  gcc -o conftest -isystem/home/dima/ROS_Projects/miniardrone_ws/devel/arsdk/out/arsdk-native/staging/usr/include -isystem/home/dima/ROS_Projects/miniardrone_ws/devel/arsdk/out/arsdk-native/staging/usr/include/x86_64-linux-gnu -std=gnu99 -pipe -g -O2 -fno-short-enums -ffunction-sections -m64 -fPIC -msse -msse2 -mssse3 -DALCHEMY_BUILD  -Wall -std=gnu99  -fno-strict-overflow -D_FORTIFY_SOURCE=2 -fstack-protector-strong -DHAVE_GNU_STACK  -Wno-pointer-sign -isystem/home/dima/ROS_Projects/miniardrone_ws/devel/arsdk/out/arsdk-native/staging/usr/include -isystem/home/dima/ROS_Projects/miniardrone_ws/devel/arsdk/out/arsdk-native/staging/usr/include/x86_64-linux-gnu -D_DEFAULT_SOURCE -D_BSD_SOURCE -D_POSIX_SOURCE -D_GNU_SOURCE  -m64 -L/home/dima/ROS_Projects/miniardrone_ws/devel/arsdk/out/arsdk-native/staging/lib -L/home/dima/ROS_Projects/miniardrone_ws/devel/arsdk/out/arsdk-native/staging/usr/lib -L/home/dima/ROS_Projects/miniardrone_ws/devel/arsdk/out/arsdk-native/staging/lib/x86_64-linux-gnu -L/home/dima/ROS_Projects/miniardrone_ws/devel/arsdk/out/arsdk-native/staging/usr/lib/x86_64-linux-gnu -L/home/dima/ROS_Projects/miniardrone_ws/devel/arsdk/out/arsdk-native/staging/usr/lib -Wl,-rpath-link=/home/dima/ROS_Projects/miniardrone_ws/devel/arsdk/out/arsdk-native/staging/lib -Wl,-rpath-link=/home/dima/ROS_Projects/miniardrone_ws/devel/arsdk/out/arsdk-native/staging/usr/lib -Wl,-rpath-link=/home/dima/ROS_Projects/miniardrone_ws/devel/arsdk/out/arsdk-native/staging/lib/x86_64-linux-gnu -Wl,-rpath-link=/home/dima/ROS_Projects/miniardrone_ws/devel/arsdk/out/arsdk-native/staging/usr/lib/x86_64-linux-gnu -Wl,-rpath-link=/home/dima/ROS_Projects/miniardrone_ws/devel/arsdk/out/arsdk-native/staging/usr/lib  -pthread -lrt   -Wl,-z,relro -Wl,-z,now  conftest.c  >&5
/tmp/cca69paF.o: In function `main':
/home/dima/ROS_Projects/miniardrone_ws/devel/arsdk/out/arsdk-native/build/libressl/libressl-2.2.1/conftest.c:66: undefined reference to `timingsafe_bcmp'
collect2: error: ld returned 1 exit status
configure:13336: $? = 1
configure: failed program was:
| /* confdefs.h */
| #define PACKAGE_NAME "libressl"
| #define PACKAGE_TARNAME "libressl"
| #define PACKAGE_VERSION "2.2.1"
| #define PACKAGE_STRING "libressl 2.2.1"
| #define PACKAGE_BUGREPORT ""
| #define PACKAGE_URL ""
| #define PACKAGE "libressl"
| #define VERSION "2.2.1"
| #define STDC_HEADERS 1
| #define HAVE_SYS_TYPES_H 1
| #define HAVE_SYS_STAT_H 1
| #define HAVE_STDLIB_H 1
| #define HAVE_STRING_H 1
| #define HAVE_MEMORY_H 1
| #define HAVE_STRINGS_H 1
| #define HAVE_INTTYPES_H 1
| #define HAVE_STDINT_H 1
| #define HAVE_UNISTD_H 1
| #define HAVE_DLFCN_H 1
| #define LT_OBJDIR ".libs/"
| #define HAVE_SYMLINK 1
| #define HAVE_ASPRINTF 1
| #define HAVE_INET_PTON 1
| #define HAVE_MEMMEM 1
| #define HAVE_POLL 1
| #define HAVE_STRNDUP 1
| #define HAVE_STRNLEN 1
| #define HAVE_STRSEP 1
| #define HAVE_GETAUXVAL 1
| /* end confdefs.h.  */
| /* Define timingsafe_bcmp to an innocuous variant, in case <limits.h> declares timingsafe_bcmp.
|    For example, HP-UX 11i <limits.h> declares gettimeofday.  */
| #define timingsafe_bcmp innocuous_timingsafe_bcmp
| 
| /* System header to define __stub macros and hopefully few prototypes,
|     which can conflict with char timingsafe_bcmp (); below.
|     Prefer <limits.h> to <assert.h> if __STDC__ is defined, since
|     <limits.h> exists even on freestanding compilers.  */
| 
| #ifdef __STDC__
| # include <limits.h>
| #else
| # include <assert.h>
| #endif
| 
| #undef timingsafe_bcmp
| 
| /* Override any GCC internal prototype to avoid an error.
|    Use char because int might match the return type of a GCC
|    builtin and then its argument prototype would still apply.  */
| #ifdef __cplusplus
| extern "C"
| #endif
| char timingsafe_bcmp ();
| /* The GNU C library defines this for functions which it implements
|     to always fail with ENOSYS.  Some functions are actually named
|     something starting with __ and the normal name is an alias.  */
| #if defined __stub_timingsafe_bcmp || defined __stub___timingsafe_bcmp
| choke me
| #endif
| 
| int
| main ()
| {
| return timingsafe_bcmp ();
|   ;
|   return 0;
| }
configure:13336: result: no
configure:13336: checking for timingsafe_memcmp
configure:13336:  gcc -o conftest -isystem/home/dima/ROS_Projects/miniardrone_ws/devel/arsdk/out/arsdk-native/staging/usr/include -isystem/home/dima/ROS_Projects/miniardrone_ws/devel/arsdk/out/arsdk-native/staging/usr/include/x86_64-linux-gnu -std=gnu99 -pipe -g -O2 -fno-short-enums -ffunction-sections -m64 -fPIC -msse -msse2 -mssse3 -DALCHEMY_BUILD  -Wall -std=gnu99  -fno-strict-overflow -D_FORTIFY_SOURCE=2 -fstack-protector-strong -DHAVE_GNU_STACK  -Wno-pointer-sign -isystem/home/dima/ROS_Projects/miniardrone_ws/devel/arsdk/out/arsdk-native/staging/usr/include -isystem/home/dima/ROS_Projects/miniardrone_ws/devel/arsdk/out/arsdk-native/staging/usr/include/x86_64-linux-gnu -D_DEFAULT_SOURCE -D_BSD_SOURCE -D_POSIX_SOURCE -D_GNU_SOURCE  -m64 -L/home/dima/ROS_Projects/miniardrone_ws/devel/arsdk/out/arsdk-native/staging/lib -L/home/dima/ROS_Projects/miniardrone_ws/devel/arsdk/out/arsdk-native/staging/usr/lib -L/home/dima/ROS_Projects/miniardrone_ws/devel/arsdk/out/arsdk-native/staging/lib/x86_64-linux-gnu -L/home/dima/ROS_Projects/miniardrone_ws/devel/arsdk/out/arsdk-native/staging/usr/lib/x86_64-linux-gnu -L/home/dima/ROS_Projects/miniardrone_ws/devel/arsdk/out/arsdk-native/staging/usr/lib -Wl,-rpath-link=/home/dima/ROS_Projects/miniardrone_ws/devel/arsdk/out/arsdk-native/staging/lib -Wl,-rpath-link=/home/dima/ROS_Projects/miniardrone_ws/devel/arsdk/out/arsdk-native/staging/usr/lib -Wl,-rpath-link=/home/dima/ROS_Projects/miniardrone_ws/devel/arsdk/out/arsdk-native/staging/lib/x86_64-linux-gnu -Wl,-rpath-link=/home/dima/ROS_Projects/miniardrone_ws/devel/arsdk/out/arsdk-native/staging/usr/lib/x86_64-linux-gnu -Wl,-rpath-link=/home/dima/ROS_Projects/miniardrone_ws/devel/arsdk/out/arsdk-native/staging/usr/lib  -pthread -lrt   -Wl,-z,relro -Wl,-z,now  conftest.c  >&5
/tmp/ccjyLfeK.o: In function `main':
/home/dima/ROS_Projects/miniardrone_ws/devel/arsdk/out/arsdk-native/build/libressl/libressl-2.2.1/conftest.c:66: undefined reference to `timingsafe_memcmp'
collect2: error: ld returned 1 exit status
configure:13336: $? = 1
configure: failed program was:
| /* confdefs.h */
| #define PACKAGE_NAME "libressl"
| #define PACKAGE_TARNAME "libressl"
| #define PACKAGE_VERSION "2.2.1"
| #define PACKAGE_STRING "libressl 2.2.1"
| #define PACKAGE_BUGREPORT ""
| #define PACKAGE_URL ""
| #define PACKAGE "libressl"
| #define VERSION "2.2.1"
| #define STDC_HEADERS 1
| #define HAVE_SYS_TYPES_H 1
| #define HAVE_SYS_STAT_H 1
| #define HAVE_STDLIB_H 1
| #define HAVE_STRING_H 1
| #define HAVE_MEMORY_H 1
| #define HAVE_STRINGS_H 1
| #define HAVE_INTTYPES_H 1
| #define HAVE_STDINT_H 1
| #define HAVE_UNISTD_H 1
| #define HAVE_DLFCN_H 1
| #define LT_OBJDIR ".libs/"
| #define HAVE_SYMLINK 1
| #define HAVE_ASPRINTF 1
| #define HAVE_INET_PTON 1
| #define HAVE_MEMMEM 1
| #define HAVE_POLL 1
| #define HAVE_STRNDUP 1
| #define HAVE_STRNLEN 1
| #define HAVE_STRSEP 1
| #define HAVE_GETAUXVAL 1
| /* end confdefs.h.  */
| /* Define timingsafe_memcmp to an innocuous variant, in case <limits.h> declares timingsafe_memcmp.
|    For example, HP-UX 11i <limits.h> declares gettimeofday.  */
| #define timingsafe_memcmp innocuous_timingsafe_memcmp
| 
| /* System header to define __stub macros and hopefully few prototypes,
|     which can conflict with char timingsafe_memcmp (); below.
|     Prefer <limits.h> to <assert.h> if __STDC__ is defined, since
|     <limits.h> exists even on freestanding compilers.  */
| 
| #ifdef __STDC__
| # include <limits.h>
| #else
| # include <assert.h>
| #endif
| 
| #undef timingsafe_memcmp
| 
| /* Override any GCC internal prototype to avoid an error.
|    Use char because int might match the return type of a GCC
|    builtin and then its argument prototype would still apply.  */
| #ifdef __cplusplus
| extern "C"
| #endif
| char timingsafe_memcmp ();
| /* The GNU C library defines this for functions which it implements
|     to always fail with ENOSYS.  Some functions are actually named
|     something starting with __ and the normal name is an alias.  */
| #if defined __stub_timingsafe_memcmp || defined __stub___timingsafe_memcmp
| choke me
| #endif
| 
| int
| main ()
| {
| return timingsafe_memcmp ();
|   ;
|   return 0;
| }
configure:13336: result: no
configure:13387: checking for getauxval
configure:13387: result: yes
configure:13392: checking for clock_gettime
configure:13392:  gcc -o conftest -isystem/home/dima/ROS_Projects/miniardrone_ws/devel/arsdk/out/arsdk-native/staging/usr/include -isystem/home/dima/ROS_Projects/miniardrone_ws/devel/arsdk/out/arsdk-native/staging/usr/include/x86_64-linux-gnu -std=gnu99 -pipe -g -O2 -fno-short-enums -ffunction-sections -m64 -fPIC -msse -msse2 -mssse3 -DALCHEMY_BUILD  -Wall -std=gnu99  -fno-strict-overflow -D_FORTIFY_SOURCE=2 -fstack-protector-strong -DHAVE_GNU_STACK  -Wno-pointer-sign -isystem/home/dima/ROS_Projects/miniardrone_ws/devel/arsdk/out/arsdk-native/staging/usr/include -isystem/home/dima/ROS_Projects/miniardrone_ws/devel/arsdk/out/arsdk-native/staging/usr/include/x86_64-linux-gnu -D_DEFAULT_SOURCE -D_BSD_SOURCE -D_POSIX_SOURCE -D_GNU_SOURCE  -m64 -L/home/dima/ROS_Projects/miniardrone_ws/devel/arsdk/out/arsdk-native/staging/lib -L/home/dima/ROS_Projects/miniardrone_ws/devel/arsdk/out/arsdk-native/staging/usr/lib -L/home/dima/ROS_Projects/miniardrone_ws/devel/arsdk/out/arsdk-native/staging/lib/x86_64-linux-gnu -L/home/dima/ROS_Projects/miniardrone_ws/devel/arsdk/out/arsdk-native/staging/usr/lib/x86_64-linux-gnu -L/home/dima/ROS_Projects/miniardrone_ws/devel/arsdk/out/arsdk-native/staging/usr/lib -Wl,-rpath-link=/home/dima/ROS_Projects/miniardrone_ws/devel/arsdk/out/arsdk-native/staging/lib -Wl,-rpath-link=/home/dima/ROS_Projects/miniardrone_ws/devel/arsdk/out/arsdk-native/staging/usr/lib -Wl,-rpath-link=/home/dima/ROS_Projects/miniardrone_ws/devel/arsdk/out/arsdk-native/staging/lib/x86_64-linux-gnu -Wl,-rpath-link=/home/dima/ROS_Projects/miniardrone_ws/devel/arsdk/out/arsdk-native/staging/usr/lib/x86_64-linux-gnu -Wl,-rpath-link=/home/dima/ROS_Projects/miniardrone_ws/devel/arsdk/out/arsdk-native/staging/usr/lib  -pthread -lrt   -Wl,-z,relro -Wl,-z,now  conftest.c  >&5
configure:13392: $? = 0
configure:13392: result: yes
configure:13454: checking for dl_iterate_phdr
configure:13454:  gcc -o conftest -isystem/home/dima/ROS_Projects/miniardrone_ws/devel/arsdk/out/arsdk-native/staging/usr/include -isystem/home/dima/ROS_Projects/miniardrone_ws/devel/arsdk/out/arsdk-native/staging/usr/include/x86_64-linux-gnu -std=gnu99 -pipe -g -O2 -fno-short-enums -ffunction-sections -m64 -fPIC -msse -msse2 -mssse3 -DALCHEMY_BUILD  -Wall -std=gnu99  -fno-strict-overflow -D_FORTIFY_SOURCE=2 -fstack-protector-strong -DHAVE_GNU_STACK  -Wno-pointer-sign -isystem/home/dima/ROS_Projects/miniardrone_ws/devel/arsdk/out/arsdk-native/staging/usr/include -isystem/home/dima/ROS_Projects/miniardrone_ws/devel/arsdk/out/arsdk-native/staging/usr/include/x86_64-linux-gnu -D_DEFAULT_SOURCE -D_BSD_SOURCE -D_POSIX_SOURCE -D_GNU_SOURCE  -m64 -L/home/dima/ROS_Projects/miniardrone_ws/devel/arsdk/out/arsdk-native/staging/lib -L/home/dima/ROS_Projects/miniardrone_ws/devel/arsdk/out/arsdk-native/staging/usr/lib -L/home/dima/ROS_Projects/miniardrone_ws/devel/arsdk/out/arsdk-native/staging/lib/x86_64-linux-gnu -L/home/dima/ROS_Projects/miniardrone_ws/devel/arsdk/out/arsdk-native/staging/usr/lib/x86_64-linux-gnu -L/home/dima/ROS_Projects/miniardrone_ws/devel/arsdk/out/arsdk-native/staging/usr/lib -Wl,-rpath-link=/home/dima/ROS_Projects/miniardrone_ws/devel/arsdk/out/arsdk-native/staging/lib -Wl,-rpath-link=/home/dima/ROS_Projects/miniardrone_ws/devel/arsdk/out/arsdk-native/staging/usr/lib -Wl,-rpath-link=/home/dima/ROS_Projects/miniardrone_ws/devel/arsdk/out/arsdk-native/staging/lib/x86_64-linux-gnu -Wl,-rpath-link=/home/dima/ROS_Projects/miniardrone_ws/devel/arsdk/out/arsdk-native/staging/usr/lib/x86_64-linux-gnu -Wl,-rpath-link=/home/dima/ROS_Projects/miniardrone_ws/devel/arsdk/out/arsdk-native/staging/usr/lib  -pthread -lrt   -Wl,-z,relro -Wl,-z,now  conftest.c  >&5
configure:13454: $? = 0
configure:13454: result: yes
configure:13518: checking whether va_copy exists
configure:13538:  gcc -o conftest -isystem/home/dima/ROS_Projects/miniardrone_ws/devel/arsdk/out/arsdk-native/staging/usr/include -isystem/home/dima/ROS_Projects/miniardrone_ws/devel/arsdk/out/arsdk-native/staging/usr/include/x86_64-linux-gnu -std=gnu99 -pipe -g -O2 -fno-short-enums -ffunction-sections -m64 -fPIC -msse -msse2 -mssse3 -DALCHEMY_BUILD  -Wall -std=gnu99  -fno-strict-overflow -D_FORTIFY_SOURCE=2 -fstack-protector-strong -DHAVE_GNU_STACK  -Wno-pointer-sign -isystem/home/dima/ROS_Projects/miniardrone_ws/devel/arsdk/out/arsdk-native/staging/usr/include -isystem/home/dima/ROS_Projects/miniardrone_ws/devel/arsdk/out/arsdk-native/staging/usr/include/x86_64-linux-gnu -D_DEFAULT_SOURCE -D_BSD_SOURCE -D_POSIX_SOURCE -D_GNU_SOURCE  -m64 -L/home/dima/ROS_Projects/miniardrone_ws/devel/arsdk/out/arsdk-native/staging/lib -L/home/dima/ROS_Projects/miniardrone_ws/devel/arsdk/out/arsdk-native/staging/usr/lib -L/home/dima/ROS_Projects/miniardrone_ws/devel/arsdk/out/arsdk-native/staging/lib/x86_64-linux-gnu -L/home/dima/ROS_Projects/miniardrone_ws/devel/arsdk/out/arsdk-native/staging/usr/lib/x86_64-linux-gnu -L/home/dima/ROS_Projects/miniardrone_ws/devel/arsdk/out/arsdk-native/staging/usr/lib -Wl,-rpath-link=/home/dima/ROS_Projects/miniardrone_ws/devel/arsdk/out/arsdk-native/staging/lib -Wl,-rpath-link=/home/dima/ROS_Projects/miniardrone_ws/devel/arsdk/out/arsdk-native/staging/usr/lib -Wl,-rpath-link=/home/dima/ROS_Projects/miniardrone_ws/devel/arsdk/out/arsdk-native/staging/lib/x86_64-linux-gnu -Wl,-rpath-link=/home/dima/ROS_Projects/miniardrone_ws/devel/arsdk/out/arsdk-native/staging/usr/lib/x86_64-linux-gnu -Wl,-rpath-link=/home/dima/ROS_Projects/miniardrone_ws/devel/arsdk/out/arsdk-native/staging/usr/lib  -pthread -lrt   -Wl,-z,relro -Wl,-z,now  conftest.c  >&5
configure:13538: $? = 0
configure:13548: result: yes
configure:13556: checking whether __va_copy exists
configure:13576:  gcc -o conftest -isystem/home/dima/ROS_Projects/miniardrone_ws/devel/arsdk/out/arsdk-native/staging/usr/include -isystem/home/dima/ROS_Projects/miniardrone_ws/devel/arsdk/out/arsdk-native/staging/usr/include/x86_64-linux-gnu -std=gnu99 -pipe -g -O2 -fno-short-enums -ffunction-sections -m64 -fPIC -msse -msse2 -mssse3 -DALCHEMY_BUILD  -Wall -std=gnu99  -fno-strict-overflow -D_FORTIFY_SOURCE=2 -fstack-protector-strong -DHAVE_GNU_STACK  -Wno-pointer-sign -isystem/home/dima/ROS_Projects/miniardrone_ws/devel/arsdk/out/arsdk-native/staging/usr/include -isystem/home/dima/ROS_Projects/miniardrone_ws/devel/arsdk/out/arsdk-native/staging/usr/include/x86_64-linux-gnu -D_DEFAULT_SOURCE -D_BSD_SOURCE -D_POSIX_SOURCE -D_GNU_SOURCE  -m64 -L/home/dima/ROS_Projects/miniardrone_ws/devel/arsdk/out/arsdk-native/staging/lib -L/home/dima/ROS_Projects/miniardrone_ws/devel/arsdk/out/arsdk-native/staging/usr/lib -L/home/dima/ROS_Projects/miniardrone_ws/devel/arsdk/out/arsdk-native/staging/lib/x86_64-linux-gnu -L/home/dima/ROS_Projects/miniardrone_ws/devel/arsdk/out/arsdk-native/staging/usr/lib/x86_64-linux-gnu -L/home/dima/ROS_Projects/miniardrone_ws/devel/arsdk/out/arsdk-native/staging/usr/lib -Wl,-rpath-link=/home/dima/ROS_Projects/miniardrone_ws/devel/arsdk/out/arsdk-native/staging/lib -Wl,-rpath-link=/home/dima/ROS_Projects/miniardrone_ws/devel/arsdk/out/arsdk-native/staging/usr/lib -Wl,-rpath-link=/home/dima/ROS_Projects/miniardrone_ws/devel/arsdk/out/arsdk-native/staging/lib/x86_64-linux-gnu -Wl,-rpath-link=/home/dima/ROS_Projects/miniardrone_ws/devel/arsdk/out/arsdk-native/staging/usr/lib/x86_64-linux-gnu -Wl,-rpath-link=/home/dima/ROS_Projects/miniardrone_ws/devel/arsdk/out/arsdk-native/staging/usr/lib  -pthread -lrt   -Wl,-z,relro -Wl,-z,now  conftest.c  >&5
configure:13576: $? = 0
configure:13586: result: yes
configure:13597: checking err.h usability
configure:13597:  gcc -c -isystem/home/dima/ROS_Projects/miniardrone_ws/devel/arsdk/out/arsdk-native/staging/usr/include -isystem/home/dima/ROS_Projects/miniardrone_ws/devel/arsdk/out/arsdk-native/staging/usr/include/x86_64-linux-gnu -std=gnu99 -pipe -g -O2 -fno-short-enums -ffunction-sections -m64 -fPIC -msse -msse2 -mssse3 -DALCHEMY_BUILD  -Wall -std=gnu99  -fno-strict-overflow -D_FORTIFY_SOURCE=2 -fstack-protector-strong -DHAVE_GNU_STACK  -Wno-pointer-sign -isystem/home/dima/ROS_Projects/miniardrone_ws/devel/arsdk/out/arsdk-native/staging/usr/include -isystem/home/dima/ROS_Projects/miniardrone_ws/devel/arsdk/out/arsdk-native/staging/usr/include/x86_64-linux-gnu -D_DEFAULT_SOURCE -D_BSD_SOURCE -D_POSIX_SOURCE -D_GNU_SOURCE conftest.c >&5
configure:13597: $? = 0
configure:13597: result: yes
configure:13597: checking err.h presence
configure:13597: cpp -isystem/home/dima/ROS_Projects/miniardrone_ws/devel/arsdk/out/arsdk-native/staging/usr/include -isystem/home/dima/ROS_Projects/miniardrone_ws/devel/arsdk/out/arsdk-native/staging/usr/include/x86_64-linux-gnu -D_DEFAULT_SOURCE -D_BSD_SOURCE -D_POSIX_SOURCE -D_GNU_SOURCE conftest.c
configure:13597: $? = 0
configure:13597: result: yes
configure:13597: checking for err.h
configure:13597: result: yes
configure:13647: checking if BSWAP4 builds without __STRICT_ALIGNMENT
configure:13660:  gcc -c -isystem/home/dima/ROS_Projects/miniardrone_ws/devel/arsdk/out/arsdk-native/staging/usr/include -isystem/home/dima/ROS_Projects/miniardrone_ws/devel/arsdk/out/arsdk-native/staging/usr/include/x86_64-linux-gnu -std=gnu99 -pipe -g -O2 -fno-short-enums -ffunction-sections -m64 -fPIC -msse -msse2 -mssse3 -DALCHEMY_BUILD  -Wall -std=gnu99  -fno-strict-overflow -D_FORTIFY_SOURCE=2 -fstack-protector-strong -DHAVE_GNU_STACK  -Wno-pointer-sign -I./include -isystem/home/dima/ROS_Projects/miniardrone_ws/devel/arsdk/out/arsdk-native/staging/usr/include -isystem/home/dima/ROS_Projects/miniardrone_ws/devel/arsdk/out/arsdk-native/staging/usr/include/x86_64-linux-gnu -D_DEFAULT_SOURCE -D_BSD_SOURCE -D_POSIX_SOURCE -D_GNU_SOURCE conftest.c >&5
configure:13660: $? = 0
configure:13661: result: yes
configure:13865: checking that generated files are newer than configure
configure:13871: result: done
configure:14018: creating ./config.status

## ---------------------- ##
## Running config.status. ##
## ---------------------- ##

This file was extended by libressl config.status 2.2.1, which was
generated by GNU Autoconf 2.69.  Invocation command line was

  CONFIG_FILES    = 
  CONFIG_HEADERS  = 
  CONFIG_LINKS    = 
  CONFIG_COMMANDS = 
  $ ./config.status --quiet

on dima-TravelMate-5760ZG

config.status:1101: creating Makefile
config.status:1101: creating include/Makefile
config.status:1101: creating include/openssl/Makefile
config.status:1101: creating crypto/Makefile
config.status:1101: creating ssl/Makefile
config.status:1101: creating tls/Makefile
config.status:1101: creating tests/Makefile
config.status:1101: creating apps/Makefile
config.status:1101: creating man/Makefile
config.status:1101: creating libcrypto.pc
config.status:1101: creating libssl.pc
config.status:1101: creating libtls.pc
config.status:1101: creating openssl.pc
config.status:1273: executing depfiles commands
config.status:1273: executing libtool commands

## ---------------- ##
## Cache variables. ##
## ---------------- ##

ac_cv_build=x86_64-pc-linux-gnu
ac_cv_c_compiler_gnu=yes
ac_cv_env_CCASFLAGS_set=
ac_cv_env_CCASFLAGS_value=
ac_cv_env_CCAS_set=
ac_cv_env_CCAS_value=
ac_cv_env_CC_set=set
ac_cv_env_CC_value=' gcc'
ac_cv_env_CFLAGS_set=set
ac_cv_env_CFLAGS_value='-isystem/home/dima/ROS_Projects/miniardrone_ws/devel/arsdk/out/arsdk-native/staging/usr/include -isystem/home/dima/ROS_Projects/miniardrone_ws/devel/arsdk/out/arsdk-native/staging/usr/include/x86_64-linux-gnu -std=gnu99 -pipe -g -O2 -fno-short-enums -ffunction-sections -m64 -fPIC -msse -msse2 -mssse3 -DALCHEMY_BUILD '
ac_cv_env_CPPFLAGS_set=set
ac_cv_env_CPPFLAGS_value='-isystem/home/dima/ROS_Projects/miniardrone_ws/devel/arsdk/out/arsdk-native/staging/usr/include -isystem/home/dima/ROS_Projects/miniardrone_ws/devel/arsdk/out/arsdk-native/staging/usr/include/x86_64-linux-gnu'
ac_cv_env_CPP_set=set
ac_cv_env_CPP_value=cpp
ac_cv_env_LDFLAGS_set=set
ac_cv_env_LDFLAGS_value=' -m64 -L/home/dima/ROS_Projects/miniardrone_ws/devel/arsdk/out/arsdk-native/staging/lib -L/home/dima/ROS_Projects/miniardrone_ws/devel/arsdk/out/arsdk-native/staging/usr/lib -L/home/dima/ROS_Projects/miniardrone_ws/devel/arsdk/out/arsdk-native/staging/lib/x86_64-linux-gnu -L/home/dima/ROS_Projects/miniardrone_ws/devel/arsdk/out/arsdk-native/staging/usr/lib/x86_64-linux-gnu -L/home/dima/ROS_Projects/miniardrone_ws/devel/arsdk/out/arsdk-native/staging/usr/lib -Wl,-rpath-link=/home/dima/ROS_Projects/miniardrone_ws/devel/arsdk/out/arsdk-native/staging/lib -Wl,-rpath-link=/home/dima/ROS_Projects/miniardrone_ws/devel/arsdk/out/arsdk-native/staging/usr/lib -Wl,-rpath-link=/home/dima/ROS_Projects/miniardrone_ws/devel/arsdk/out/arsdk-native/staging/lib/x86_64-linux-gnu -Wl,-rpath-link=/home/dima/ROS_Projects/miniardrone_ws/devel/arsdk/out/arsdk-native/staging/usr/lib/x86_64-linux-gnu -Wl,-rpath-link=/home/dima/ROS_Projects/miniardrone_ws/devel/arsdk/out/arsdk-native/staging/usr/lib  -pthread -lrt '
ac_cv_env_LIBS_set=
ac_cv_env_LIBS_value=
ac_cv_env_LT_SYS_LIBRARY_PATH_set=
ac_cv_env_LT_SYS_LIBRARY_PATH_value=
ac_cv_env_build_alias_set=
ac_cv_env_build_alias_value=
ac_cv_env_host_alias_set=
ac_cv_env_host_alias_value=
ac_cv_env_target_alias_set=
ac_cv_env_target_alias_value=
ac_cv_func_arc4random_buf=no
ac_cv_func_asprintf=yes
ac_cv_func_clock_gettime=yes
ac_cv_func_dl_iterate_phdr=yes
ac_cv_func_explicit_bzero=no
ac_cv_func_funopen=no
ac_cv_func_getauxval=yes
ac_cv_func_getentropy=no
ac_cv_func_inet_pton=yes
ac_cv_func_malloc_0_nonnull=yes
ac_cv_func_memmem=yes
ac_cv_func_poll=yes
ac_cv_func_realloc_0_nonnull=yes
ac_cv_func_reallocarray=no
ac_cv_func_strlcat=no
ac_cv_func_strlcpy=no
ac_cv_func_strndup=yes
ac_cv_func_strnlen=yes
ac_cv_func_strsep=yes
ac_cv_func_strtonum=no
ac_cv_func_symlink=yes
ac_cv_func_timingsafe_bcmp=no
ac_cv_func_timingsafe_memcmp=no
ac_cv_have___va_copy=yes
ac_cv_have_va_copy=yes
ac_cv_header_dlfcn_h=yes
ac_cv_header_err_h=yes
ac_cv_header_inttypes_h=yes
ac_cv_header_memory_h=yes
ac_cv_header_stdc=yes
ac_cv_header_stdint_h=yes
ac_cv_header_stdlib_h=yes
ac_cv_header_string_h=yes
ac_cv_header_strings_h=yes
ac_cv_header_sys_stat_h=yes
ac_cv_header_sys_types_h=yes
ac_cv_header_unistd_h=yes
ac_cv_host=x86_64-pc-linux-gnu
ac_cv_objext=o
ac_cv_path_EGREP='/bin/grep -E'
ac_cv_path_FGREP='/bin/grep -F'
ac_cv_path_GREP=/bin/grep
ac_cv_path_SED=/bin/sed
ac_cv_path_lt_DD=/bin/dd
ac_cv_path_mkdir=/bin/mkdir
ac_cv_prog_AWK=mawk
ac_cv_prog_CPP=cpp
ac_cv_prog_YACC=
ac_cv_prog_ac_ct_CC=' gcc'
ac_cv_prog_ac_ct_MANIFEST_TOOL=:
ac_cv_prog_ac_ct_OBJDUMP=objdump
ac_cv_prog_ac_ct_RANLIB=ranlib
ac_cv_prog_ac_ct_STRIP=strip
ac_cv_prog_cc_c89=
ac_cv_prog_cc_c99=
ac_cv_prog_cc_g=yes
ac_cv_prog_cc_stdc=
ac_cv_prog_make_make_set=yes
am_cv_CCAS_dependencies_compiler_type=gcc3
am_cv_CC_dependencies_compiler_type=gcc3
am_cv_make_support_nested_variables=yes
am_cv_prog_cc_c_o=yes
lt_cv_ar_at_file=@
lt_cv_deplibs_check_method=pass_all
lt_cv_file_magic_cmd='$MAGIC_CMD'
lt_cv_file_magic_test_file=
lt_cv_ld_reload_flag=-r
lt_cv_nm_interface='BSD nm'
lt_cv_objdir=.libs
lt_cv_path_LD=ld
lt_cv_path_NM=nm
lt_cv_path_mainfest_tool=no
lt_cv_prog_compiler_c_o=yes
lt_cv_prog_compiler_pic='-fPIC -DPIC'
lt_cv_prog_compiler_pic_works=yes
lt_cv_prog_compiler_rtti_exceptions=no
lt_cv_prog_compiler_static_works=yes
lt_cv_prog_gnu_ld=yes
lt_cv_sharedlib_from_linklib_cmd='printf %s\n'
lt_cv_shlibpath_overrides_runpath=no
lt_cv_sys_global_symbol_pipe='sed -n -e '\''s/^.*[	 ]\([ABCDGIRSTW][ABCDGIRSTW]*\)[	 ][	 ]*\([_A-Za-z][_A-Za-z0-9]*\)$/\1 \2 \2/p'\'' | sed '\''/ __gnu_lto/d'\'''
lt_cv_sys_global_symbol_to_c_name_address='sed -n -e '\''s/^: \(.*\) .*$/  {"\1", (void *) 0},/p'\'' -e '\''s/^[ABCDGIRSTW][ABCDGIRSTW]* .* \(.*\)$/  {"\1", (void *) \&\1},/p'\'''
lt_cv_sys_global_symbol_to_c_name_address_lib_prefix='sed -n -e '\''s/^: \(.*\) .*$/  {"\1", (void *) 0},/p'\'' -e '\''s/^[ABCDGIRSTW][ABCDGIRSTW]* .* \(lib.*\)$/  {"\1", (void *) \&\1},/p'\'' -e '\''s/^[ABCDGIRSTW][ABCDGIRSTW]* .* \(.*\)$/  {"lib\1", (void *) \&\1},/p'\'''
lt_cv_sys_global_symbol_to_cdecl='sed -n -e '\''s/^T .* \(.*\)$/extern int \1();/p'\'' -e '\''s/^[ABCDGIRSTW][ABCDGIRSTW]* .* \(.*\)$/extern char \1;/p'\'''
lt_cv_sys_global_symbol_to_import=
lt_cv_sys_max_cmd_len=1572864
lt_cv_to_host_file_cmd=func_convert_file_noop
lt_cv_to_tool_file_cmd=func_convert_file_noop
lt_cv_truncate_bin='/bin/dd bs=4096 count=1'

## ----------------- ##
## Output variables. ##
## ----------------- ##

ACLOCAL='${SHELL} /home/dima/ROS_Projects/miniardrone_ws/devel/arsdk/out/arsdk-native/build/libressl/libressl-2.2.1/missing aclocal-1.15'
AMDEPBACKSLASH='\'
AMDEP_FALSE='#'
AMDEP_TRUE=''
AMTAR='$${TAR-tar}'
AM_BACKSLASH='\'
AM_DEFAULT_V='$(AM_DEFAULT_VERBOSITY)'
AM_DEFAULT_VERBOSITY='0'
AM_V='$(V)'
AR='ar'
AUTOCONF='${SHELL} /home/dima/ROS_Projects/miniardrone_ws/devel/arsdk/out/arsdk-native/build/libressl/libressl-2.2.1/missing autoconf'
AUTOHEADER='${SHELL} /home/dima/ROS_Projects/miniardrone_ws/devel/arsdk/out/arsdk-native/build/libressl/libressl-2.2.1/missing autoheader'
AUTOMAKE='${SHELL} /home/dima/ROS_Projects/miniardrone_ws/devel/arsdk/out/arsdk-native/build/libressl/libressl-2.2.1/missing automake-1.15'
AWK='mawk'
BUILD_CERTHASH_FALSE='#'
BUILD_CERTHASH_TRUE=''
CC=' gcc'
CCAS=' gcc'
CCASDEPMODE='depmode=gcc3'
CCASFLAGS='-isystem/home/dima/ROS_Projects/miniardrone_ws/devel/arsdk/out/arsdk-native/staging/usr/include -isystem/home/dima/ROS_Projects/miniardrone_ws/devel/arsdk/out/arsdk-native/staging/usr/include/x86_64-linux-gnu -std=gnu99 -pipe -g -O2 -fno-short-enums -ffunction-sections -m64 -fPIC -msse -msse2 -mssse3 -DALCHEMY_BUILD  -Wall -std=gnu99  -fno-strict-overflow -D_FORTIFY_SOURCE=2 -fstack-protector-strong -DHAVE_GNU_STACK'
CCDEPMODE='depmode=gcc3'
CFLAGS='-isystem/home/dima/ROS_Projects/miniardrone_ws/devel/arsdk/out/arsdk-native/staging/usr/include -isystem/home/dima/ROS_Projects/miniardrone_ws/devel/arsdk/out/arsdk-native/staging/usr/include/x86_64-linux-gnu -std=gnu99 -pipe -g -O2 -fno-short-enums -ffunction-sections -m64 -fPIC -msse -msse2 -mssse3 -DALCHEMY_BUILD  -Wall -std=gnu99  -fno-strict-overflow -D_FORTIFY_SOURCE=2 -fstack-protector-strong -DHAVE_GNU_STACK  -Wno-pointer-sign'
CPP='cpp'
CPPFLAGS='-isystem/home/dima/ROS_Projects/miniardrone_ws/devel/arsdk/out/arsdk-native/staging/usr/include -isystem/home/dima/ROS_Projects/miniardrone_ws/devel/arsdk/out/arsdk-native/staging/usr/include/x86_64-linux-gnu -D_DEFAULT_SOURCE -D_BSD_SOURCE -D_POSIX_SOURCE -D_GNU_SOURCE'
CYGPATH_W='echo'
DEFS='-DPACKAGE_NAME=\"libressl\" -DPACKAGE_TARNAME=\"libressl\" -DPACKAGE_VERSION=\"2.2.1\" -DPACKAGE_STRING=\"libressl\ 2.2.1\" -DPACKAGE_BUGREPORT=\"\" -DPACKAGE_URL=\"\" -DPACKAGE=\"libressl\" -DVERSION=\"2.2.1\" -DSTDC_HEADERS=1 -DHAVE_SYS_TYPES_H=1 -DHAVE_SYS_STAT_H=1 -DHAVE_STDLIB_H=1 -DHAVE_STRING_H=1 -DHAVE_MEMORY_H=1 -DHAVE_STRINGS_H=1 -DHAVE_INTTYPES_H=1 -DHAVE_STDINT_H=1 -DHAVE_UNISTD_H=1 -DHAVE_DLFCN_H=1 -DLT_OBJDIR=\".libs/\" -DHAVE_SYMLINK=1 -DHAVE_ASPRINTF=1 -DHAVE_INET_PTON=1 -DHAVE_MEMMEM=1 -DHAVE_POLL=1 -DHAVE_STRNDUP=1 -DHAVE_STRNLEN=1 -DHAVE_STRSEP=1 -DHAVE_GETAUXVAL=1 -DHAVE_VA_COPY=1 -DHAVE___VA_COPY=1 -DHAVE_ERR_H=1'
DEPDIR='.deps'
DLLTOOL='false'
DSYMUTIL=''
DUMPBIN=''
ECHO_C=''
ECHO_N='-n'
ECHO_T=''
EGREP='/bin/grep -E'
ENABLE_EXTRATESTS_FALSE=''
ENABLE_EXTRATESTS_TRUE='#'
EXEEXT=''
FGREP='/bin/grep -F'
GREP='/bin/grep'
HAVE_ARC4RANDOM_BUF_FALSE=''
HAVE_ARC4RANDOM_BUF_TRUE='#'
HAVE_ASPRINTF_FALSE='#'
HAVE_ASPRINTF_TRUE=''
HAVE_EXPLICIT_BZERO_FALSE=''
HAVE_EXPLICIT_BZERO_TRUE='#'
HAVE_GETENTROPY_FALSE=''
HAVE_GETENTROPY_TRUE='#'
HAVE_INET_PTON_FALSE='#'
HAVE_INET_PTON_TRUE=''
HAVE_MEMMEM_FALSE='#'
HAVE_MEMMEM_TRUE=''
HAVE_POLL_FALSE='#'
HAVE_POLL_TRUE=''
HAVE_REALLOCARRAY_FALSE=''
HAVE_REALLOCARRAY_TRUE='#'
HAVE_STRLCAT_FALSE=''
HAVE_STRLCAT_TRUE='#'
HAVE_STRLCPY_FALSE=''
HAVE_STRLCPY_TRUE='#'
HAVE_STRNDUP_FALSE='#'
HAVE_STRNDUP_TRUE=''
HAVE_STRNLEN_FALSE='#'
HAVE_STRNLEN_TRUE=''
HAVE_STRSEP_FALSE='#'
HAVE_STRSEP_TRUE=''
HAVE_STRTONUM_FALSE=''
HAVE_STRTONUM_TRUE='#'
HAVE_TIMINGSAFE_BCMP_FALSE=''
HAVE_TIMINGSAFE_BCMP_TRUE='#'
HAVE_TIMINGSAFE_MEMCMP_FALSE=''
HAVE_TIMINGSAFE_MEMCMP_TRUE='#'
HOST_AIX_FALSE=''
HOST_AIX_TRUE='#'
HOST_ASM_ELF_X86_64_FALSE='#'
HOST_ASM_ELF_X86_64_TRUE=''
HOST_ASM_MACOSX_X86_64_FALSE=''
HOST_ASM_MACOSX_X86_64_TRUE='#'
HOST_CYGWIN_FALSE=''
HOST_CYGWIN_TRUE='#'
HOST_DARWIN_FALSE=''
HOST_DARWIN_TRUE='#'
HOST_FREEBSD_FALSE=''
HOST_FREEBSD_TRUE='#'
HOST_HPUX_FALSE=''
HOST_HPUX_TRUE='#'
HOST_LINUX_FALSE='#'
HOST_LINUX_TRUE=''
HOST_NETBSD_FALSE=''
HOST_NETBSD_TRUE='#'
HOST_SOLARIS_FALSE=''
HOST_SOLARIS_TRUE='#'
HOST_WIN_FALSE=''
HOST_WIN_TRUE='#'
INSTALL_DATA='${INSTALL} -m 644'
INSTALL_PROGRAM='${INSTALL}'
INSTALL_SCRIPT='${INSTALL}'
INSTALL_STRIP_PROGRAM='$(install_sh) -c -s'
LD='ld -m elf_x86_64'
LDFLAGS=' -m64 -L/home/dima/ROS_Projects/miniardrone_ws/devel/arsdk/out/arsdk-native/staging/lib -L/home/dima/ROS_Projects/miniardrone_ws/devel/arsdk/out/arsdk-native/staging/usr/lib -L/home/dima/ROS_Projects/miniardrone_ws/devel/arsdk/out/arsdk-native/staging/lib/x86_64-linux-gnu -L/home/dima/ROS_Projects/miniardrone_ws/devel/arsdk/out/arsdk-native/staging/usr/lib/x86_64-linux-gnu -L/home/dima/ROS_Projects/miniardrone_ws/devel/arsdk/out/arsdk-native/staging/usr/lib -Wl,-rpath-link=/home/dima/ROS_Projects/miniardrone_ws/devel/arsdk/out/arsdk-native/staging/lib -Wl,-rpath-link=/home/dima/ROS_Projects/miniardrone_ws/devel/arsdk/out/arsdk-native/staging/usr/lib -Wl,-rpath-link=/home/dima/ROS_Projects/miniardrone_ws/devel/arsdk/out/arsdk-native/staging/lib/x86_64-linux-gnu -Wl,-rpath-link=/home/dima/ROS_Projects/miniardrone_ws/devel/arsdk/out/arsdk-native/staging/usr/lib/x86_64-linux-gnu -Wl,-rpath-link=/home/dima/ROS_Projects/miniardrone_ws/devel/arsdk/out/arsdk-native/staging/usr/lib  -pthread -lrt   -Wl,-z,relro -Wl,-z,now '
LIBCRYPTO_VERSION='34:0:0'
LIBOBJS=''
LIBS=''
LIBSSL_VERSION='33:0:0'
LIBTLS_VERSION='4:0:0'
LIBTOOL='$(SHELL) $(top_builddir)/libtool'
LIPO=''
LN_S='ln -s'
LTLIBOBJS=''
LT_SYS_LIBRARY_PATH=''
MAKEINFO='${SHELL} /home/dima/ROS_Projects/miniardrone_ws/devel/arsdk/out/arsdk-native/build/libressl/libressl-2.2.1/missing makeinfo'
MANIFEST_TOOL=':'
MKDIR_P='/bin/mkdir -p'
NM='nm'
NMEDIT=''
OBJDUMP='objdump'
OBJEXT='o'
OPENSSL_NO_ASM_FALSE=''
OPENSSL_NO_ASM_TRUE='#'
OTOOL64=''
OTOOL=''
PACKAGE='libressl'
PACKAGE_BUGREPORT=''
PACKAGE_NAME='libressl'
PACKAGE_STRING='libressl 2.2.1'
PACKAGE_TARNAME='libressl'
PACKAGE_URL=''
PACKAGE_VERSION='2.2.1'
PATH_SEPARATOR=':'
PLATFORM_LDADD=''
PROG_LDADD=''
RANLIB='ranlib'
SED='/bin/sed'
SET_MAKE=''
SHELL='/bin/bash'
STRIP='strip'
VERSION='2.2.1'
ac_ct_AR=''
ac_ct_CC=' gcc'
ac_ct_DUMPBIN=''
am__EXEEXT_FALSE=''
am__EXEEXT_TRUE='#'
am__fastdepCCAS_FALSE='#'
am__fastdepCCAS_TRUE=''
am__fastdepCC_FALSE='#'
am__fastdepCC_TRUE=''
am__include='include'
am__isrc=''
am__leading_dot='.'
am__nodep='_no'
am__quote=''
am__tar='$${TAR-tar} chof - "$$tardir"'
am__untar='$${TAR-tar} xf -'
bindir='${exec_prefix}/bin'
build='x86_64-pc-linux-gnu'
build_alias=''
build_cpu='x86_64'
build_os='linux-gnu'
build_vendor='pc'
datadir='${datarootdir}'
datarootdir='${prefix}/share'
docdir='${datarootdir}/doc/${PACKAGE_TARNAME}'
dvidir='${docdir}'
exec_prefix='${prefix}'
host='x86_64-pc-linux-gnu'
host_alias=''
host_cpu='x86_64'
host_os='linux-gnu'
host_vendor='pc'
htmldir='${docdir}'
includedir='${prefix}/include'
infodir='${datarootdir}/info'
install_sh='${SHELL} /home/dima/ROS_Projects/miniardrone_ws/devel/arsdk/out/arsdk-native/build/libressl/libressl-2.2.1/install-sh'
libdir='${exec_prefix}/lib'
libexecdir='${exec_prefix}/libexec'
localedir='${datarootdir}/locale'
localstatedir='${prefix}/var'
mandir='${datarootdir}/man'
mkdir_p='$(MKDIR_P)'
oldincludedir='/usr/include'
pdfdir='${docdir}'
prefix='/home/dima/ROS_Projects/miniardrone_ws/devel/arsdk/out/arsdk-native/staging/usr'
program_transform_name='s,x,x,'
psdir='${docdir}'
runstatedir='${localstatedir}/run'
sbindir='${exec_prefix}/sbin'
sharedstatedir='${prefix}/com'
sysconfdir='/home/dima/ROS_Projects/miniardrone_ws/devel/arsdk/out/arsdk-native/staging/etc'
target_alias=''

## ----------- ##
## confdefs.h. ##
## ----------- ##

/* confdefs.h */
#define PACKAGE_NAME "libressl"
#define PACKAGE_TARNAME "libressl"
#define PACKAGE_VERSION "2.2.1"
#define PACKAGE_STRING "libressl 2.2.1"
#define PACKAGE_BUGREPORT ""
#define PACKAGE_URL ""
#define PACKAGE "libressl"
#define VERSION "2.2.1"
#define STDC_HEADERS 1
#define HAVE_SYS_TYPES_H 1
#define HAVE_SYS_STAT_H 1
#define HAVE_STDLIB_H 1
#define HAVE_STRING_H 1
#define HAVE_MEMORY_H 1
#define HAVE_STRINGS_H 1
#define HAVE_INTTYPES_H 1
#define HAVE_STDINT_H 1
#define HAVE_UNISTD_H 1
#define HAVE_DLFCN_H 1
#define LT_OBJDIR ".libs/"
#define HAVE_SYMLINK 1
#define HAVE_ASPRINTF 1
#define HAVE_INET_PTON 1
#define HAVE_MEMMEM 1
#define HAVE_POLL 1
#define HAVE_STRNDUP 1
#define HAVE_STRNLEN 1
#define HAVE_STRSEP 1
#define HAVE_GETAUXVAL 1
#define HAVE_VA_COPY 1
#define HAVE___VA_COPY 1
#define HAVE_ERR_H 1

configure: exit 0
